Log file open, 03/17/19 13:41:27
LogWindows: Failed to load 'aqProf.dll' (GetLastError=126)
LogWindows: File 'aqProf.dll' does not exist
LogWindows: Failed to load 'VtuneApi.dll' (GetLastError=126)
LogWindows: File 'VtuneApi.dll' does not exist
LogWindows: Failed to load 'VtuneApi32e.dll' (GetLastError=126)
LogWindows: File 'VtuneApi32e.dll' does not exist
LogConsoleResponse: Display: Failed to find resolution value strings in scalability ini. Falling back to default.
LogInit: Display: Running engine for game: ScaryMaze
LogPakFile: Registered encryption key '00000000000000000000000000000000': 0 pak files mounted, 0 remain pending
LogPlatformFile: Not using cached read wrapper
LogTaskGraph: Started task graph with 5 named threads and 11 total threads with 3 sets of task threads.
LogStats: Stats thread started at 2.666218
LogD3D11RHI: Loaded GFSDK_Aftermath_Lib.x64.dll
LogICUInternationalization: ICU TimeZone Detection - Raw Offset: -5:00, Platform Override: ''
LogPluginManager: Mounting plugin Paper2D
LogPluginManager: Mounting plugin AISupport
LogPluginManager: Mounting plugin LightPropagationVolume
LogPluginManager: Mounting plugin ActorLayerUtilities
LogPluginManager: Mounting plugin CLionSourceCodeAccess
LogPluginManager: Mounting plugin CodeLiteSourceCodeAccess
LogPluginManager: Mounting plugin GitSourceControl
LogPluginManager: Mounting plugin KDevelopSourceCodeAccess
LogPluginManager: Mounting plugin NullSourceCodeAccess
LogPluginManager: Mounting plugin PerforceSourceControl
LogPluginManager: Mounting plugin SubversionSourceControl
LogPluginManager: Mounting plugin UObjectPlugin
LogPluginManager: Mounting plugin VisualStudioCodeSourceCodeAccess
LogPluginManager: Mounting plugin VisualStudioSourceCodeAccess
LogPluginManager: Mounting plugin XCodeSourceCodeAccess
LogPluginManager: Mounting plugin AssetManagerEditor
LogPluginManager: Mounting plugin CryptoKeys
LogPluginManager: Mounting plugin DataValidation
LogPluginManager: Mounting plugin FacialAnimation
LogPluginManager: Mounting plugin GameplayTagsEditor
LogPluginManager: Mounting plugin MacGraphicsSwitching
LogPluginManager: Mounting plugin MeshEditor
LogPluginManager: Mounting plugin MobileLauncherProfileWizard
LogPluginManager: Mounting plugin PluginBrowser
LogPluginManager: Mounting plugin SpeedTreeImporter
LogPluginManager: Mounting plugin DatasmithContent
LogPluginManager: Mounting plugin VariantManagerContent
LogPluginManager: Mounting plugin AlembicImporter
LogPluginManager: Mounting plugin AppleImageUtils
LogPluginManager: Mounting plugin AppleVision
LogPluginManager: Mounting plugin BackChannel
LogPluginManager: Mounting plugin CharacterAI
LogPluginManager: Mounting plugin GeometryCache
LogPluginManager: Mounting plugin HTML5Networking
LogPluginManager: Mounting plugin ProxyLODPlugin
LogPluginManager: Mounting plugin MagicLeap
LogPluginManager: Mounting plugin MagicLeapMedia
LogPluginManager: Mounting plugin AndroidMedia
LogPluginManager: Mounting plugin AvfMedia
LogPluginManager: Mounting plugin ImgMedia
LogPluginManager: Mounting plugin LinearTimecode
LogPluginManager: Mounting plugin MediaCompositing
LogPluginManager: Mounting plugin MediaPlayerEditor
LogPluginManager: Mounting plugin WebMMedia
LogPluginManager: Mounting plugin WmfMedia
LogPluginManager: Mounting plugin TcpMessaging
LogPluginManager: Mounting plugin UdpMessaging
LogPluginManager: Mounting plugin ActorSequence
LogPluginManager: Mounting plugin LevelSequenceEditor
LogPluginManager: Mounting plugin MatineeToLevelSequence
LogPluginManager: Mounting plugin NetcodeUnitTest
LogPluginManager: Mounting plugin NUTUnrealEngine4
LogPluginManager: Mounting plugin OnlineSubsystemGooglePlay
LogPluginManager: Mounting plugin OnlineSubsystemIOS
LogPluginManager: Mounting plugin OnlineSubsystem
LogPluginManager: Mounting plugin OnlineSubsystemNull
LogPluginManager: Mounting plugin OnlineSubsystemUtils
LogPluginManager: Mounting plugin LauncherChunkInstaller
LogPluginManager: Mounting plugin AndroidDeviceProfileSelector
LogPluginManager: Mounting plugin AndroidMoviePlayer
LogPluginManager: Mounting plugin AndroidPermission
LogPluginManager: Mounting plugin AppleMoviePlayer
LogPluginManager: Mounting plugin ArchVisCharacter
LogPluginManager: Mounting plugin AudioCapture
LogPluginManager: Mounting plugin CableComponent
LogPluginManager: Mounting plugin CustomMeshComponent
LogPluginManager: Mounting plugin EditableMesh
LogPluginManager: Mounting plugin ExampleDeviceProfileSelector
LogPluginManager: Mounting plugin Firebase
LogPluginManager: Mounting plugin GoogleCloudMessaging
LogPluginManager: Mounting plugin IOSDeviceProfileSelector
LogPluginManager: Mounting plugin LinuxDeviceProfileSelector
LogPluginManager: Mounting plugin LocationServicesBPLibrary
LogPluginManager: Mounting plugin MobilePatchingUtils
LogPluginManager: Mounting plugin OculusVR
LogPluginManager: Mounting plugin PhysXVehicles
LogPluginManager: Mounting plugin ProceduralMeshComponent
LogPluginManager: Mounting plugin RuntimePhysXCooking
LogPluginManager: Mounting plugin SteamVR
LogPluginManager: Mounting plugin WebMMoviePlayer
LogPluginManager: Mounting plugin WindowsMoviePlayer
LogStreaming: Display: Took  0.333s to configure plugins.
LogInit: Using libcurl 7.55.1-DEV
LogInit:  - built for x86_64-pc-win32
LogInit:  - supports SSL with OpenSSL/1.0.2h
LogInit:  - supports HTTP deflate (compression) using libz 1.2.8
LogInit:  - other features:
LogInit:      CURL_VERSION_SSL
LogInit:      CURL_VERSION_LIBZ
LogInit:      CURL_VERSION_IPV6
LogInit:      CURL_VERSION_ASYNCHDNS
LogInit:      CURL_VERSION_LARGEFILE
LogInit:      CURL_VERSION_IDN
LogInit:  CurlRequestOptions (configurable via config and command line):
LogInit:  - bVerifyPeer = true  - Libcurl will verify peer certificate
LogInit:  - bUseHttpProxy = false  - Libcurl will NOT use HTTP proxy
LogInit:  - bDontReuseConnections = false  - Libcurl will reuse connections
LogInit:  - MaxHostConnections = 16  - Libcurl will limit the number of connections to a host
LogInit:  - LocalHostAddr = Default
LogInit:  - BufferSize = 65536
LogInit: WinSock: version 1.1 (2.2), MaxSocks=32767, MaxUdp=65467
LogInit: Build: ++UE4+Release-4.21-CL-4753647
LogInit: Engine Version: 4.21.2-4753647+++UE4+Release-4.21
LogInit: Compatible Engine Version: 4.21.0-4541578+++UE4+Release-4.21
LogInit: Net CL: 4541578
LogInit: OS: Windows 10 (), CPU: Intel(R) Core(TM) i5-7200U CPU @ 2.50GHz, GPU: Intel(R) HD Graphics 620
LogInit: Compiled (64-bit): Jan 19 2019 02:07:31
LogInit: Compiled with Visual C++: 19.13.26129.00
LogInit: Build Configuration: Development
LogInit: Branch Name: ++UE4+Release-4.21
LogInit: Command Line: 
LogInit: Base Directory: C:/Program Files/Epic Games/UE_4.21/Engine/Binaries/Win64/
LogInit: Installed Engine Build: 1
LogDevObjectVersion: Number of dev versions registered: 22
LogDevObjectVersion:   Dev-Blueprints (B0D832E4-1F89-4F0D-ACCF-7EB736FD4AA2): 10
LogDevObjectVersion:   Dev-Build (E1C64328-A22C-4D53-A36C-8E866417BD8C): 0
LogDevObjectVersion:   Dev-Core (375EC13C-06E4-48FB-B500-84F0262A717E): 2
LogDevObjectVersion:   Dev-Editor (E4B068ED-F494-42E9-A231-DA0B2E46BB41): 26
LogDevObjectVersion:   Dev-Framework (CFFC743F-43B0-4480-9391-14DF171D2073): 34
LogDevObjectVersion:   Dev-Mobile (B02B49B5-BB20-44E9-A304-32B752E40360): 2
LogDevObjectVersion:   Dev-Networking (A4E4105C-59A1-49B5-A7C5-40C4547EDFEE): 0
LogDevObjectVersion:   Dev-Online (39C831C9-5AE6-47DC-9A44-9C173E1C8E7C): 0
LogDevObjectVersion:   Dev-Physics (78F01B33-EBEA-4F98-B9B4-84EACCB95AA2): 0
LogDevObjectVersion:   Dev-Platform (6631380F-2D4D-43E0-8009-CF276956A95A): 0
LogDevObjectVersion:   Dev-Rendering (12F88B9F-8875-4AFC-A67C-D90C383ABD29): 27
LogDevObjectVersion:   Dev-Sequencer (7B5AE74C-D270-4C10-A958-57980B212A5A): 9
LogDevObjectVersion:   Dev-VR (D7296918-1DD6-4BDD-9DE2-64A83CC13884): 2
LogDevObjectVersion:   Dev-LoadTimes (C2A15278-BFE7-4AFE-6C17-90FF531DF755): 1
LogDevObjectVersion:   Private-Geometry (6EACA3D4-40EC-4CC1-B786-8BED09428FC5): 3
LogDevObjectVersion:   Dev-AnimPhys (29E575DD-E0A3-4627-9D10-D276232CDCEA): 17
LogDevObjectVersion:   Dev-Anim (AF43A65D-7FD3-4947-9873-3E8ED9C1BB05): 2
LogDevObjectVersion:   Dev-ReflectionCapture (6B266CEC-1EC7-4B8F-A30B-E4D90942FC07): 1
LogDevObjectVersion:   Dev-Automation (0DF73D61-A23F-47EA-B727-89E90C41499A): 1
LogDevObjectVersion:   FortniteMain (601D1886-AC64-4F84-AA16-D3DE0DEAC7D6): 17
LogDevObjectVersion:   Dev-Enterprise (9DFFBCD6-494F-0158-E221-12823C92A888): 4
LogDevObjectVersion:   Dev-Niagara (F2AED0AC-9AFE-416F-8664-AA7FFA26D6FC): 1
LogStreaming: Display: Took  0.001s to delete old logs.
LogInit: Presizing for max 8388607 objects, including 0 objects not considered by GC, pre-allocating 0 bytes for permanent pool.
LogInit: Object subsystem initialized
LogConfig: Setting CVar [[con.DebugEarlyDefault:1]]
LogConfig: Setting CVar [[r.setres:1280x720]]
[2019.03.17-17.41.29:980][  0]LogConfig: Setting CVar [[r.VSync:0]]
[2019.03.17-17.41.29:980][  0]LogConfig: Setting CVar [[r.RHICmdBypass:0]]
[2019.03.17-17.41.29:980][  0]LogConfig: Applying CVar settings from Section [/Script/Engine.RendererSettings] File [C:/Users/james/Desktop/Processes for OOS/COP4331 Project/ScaryMaze/Saved/Config/Windows/Engine.ini]
[2019.03.17-17.41.29:980][  0]LogConfig: Setting CVar [[r.GPUCrashDebugging:0]]
[2019.03.17-17.41.29:980][  0]LogConfig: Applying CVar settings from Section [/Script/Engine.RendererOverrideSettings] File [C:/Users/james/Desktop/Processes for OOS/COP4331 Project/ScaryMaze/Saved/Config/Windows/Engine.ini]
[2019.03.17-17.41.29:980][  0]LogConfig: Applying CVar settings from Section [/Script/Engine.StreamingSettings] File [C:/Users/james/Desktop/Processes for OOS/COP4331 Project/ScaryMaze/Saved/Config/Windows/Engine.ini]
[2019.03.17-17.41.29:981][  0]LogConfig: Setting CVar [[s.MinBulkDataSizeForAsyncLoading:131072]]
[2019.03.17-17.41.29:981][  0]LogConfig: Setting CVar [[s.AsyncLoadingThreadEnabled:0]]
[2019.03.17-17.41.29:981][  0]LogConfig: Setting CVar [[s.EventDrivenLoaderEnabled:1]]
[2019.03.17-17.41.29:981][  0]LogConfig: Setting CVar [[s.WarnIfTimeLimitExceeded:0]]
[2019.03.17-17.41.29:981][  0]LogConfig: Setting CVar [[s.TimeLimitExceededMultiplier:1.5]]
[2019.03.17-17.41.29:981][  0]LogConfig: Setting CVar [[s.TimeLimitExceededMinTime:0.005]]
[2019.03.17-17.41.29:981][  0]LogConfig: Setting CVar [[s.UseBackgroundLevelStreaming:1]]
[2019.03.17-17.41.29:981][  0]LogConfig: Setting CVar [[s.PriorityAsyncLoadingExtraTime:15.0]]
[2019.03.17-17.41.29:981][  0]LogConfig: Setting CVar [[s.LevelStreamingActorsUpdateTimeLimit:5.0]]
[2019.03.17-17.41.29:981][  0]LogConfig: Setting CVar [[s.PriorityLevelStreamingActorsUpdateExtraTime:5.0]]
[2019.03.17-17.41.29:981][  0]LogConfig: Setting CVar [[s.LevelStreamingComponentsRegistrationGranularity:10]]
[2019.03.17-17.41.29:981][  0]LogConfig: Setting CVar [[s.UnregisterComponentsTimeLimit:1.0]]
[2019.03.17-17.41.29:981][  0]LogConfig: Setting CVar [[s.LevelStreamingComponentsUnregistrationGranularity:5]]
[2019.03.17-17.41.29:981][  0]LogConfig: Applying CVar settings from Section [/Script/Engine.GarbageCollectionSettings] File [C:/Users/james/Desktop/Processes for OOS/COP4331 Project/ScaryMaze/Saved/Config/Windows/Engine.ini]
[2019.03.17-17.41.29:981][  0]LogConfig: Setting CVar [[gc.MaxObjectsNotConsideredByGC:1]]
[2019.03.17-17.41.29:981][  0]LogConfig: Setting CVar [[gc.SizeOfPermanentObjectPool:0]]
[2019.03.17-17.41.29:982][  0]LogConfig: Setting CVar [[gc.FlushStreamingOnGC:0]]
[2019.03.17-17.41.29:982][  0]LogConfig: Setting CVar [[gc.NumRetriesBeforeForcingGC:10]]
[2019.03.17-17.41.29:982][  0]LogConfig: Setting CVar [[gc.AllowParallelGC:1]]
[2019.03.17-17.41.29:982][  0]LogConfig: Setting CVar [[gc.TimeBetweenPurgingPendingKillObjects:61.1]]
[2019.03.17-17.41.29:982][  0]LogConfig: Setting CVar [[gc.MaxObjectsInEditor:8388607]]
[2019.03.17-17.41.29:982][  0]LogConfig: Setting CVar [[gc.IncrementalBeginDestroyEnabled:1]]
[2019.03.17-17.41.29:982][  0]LogConfig: Setting CVar [[gc.CreateGCClusters:1]]
[2019.03.17-17.41.29:982][  0]LogConfig: Setting CVar [[gc.MergeGCClusters:0]]
[2019.03.17-17.41.29:982][  0]LogConfig: Setting CVar [[gc.MinGCClusterSize:5]]
[2019.03.17-17.41.29:982][  0]LogConfig: Setting CVar [[gc.ActorClusteringEnabled:0]]
[2019.03.17-17.41.29:982][  0]LogConfig: Setting CVar [[gc.BlueprintClusteringEnabled:0]]
[2019.03.17-17.41.29:982][  0]LogConfig: Setting CVar [[gc.UseDisregardForGCOnDedicatedServers:0]]
[2019.03.17-17.41.29:982][  0]LogConfig: Applying CVar settings from Section [/Script/Engine.NetworkSettings] File [C:/Users/james/Desktop/Processes for OOS/COP4331 Project/ScaryMaze/Saved/Config/Windows/Engine.ini]
[2019.03.17-17.41.29:982][  0]LogConfig: Applying CVar settings from Section [/Script/UnrealEd.CookerSettings] File [C:/Users/james/Desktop/Processes for OOS/COP4331 Project/ScaryMaze/Saved/Config/Windows/Engine.ini]
[2019.03.17-17.41.29:995][  0]LogConfig: Applying CVar settings from Section [ViewDistanceQuality@3] File [C:/Users/james/Desktop/Processes for OOS/COP4331 Project/ScaryMaze/Saved/Config/Windows/Scalability.ini]
[2019.03.17-17.41.29:995][  0]LogConfig: Setting CVar [[r.SkeletalMeshLODBias:0]]
[2019.03.17-17.41.29:995][  0]LogConfig: Setting CVar [[r.ViewDistanceScale:1.0]]
[2019.03.17-17.41.29:995][  0]LogConfig: Applying CVar settings from Section [AntiAliasingQuality@3] File [C:/Users/james/Desktop/Processes for OOS/COP4331 Project/ScaryMaze/Saved/Config/Windows/Scalability.ini]
[2019.03.17-17.41.29:995][  0]LogConfig: Setting CVar [[r.PostProcessAAQuality:4]]
[2019.03.17-17.41.29:995][  0]LogConfig: Applying CVar settings from Section [ShadowQuality@3] File [C:/Users/james/Desktop/Processes for OOS/COP4331 Project/ScaryMaze/Saved/Config/Windows/Scalability.ini]
[2019.03.17-17.41.29:995][  0]LogConfig: Setting CVar [[r.LightFunctionQuality:1]]
[2019.03.17-17.41.29:995][  0]LogConfig: Setting CVar [[r.ShadowQuality:5]]
[2019.03.17-17.41.29:995][  0]LogConfig: Setting CVar [[r.Shadow.CSM.MaxCascades:10]]
[2019.03.17-17.41.29:996][  0]LogConfig: Setting CVar [[r.Shadow.MaxResolution:2048]]
[2019.03.17-17.41.29:996][  0]LogConfig: Setting CVar [[r.Shadow.MaxCSMResolution:2048]]
[2019.03.17-17.41.29:996][  0]LogConfig: Setting CVar [[r.Shadow.RadiusThreshold:0.01]]
[2019.03.17-17.41.29:996][  0]LogConfig: Setting CVar [[r.Shadow.DistanceScale:1.0]]
[2019.03.17-17.41.29:996][  0]LogConfig: Setting CVar [[r.Shadow.CSM.TransitionScale:1.0]]
[2019.03.17-17.41.29:996][  0]LogConfig: Setting CVar [[r.Shadow.PreShadowResolutionFactor:1.0]]
[2019.03.17-17.41.29:996][  0]LogConfig: Setting CVar [[r.DistanceFieldShadowing:1]]
[2019.03.17-17.41.29:996][  0]LogConfig: Setting CVar [[r.DistanceFieldAO:1]]
[2019.03.17-17.41.29:996][  0]LogConfig: Setting CVar [[r.AOQuality:2]]
[2019.03.17-17.41.29:996][  0]LogConfig: Setting CVar [[r.VolumetricFog:1]]
[2019.03.17-17.41.29:996][  0]LogConfig: Setting CVar [[r.VolumetricFog.GridPixelSize:8]]
[2019.03.17-17.41.29:996][  0]LogConfig: Setting CVar [[r.VolumetricFog.GridSizeZ:128]]
[2019.03.17-17.41.29:996][  0]LogConfig: Setting CVar [[r.VolumetricFog.HistoryMissSupersampleCount:4]]
[2019.03.17-17.41.29:996][  0]LogConfig: Setting CVar [[r.LightMaxDrawDistanceScale:1]]
[2019.03.17-17.41.29:996][  0]LogConfig: Setting CVar [[r.CapsuleShadows:1]]
[2019.03.17-17.41.29:996][  0]LogConfig: Applying CVar settings from Section [PostProcessQuality@3] File [C:/Users/james/Desktop/Processes for OOS/COP4331 Project/ScaryMaze/Saved/Config/Windows/Scalability.ini]
[2019.03.17-17.41.29:996][  0]LogConfig: Setting CVar [[r.MotionBlurQuality:4]]
[2019.03.17-17.41.29:996][  0]LogConfig: Setting CVar [[r.AmbientOcclusionMipLevelFactor:0.4]]
[2019.03.17-17.41.29:996][  0]LogConfig: Setting CVar [[r.AmbientOcclusionMaxQuality:100]]
[2019.03.17-17.41.29:997][  0]LogConfig: Setting CVar [[r.AmbientOcclusionLevels:-1]]
[2019.03.17-17.41.29:997][  0]LogConfig: Setting CVar [[r.AmbientOcclusionRadiusScale:1.0]]
[2019.03.17-17.41.29:997][  0]LogConfig: Setting CVar [[r.DepthOfFieldQuality:2]]
[2019.03.17-17.41.29:997][  0]LogConfig: Setting CVar [[r.RenderTargetPoolMin:400]]
[2019.03.17-17.41.29:997][  0]LogConfig: Setting CVar [[r.LensFlareQuality:2]]
[2019.03.17-17.41.29:997][  0]LogConfig: Setting CVar [[r.SceneColorFringeQuality:1]]
[2019.03.17-17.41.29:997][  0]LogConfig: Setting CVar [[r.EyeAdaptationQuality:2]]
[2019.03.17-17.41.29:997][  0]LogConfig: Setting CVar [[r.BloomQuality:5]]
[2019.03.17-17.41.29:997][  0]LogConfig: Setting CVar [[r.FastBlurThreshold:100]]
[2019.03.17-17.41.29:997][  0]LogConfig: Setting CVar [[r.Upscale.Quality:3]]
[2019.03.17-17.41.29:997][  0]LogConfig: Setting CVar [[r.Tonemapper.GrainQuantization:1]]
[2019.03.17-17.41.29:997][  0]LogConfig: Setting CVar [[r.LightShaftQuality:1]]
[2019.03.17-17.41.29:997][  0]LogConfig: Setting CVar [[r.Filter.SizeScale:1]]
[2019.03.17-17.41.29:997][  0]LogConfig: Setting CVar [[r.Tonemapper.Quality:5]]
[2019.03.17-17.41.29:997][  0]LogConfig: Setting CVar [[r.DOF.Gather.AccumulatorQuality:1        ; higher gathering accumulator quality]]
[2019.03.17-17.41.29:997][  0]LogConfig: Setting CVar [[r.DOF.Gather.PostfilterMethod:1          ; Median3x3 postfilering method]]
[2019.03.17-17.41.29:997][  0]LogConfig: Setting CVar [[r.DOF.Gather.EnableBokehSettings:0       ; no bokeh simulation when gathering]]
[2019.03.17-17.41.29:997][  0]LogConfig: Setting CVar [[r.DOF.Gather.RingCount:4                 ; medium number of samples when gathering]]
[2019.03.17-17.41.29:997][  0]LogConfig: Setting CVar [[r.DOF.Scatter.ForegroundCompositing:1    ; additive foreground scattering]]
[2019.03.17-17.41.29:997][  0]LogConfig: Setting CVar [[r.DOF.Scatter.BackgroundCompositing:2    ; additive background scattering]]
[2019.03.17-17.41.29:997][  0]LogConfig: Setting CVar [[r.DOF.Scatter.EnableBokehSettings:1      ; bokeh simulation when scattering]]
[2019.03.17-17.41.29:997][  0]LogConfig: Setting CVar [[r.DOF.Scatter.MaxSpriteRatio:0.1         ; only a maximum of 10% of scattered bokeh]]
[2019.03.17-17.41.29:998][  0]LogConfig: Setting CVar [[r.DOF.Recombine.Quality:1                ; cheap slight out of focus]]
[2019.03.17-17.41.29:998][  0]LogConfig: Setting CVar [[r.DOF.Recombine.EnableBokehSettings:0    ; no bokeh simulation on slight out of focus]]
[2019.03.17-17.41.29:998][  0]LogConfig: Setting CVar [[r.DOF.TemporalAAQuality:1                ; more stable temporal accumulation]]
[2019.03.17-17.41.29:998][  0]LogConfig: Setting CVar [[r.DOF.Kernel.MaxForegroundRadius:0.025]]
[2019.03.17-17.41.29:998][  0]LogConfig: Setting CVar [[r.DOF.Kernel.MaxBackgroundRadius:0.025]]
[2019.03.17-17.41.29:998][  0]LogConfig: Applying CVar settings from Section [TextureQuality@3] File [C:/Users/james/Desktop/Processes for OOS/COP4331 Project/ScaryMaze/Saved/Config/Windows/Scalability.ini]
[2019.03.17-17.41.29:998][  0]LogConfig: Setting CVar [[r.Streaming.MipBias:0]]
[2019.03.17-17.41.29:998][  0]LogConfig: Setting CVar [[r.Streaming.AmortizeCPUToGPUCopy:0]]
[2019.03.17-17.41.29:998][  0]LogConfig: Setting CVar [[r.Streaming.MaxNumTexturesToStreamPerFrame:0]]
[2019.03.17-17.41.29:998][  0]LogConfig: Setting CVar [[r.Streaming.Boost:1]]
[2019.03.17-17.41.29:998][  0]LogConfig: Setting CVar [[r.MaxAnisotropy:8]]
[2019.03.17-17.41.29:998][  0]LogConfig: Setting CVar [[r.Streaming.LimitPoolSizeToVRAM:0]]
[2019.03.17-17.41.29:998][  0]LogConfig: Setting CVar [[r.Streaming.PoolSize:1000]]
[2019.03.17-17.41.29:998][  0]LogConfig: Setting CVar [[r.Streaming.MaxEffectiveScreenSize:0]]
[2019.03.17-17.41.29:998][  0]LogConfig: Applying CVar settings from Section [EffectsQuality@3] File [C:/Users/james/Desktop/Processes for OOS/COP4331 Project/ScaryMaze/Saved/Config/Windows/Scalability.ini]
[2019.03.17-17.41.29:998][  0]LogConfig: Setting CVar [[r.TranslucencyLightingVolumeDim:64]]
[2019.03.17-17.41.29:998][  0]LogConfig: Setting CVar [[r.RefractionQuality:2]]
[2019.03.17-17.41.29:998][  0]LogConfig: Setting CVar [[r.SSR.Quality:3]]
[2019.03.17-17.41.29:998][  0]LogConfig: Setting CVar [[r.SceneColorFormat:4]]
[2019.03.17-17.41.29:998][  0]LogConfig: Setting CVar [[r.DetailMode:2]]
[2019.03.17-17.41.29:998][  0]LogConfig: Setting CVar [[r.TranslucencyVolumeBlur:1]]
[2019.03.17-17.41.29:998][  0]LogConfig: Setting CVar [[r.MaterialQualityLevel:1 ; High quality]]
[2019.03.17-17.41.29:998][  0]LogConfig: Setting CVar [[r.SSS.Scale:1]]
[2019.03.17-17.41.29:999][  0]LogConfig: Setting CVar [[r.SSS.SampleSet:2]]
[2019.03.17-17.41.29:999][  0]LogConfig: Setting CVar [[r.SSS.Quality:1]]
[2019.03.17-17.41.29:999][  0]LogConfig: Setting CVar [[r.SSS.HalfRes:1]]
[2019.03.17-17.41.29:999][  0]LogConfig: Setting CVar [[r.EmitterSpawnRateScale:1.0]]
[2019.03.17-17.41.29:999][  0]LogConfig: Setting CVar [[r.ParticleLightQuality:2]]
[2019.03.17-17.41.29:999][  0]LogConfig: Applying CVar settings from Section [FoliageQuality@3] File [C:/Users/james/Desktop/Processes for OOS/COP4331 Project/ScaryMaze/Saved/Config/Windows/Scalability.ini]
[2019.03.17-17.41.29:999][  0]LogConfig: Setting CVar [[foliage.DensityScale:1.0]]
[2019.03.17-17.41.29:999][  0]LogConfig: Setting CVar [[grass.DensityScale:1.0]]
[2019.03.17-17.41.29:999][  0]LogInit: Selected Device Profile: [Windows]
[2019.03.17-17.41.29:999][  0]LogInit: Applying CVar settings loaded from the selected device profile: [Windows]
[2019.03.17-17.41.30:062][  0]LogHAL: Display: Platform has ~ 8 GB [8499228672 / 8589934592 / 8], which maps to Default [LargestMinGB=32, LargerMinGB=12, DefaultMinGB=8, SmallerMinGB=6, SmallestMinGB=0)
[2019.03.17-17.41.30:062][  0]LogConfig: Setting CVar [[r.Vulkan.UseRealUBs:1]]
[2019.03.17-17.41.30:062][  0]LogInit: Going up to parent DeviceProfile []
[2019.03.17-17.41.30:086][  0]LogConfig: Applying CVar settings from Section [ViewDistanceQuality@3] File [C:/Users/james/Desktop/Processes for OOS/COP4331 Project/ScaryMaze/Saved/Config/Windows/Scalability.ini]
[2019.03.17-17.41.30:086][  0]LogConfig: Setting CVar [[r.SkeletalMeshLODBias:0]]
[2019.03.17-17.41.30:086][  0]LogConfig: Setting CVar [[r.ViewDistanceScale:1.0]]
[2019.03.17-17.41.30:087][  0]LogConfig: Applying CVar settings from Section [AntiAliasingQuality@3] File [C:/Users/james/Desktop/Processes for OOS/COP4331 Project/ScaryMaze/Saved/Config/Windows/Scalability.ini]
[2019.03.17-17.41.30:087][  0]LogConfig: Setting CVar [[r.PostProcessAAQuality:4]]
[2019.03.17-17.41.30:087][  0]LogConfig: Applying CVar settings from Section [ShadowQuality@3] File [C:/Users/james/Desktop/Processes for OOS/COP4331 Project/ScaryMaze/Saved/Config/Windows/Scalability.ini]
[2019.03.17-17.41.30:087][  0]LogConfig: Setting CVar [[r.LightFunctionQuality:1]]
[2019.03.17-17.41.30:087][  0]LogConfig: Setting CVar [[r.ShadowQuality:5]]
[2019.03.17-17.41.30:087][  0]LogConfig: Setting CVar [[r.Shadow.CSM.MaxCascades:10]]
[2019.03.17-17.41.30:087][  0]LogConfig: Setting CVar [[r.Shadow.MaxResolution:2048]]
[2019.03.17-17.41.30:087][  0]LogConfig: Setting CVar [[r.Shadow.MaxCSMResolution:2048]]
[2019.03.17-17.41.30:087][  0]LogConfig: Setting CVar [[r.Shadow.RadiusThreshold:0.01]]
[2019.03.17-17.41.30:087][  0]LogConfig: Setting CVar [[r.Shadow.DistanceScale:1.0]]
[2019.03.17-17.41.30:087][  0]LogConfig: Setting CVar [[r.Shadow.CSM.TransitionScale:1.0]]
[2019.03.17-17.41.30:087][  0]LogConfig: Setting CVar [[r.Shadow.PreShadowResolutionFactor:1.0]]
[2019.03.17-17.41.30:087][  0]LogConfig: Setting CVar [[r.DistanceFieldShadowing:1]]
[2019.03.17-17.41.30:087][  0]LogConfig: Setting CVar [[r.DistanceFieldAO:1]]
[2019.03.17-17.41.30:087][  0]LogConfig: Setting CVar [[r.AOQuality:2]]
[2019.03.17-17.41.30:087][  0]LogConfig: Setting CVar [[r.VolumetricFog:1]]
[2019.03.17-17.41.30:087][  0]LogConfig: Setting CVar [[r.VolumetricFog.GridPixelSize:8]]
[2019.03.17-17.41.30:087][  0]LogConfig: Setting CVar [[r.VolumetricFog.GridSizeZ:128]]
[2019.03.17-17.41.30:087][  0]LogConfig: Setting CVar [[r.VolumetricFog.HistoryMissSupersampleCount:4]]
[2019.03.17-17.41.30:087][  0]LogConfig: Setting CVar [[r.LightMaxDrawDistanceScale:1]]
[2019.03.17-17.41.30:087][  0]LogConfig: Setting CVar [[r.CapsuleShadows:1]]
[2019.03.17-17.41.30:087][  0]LogConfig: Applying CVar settings from Section [PostProcessQuality@3] File [C:/Users/james/Desktop/Processes for OOS/COP4331 Project/ScaryMaze/Saved/Config/Windows/Scalability.ini]
[2019.03.17-17.41.30:087][  0]LogConfig: Setting CVar [[r.MotionBlurQuality:4]]
[2019.03.17-17.41.30:087][  0]LogConfig: Setting CVar [[r.AmbientOcclusionMipLevelFactor:0.4]]
[2019.03.17-17.41.30:087][  0]LogConfig: Setting CVar [[r.AmbientOcclusionMaxQuality:100]]
[2019.03.17-17.41.30:087][  0]LogConfig: Setting CVar [[r.AmbientOcclusionLevels:-1]]
[2019.03.17-17.41.30:087][  0]LogConfig: Setting CVar [[r.AmbientOcclusionRadiusScale:1.0]]
[2019.03.17-17.41.30:087][  0]LogConfig: Setting CVar [[r.DepthOfFieldQuality:2]]
[2019.03.17-17.41.30:087][  0]LogConfig: Setting CVar [[r.RenderTargetPoolMin:400]]
[2019.03.17-17.41.30:087][  0]LogConfig: Setting CVar [[r.LensFlareQuality:2]]
[2019.03.17-17.41.30:087][  0]LogConfig: Setting CVar [[r.SceneColorFringeQuality:1]]
[2019.03.17-17.41.30:087][  0]LogConfig: Setting CVar [[r.EyeAdaptationQuality:2]]
[2019.03.17-17.41.30:087][  0]LogConfig: Setting CVar [[r.BloomQuality:5]]
[2019.03.17-17.41.30:087][  0]LogConfig: Setting CVar [[r.FastBlurThreshold:100]]
[2019.03.17-17.41.30:087][  0]LogConfig: Setting CVar [[r.Upscale.Quality:3]]
[2019.03.17-17.41.30:087][  0]LogConfig: Setting CVar [[r.Tonemapper.GrainQuantization:1]]
[2019.03.17-17.41.30:087][  0]LogConfig: Setting CVar [[r.LightShaftQuality:1]]
[2019.03.17-17.41.30:087][  0]LogConfig: Setting CVar [[r.Filter.SizeScale:1]]
[2019.03.17-17.41.30:087][  0]LogConfig: Setting CVar [[r.Tonemapper.Quality:5]]
[2019.03.17-17.41.30:087][  0]LogConfig: Setting CVar [[r.DOF.Gather.AccumulatorQuality:1        ; higher gathering accumulator quality]]
[2019.03.17-17.41.30:087][  0]LogConfig: Setting CVar [[r.DOF.Gather.PostfilterMethod:1          ; Median3x3 postfilering method]]
[2019.03.17-17.41.30:087][  0]LogConfig: Setting CVar [[r.DOF.Gather.EnableBokehSettings:0       ; no bokeh simulation when gathering]]
[2019.03.17-17.41.30:087][  0]LogConfig: Setting CVar [[r.DOF.Gather.RingCount:4                 ; medium number of samples when gathering]]
[2019.03.17-17.41.30:087][  0]LogConfig: Setting CVar [[r.DOF.Scatter.ForegroundCompositing:1    ; additive foreground scattering]]
[2019.03.17-17.41.30:087][  0]LogConfig: Setting CVar [[r.DOF.Scatter.BackgroundCompositing:2    ; additive background scattering]]
[2019.03.17-17.41.30:087][  0]LogConfig: Setting CVar [[r.DOF.Scatter.EnableBokehSettings:1      ; bokeh simulation when scattering]]
[2019.03.17-17.41.30:087][  0]LogConfig: Setting CVar [[r.DOF.Scatter.MaxSpriteRatio:0.1         ; only a maximum of 10% of scattered bokeh]]
[2019.03.17-17.41.30:087][  0]LogConfig: Setting CVar [[r.DOF.Recombine.Quality:1                ; cheap slight out of focus]]
[2019.03.17-17.41.30:087][  0]LogConfig: Setting CVar [[r.DOF.Recombine.EnableBokehSettings:0    ; no bokeh simulation on slight out of focus]]
[2019.03.17-17.41.30:087][  0]LogConfig: Setting CVar [[r.DOF.TemporalAAQuality:1                ; more stable temporal accumulation]]
[2019.03.17-17.41.30:087][  0]LogConfig: Setting CVar [[r.DOF.Kernel.MaxForegroundRadius:0.025]]
[2019.03.17-17.41.30:087][  0]LogConfig: Setting CVar [[r.DOF.Kernel.MaxBackgroundRadius:0.025]]
[2019.03.17-17.41.30:087][  0]LogConfig: Applying CVar settings from Section [TextureQuality@3] File [C:/Users/james/Desktop/Processes for OOS/COP4331 Project/ScaryMaze/Saved/Config/Windows/Scalability.ini]
[2019.03.17-17.41.30:087][  0]LogConfig: Setting CVar [[r.Streaming.MipBias:0]]
[2019.03.17-17.41.30:087][  0]LogConfig: Setting CVar [[r.Streaming.AmortizeCPUToGPUCopy:0]]
[2019.03.17-17.41.30:087][  0]LogConfig: Setting CVar [[r.Streaming.MaxNumTexturesToStreamPerFrame:0]]
[2019.03.17-17.41.30:087][  0]LogConfig: Setting CVar [[r.Streaming.Boost:1]]
[2019.03.17-17.41.30:087][  0]LogConfig: Setting CVar [[r.MaxAnisotropy:8]]
[2019.03.17-17.41.30:087][  0]LogConfig: Setting CVar [[r.Streaming.LimitPoolSizeToVRAM:0]]
[2019.03.17-17.41.30:087][  0]LogConfig: Setting CVar [[r.Streaming.PoolSize:1000]]
[2019.03.17-17.41.30:087][  0]LogConfig: Setting CVar [[r.Streaming.MaxEffectiveScreenSize:0]]
[2019.03.17-17.41.30:087][  0]LogConfig: Applying CVar settings from Section [EffectsQuality@3] File [C:/Users/james/Desktop/Processes for OOS/COP4331 Project/ScaryMaze/Saved/Config/Windows/Scalability.ini]
[2019.03.17-17.41.30:087][  0]LogConfig: Setting CVar [[r.TranslucencyLightingVolumeDim:64]]
[2019.03.17-17.41.30:087][  0]LogConfig: Setting CVar [[r.RefractionQuality:2]]
[2019.03.17-17.41.30:087][  0]LogConfig: Setting CVar [[r.SSR.Quality:3]]
[2019.03.17-17.41.30:087][  0]LogConfig: Setting CVar [[r.SceneColorFormat:4]]
[2019.03.17-17.41.30:087][  0]LogConfig: Setting CVar [[r.DetailMode:2]]
[2019.03.17-17.41.30:088][  0]LogConfig: Setting CVar [[r.TranslucencyVolumeBlur:1]]
[2019.03.17-17.41.30:088][  0]LogConfig: Setting CVar [[r.MaterialQualityLevel:1 ; High quality]]
[2019.03.17-17.41.30:088][  0]LogConfig: Setting CVar [[r.SSS.Scale:1]]
[2019.03.17-17.41.30:088][  0]LogConfig: Setting CVar [[r.SSS.SampleSet:2]]
[2019.03.17-17.41.30:088][  0]LogConfig: Setting CVar [[r.SSS.Quality:1]]
[2019.03.17-17.41.30:088][  0]LogConfig: Setting CVar [[r.SSS.HalfRes:1]]
[2019.03.17-17.41.30:088][  0]LogConfig: Setting CVar [[r.EmitterSpawnRateScale:1.0]]
[2019.03.17-17.41.30:088][  0]LogConfig: Setting CVar [[r.ParticleLightQuality:2]]
[2019.03.17-17.41.30:088][  0]LogConfig: Applying CVar settings from Section [FoliageQuality@3] File [C:/Users/james/Desktop/Processes for OOS/COP4331 Project/ScaryMaze/Saved/Config/Windows/Scalability.ini]
[2019.03.17-17.41.30:088][  0]LogConfig: Setting CVar [[foliage.DensityScale:1.0]]
[2019.03.17-17.41.30:088][  0]LogConfig: Setting CVar [[grass.DensityScale:1.0]]
[2019.03.17-17.41.30:088][  0]LogConfig: Applying CVar settings from Section [Startup] File [../../../Engine/Config/ConsoleVariables.ini]
[2019.03.17-17.41.30:088][  0]LogConfig: Setting CVar [[net.UseAdaptiveNetUpdateFrequency:0]]
[2019.03.17-17.41.30:088][  0]LogConfig: Applying CVar settings from Section [ConsoleVariables] File [C:/Users/james/Desktop/Processes for OOS/COP4331 Project/ScaryMaze/Saved/Config/Windows/Engine.ini]
[2019.03.17-17.41.30:088][  0]LogInit: Computer: LAPTOP-Q1QSGUBH
[2019.03.17-17.41.30:088][  0]LogInit: User: james
[2019.03.17-17.41.30:088][  0]LogInit: CPU Page size=4096, Cores=2
[2019.03.17-17.41.30:088][  0]LogInit: High frequency timer resolution =2.648438 MHz
[2019.03.17-17.41.30:088][  0]LogMemory: Memory total: Physical=7.9GB (8GB approx)
[2019.03.17-17.41.30:088][  0]LogMemory: Platform Memory Stats for Windows
[2019.03.17-17.41.30:088][  0]LogMemory: Process Physical Memory: 102.17 MB used, 102.17 MB peak
[2019.03.17-17.41.30:089][  0]LogMemory: Process Virtual Memory: 84.48 MB used, 84.48 MB peak
[2019.03.17-17.41.30:089][  0]LogMemory: Physical Memory: 3927.02 MB used,  4178.48 MB free, 8105.50 MB total
[2019.03.17-17.41.30:089][  0]LogMemory: Virtual Memory: 4628.93 MB used,  134213096.00 MB free, 134217728.00 MB total
[2019.03.17-17.41.30:616][  0]LogInit: Using OS detected language (en-US).
[2019.03.17-17.41.30:616][  0]LogInit: Using OS detected locale (en-US).
[2019.03.17-17.41.30:675][  0]LogTextLocalizationManager: No specific localization for 'en-US' exists, so the 'en' localization will be used.
[2019.03.17-17.41.31:852][  0]LogStreaming: Display: Took  1.245s to InitEngineTextLocalization.
[2019.03.17-17.41.31:852][  0]LogInit: Setting process to per monitor DPI aware
[2019.03.17-17.41.32:486][  0]LogSlate: New Slate User Created.  User Index 0, Is Virtual User: 0
[2019.03.17-17.41.32:486][  0]LogSlate: Slate User Registered.  User Index 0, Is Virtual User: 0
[2019.03.17-17.41.39:513][  0]LogHMD: Failed to initialize OpenVR with code 110
[2019.03.17-17.41.39:513][  0]LogD3D11RHI: D3D11 adapters:
[2019.03.17-17.41.40:128][  0]LogD3D11RHI:    0. 'NVIDIA GeForce 920MX' (Feature Level 11_0)
[2019.03.17-17.41.40:128][  0]LogD3D11RHI:       2010/0/4052 MB DedicatedVideo/DedicatedSystem/SharedSystem, Outputs:1, VendorId:0x10de
[2019.03.17-17.41.40:172][  0]LogD3D11RHI:    1. 'Intel(R) HD Graphics 620' (Feature Level 11_0)
[2019.03.17-17.41.40:172][  0]LogD3D11RHI:       128/0/4052 MB DedicatedVideo/DedicatedSystem/SharedSystem, Outputs:0, VendorId:0x8086
[2019.03.17-17.41.40:223][  0]LogD3D11RHI:    2. 'Microsoft Basic Render Driver' (Feature Level 11_0)
[2019.03.17-17.41.40:223][  0]LogD3D11RHI:       0/0/4052 MB DedicatedVideo/DedicatedSystem/SharedSystem, Outputs:0, VendorId:0x1414
[2019.03.17-17.41.40:223][  0]LogD3D11RHI: Chosen D3D11 Adapter: 0
[2019.03.17-17.41.40:284][  0]LogD3D11RHI: Creating new Direct3DDevice
[2019.03.17-17.41.40:284][  0]LogD3D11RHI:     GPU DeviceId: 0x134f (for the marketing name, search the web for "GPU Device Id")
[2019.03.17-17.41.40:284][  0]LogWindows: EnumDisplayDevices:
[2019.03.17-17.41.40:285][  0]LogWindows:    0. 'Intel(R) HD Graphics 620' (P:1 D:1)
[2019.03.17-17.41.40:285][  0]LogWindows:    1. 'Intel(R) HD Graphics 620' (P:0 D:0)
[2019.03.17-17.41.40:285][  0]LogWindows:    2. 'Intel(R) HD Graphics 620' (P:0 D:0)
[2019.03.17-17.41.40:285][  0]LogWindows: DebugString: PrimaryIsNotTheChoosenAdapter PrimaryIsNotTheChoosenAdapter PrimaryIsNotTheChoosenAdapter FoundDriverCount:0 
[2019.03.17-17.41.40:285][  0]LogD3D11RHI:     Adapter Name: NVIDIA GeForce 920MX
[2019.03.17-17.41.40:285][  0]LogD3D11RHI:   Driver Version: Unknown (internal:Unknown, unified:Unknown)
[2019.03.17-17.41.40:285][  0]LogD3D11RHI:      Driver Date: Unknown
[2019.03.17-17.41.40:285][  0]LogRHI: Texture pool is 1407 MB (70% of 2010 MB)
[2019.03.17-17.41.40:380][  0]LogD3D11RHI: Async texture creation enabled
[2019.03.17-17.41.40:470][  0]LogD3D11RHI: GPU Timing Frequency: 1000.000000 (Debug: 2 2)
[2019.03.17-17.41.40:963][  0]LogTemp: Display: Loaded TP AllDesktopTargetPlatform
[2019.03.17-17.41.41:007][  0]LogTemp: Display: Loaded TP MacClientTargetPlatform
[2019.03.17-17.41.41:024][  0]LogTemp: Display: Loaded TP MacNoEditorTargetPlatform
[2019.03.17-17.41.41:039][  0]LogTemp: Display: Loaded TP MacServerTargetPlatform
[2019.03.17-17.41.41:105][  0]LogTemp: Display: Loaded TP MacTargetPlatform
[2019.03.17-17.41.41:127][  0]LogTemp: Display: Loaded TP WindowsClientTargetPlatform
[2019.03.17-17.41.41:142][  0]LogTemp: Display: Loaded TP WindowsNoEditorTargetPlatform
[2019.03.17-17.41.41:159][  0]LogTemp: Display: Loaded TP WindowsServerTargetPlatform
[2019.03.17-17.41.41:183][  0]LogTemp: Display: Loaded TP WindowsTargetPlatform
[2019.03.17-17.41.41:310][  0]LogTemp: Display: Loaded TP AndroidTargetPlatform
[2019.03.17-17.41.41:310][  0]LogTemp: Display: Loaded TP AndroidTargetPlatform
[2019.03.17-17.41.41:310][  0]LogTemp: Display: Loaded TP AndroidTargetPlatform
[2019.03.17-17.41.41:310][  0]LogTemp: Display: Loaded TP AndroidTargetPlatform
[2019.03.17-17.41.41:310][  0]LogTemp: Display: Loaded TP AndroidTargetPlatform
[2019.03.17-17.41.41:310][  0]LogTemp: Display: Loaded TP AndroidTargetPlatform
[2019.03.17-17.41.41:310][  0]LogTemp: Display: Loaded TP AndroidTargetPlatform
[2019.03.17-17.41.41:310][  0]LogTemp: Display: Loaded TP AndroidTargetPlatform
[2019.03.17-17.41.41:310][  0]LogTemp: Display: Loaded TP AndroidTargetPlatform
[2019.03.17-17.41.41:310][  0]LogTemp: Display: Loaded TP AndroidTargetPlatform
[2019.03.17-17.41.41:310][  0]LogTemp: Display: Loaded TP AndroidTargetPlatform
[2019.03.17-17.41.41:310][  0]LogTemp: Display: Loaded TP AndroidTargetPlatform
[2019.03.17-17.41.41:310][  0]LogTemp: Display: Loaded TP AndroidTargetPlatform
[2019.03.17-17.41.41:310][  0]LogTemp: Display: Loaded TP AndroidTargetPlatform
[2019.03.17-17.41.41:310][  0]LogTemp: Display: Loaded TP AndroidTargetPlatform
[2019.03.17-17.41.41:310][  0]LogTemp: Display: Loaded TP AndroidTargetPlatform
[2019.03.17-17.41.41:310][  0]LogTemp: Display: Loaded TP AndroidTargetPlatform
[2019.03.17-17.41.41:310][  0]LogTemp: Display: Loaded TP AndroidTargetPlatform
[2019.03.17-17.41.41:314][  0]LogTemp: Display: Loaded TP HTML5TargetPlatform
[2019.03.17-17.41.41:470][  0]LogTemp: Display: Loaded TP IOSTargetPlatform
[2019.03.17-17.41.41:470][  0]LogTemp: Display: Loaded TP IOSTargetPlatform
[2019.03.17-17.41.41:532][  0]LogTemp: Display: Loaded TP TVOSTargetPlatform
[2019.03.17-17.41.41:532][  0]LogTemp: Display: Loaded TP TVOSTargetPlatform
[2019.03.17-17.41.41:562][  0]LogTemp: Display: Loaded TP LinuxClientTargetPlatform
[2019.03.17-17.41.41:577][  0]LogTemp: Display: Loaded TP LinuxNoEditorTargetPlatform
[2019.03.17-17.41.41:594][  0]LogTemp: Display: Loaded TP LinuxServerTargetPlatform
[2019.03.17-17.41.41:630][  0]LogTemp: Display: Loaded TP LinuxTargetPlatform
[2019.03.17-17.41.41:699][  0]LogTemp: Display: Loaded TP LuminTargetPlatform
[2019.03.17-17.41.41:699][  0]LogTemp: Display: Loaded TP LuminTargetPlatform
[2019.03.17-17.41.41:699][  0]LogTargetPlatformManager: Display: Building Assets For Windows
[2019.03.17-17.41.42:182][  0]LogShaderCompilers: Guid format shader working directory is -35 characters bigger than the processId version (../../../../../../Users/james/Desktop/Processes for OOS/COP4331 Project/ScaryMaze/Intermediate/Shaders/WorkingDirectory/6620/).
[2019.03.17-17.41.42:192][  0]LogShaderCompilers: Cleaned the shader compiler working directory 'C:/Users/james/AppData/Local/Temp/UnrealShaderWorkingDir/FCABA7DA4BE13509B015EC84072B69A7/'.
[2019.03.17-17.41.42:203][  0]LogXGEController: Cannot use XGE Controller as Incredibuild is not installed on this machine.
[2019.03.17-17.41.42:203][  0]LogShaderCompilers: Cannot use XGE Shader Compiler as Incredibuild is not installed on this machine.
[2019.03.17-17.41.42:203][  0]LogShaderCompilers: Display: Using Local Shader Compiler.
[2019.03.17-17.41.51:106][  0]LogDerivedDataCache: Display: Max Cache Size: 512 MB
[2019.03.17-17.41.52:936][  0]LogDerivedDataCache: Loaded boot cache 1.83s 73MB C:/Users/james/AppData/Local/UnrealEngine/4.21/DerivedDataCache/Boot.ddc.
[2019.03.17-17.41.52:936][  0]LogDerivedDataCache: Display: Loaded Boot cache: C:/Users/james/AppData/Local/UnrealEngine/4.21/DerivedDataCache/Boot.ddc
[2019.03.17-17.41.52:936][  0]LogDerivedDataCache: FDerivedDataBackendGraph:  Pak pak cache file ../../../../../../Users/james/Desktop/Processes for OOS/COP4331 Project/ScaryMaze/DerivedDataCache/DDC.ddp not found, will not use a pak cache.
[2019.03.17-17.41.52:936][  0]LogDerivedDataCache: Unable to find inner node Pak for hierarchical cache Hierarchy.
[2019.03.17-17.41.52:936][  0]LogDerivedDataCache: FDerivedDataBackendGraph:  CompressedPak pak cache file ../../../../../../Users/james/Desktop/Processes for OOS/COP4331 Project/ScaryMaze/DerivedDataCache/Compressed.ddp not found, will not use a pak cache.
[2019.03.17-17.41.52:936][  0]LogDerivedDataCache: Unable to find inner node CompressedPak for hierarchical cache Hierarchy.
[2019.03.17-17.41.53:123][  0]LogDerivedDataCache: Display: Pak cache opened for reading ../../../Engine/DerivedDataCache/Compressed.ddp.
[2019.03.17-17.41.53:123][  0]LogDerivedDataCache: FDerivedDataBackendGraph:  EnterprisePak pak cache file ../../../Enterprise/DerivedDataCache/Compressed.ddp not found, will not use a pak cache.
[2019.03.17-17.41.53:123][  0]LogDerivedDataCache: Unable to find inner node EnterprisePak for hierarchical cache Hierarchy.
[2019.03.17-17.41.53:136][  0]LogDerivedDataCache: Using Local data cache path C:/Users/james/AppData/Local/UnrealEngine/Common/DerivedDataCache: Writable
[2019.03.17-17.41.53:136][  0]LogDerivedDataCache: Shared data cache path not found in *engine.ini, will not use an Shared cache.
[2019.03.17-17.41.53:136][  0]LogDerivedDataCache: Unable to find inner node Shared for hierarchical cache Hierarchy.
[2019.03.17-17.41.53:253][  0]LogMaterial: Verifying Global Shaders for PCD3D_SM5
[2019.03.17-17.41.53:255][  0]LogSlate: Using FreeType 2.6.0
[2019.03.17-17.41.53:591][  0]LogSlate: SlateFontServices - WITH_FREETYPE: 1, WITH_HARFBUZZ: 1
[2019.03.17-17.41.56:308][  0]LogAssetRegistry: FAssetRegistry took 0.0357 seconds to start up
[2019.03.17-17.41.57:696][  0]LogInit: Selected Device Profile: [Windows]
[2019.03.17-17.41.59:237][  0]LogSimplygon: Simplygon DLL not present - disabling.
[2019.03.17-17.41.59:441][  0]LogMeshReduction: Using SimplygonSwarm for distributed automatic mesh merging
[2019.03.17-17.41.59:458][  0]LogMeshReduction: Using ProxyLODMeshReduction for automatic mesh merging
[2019.03.17-17.41.59:458][  0]LogMeshReduction: Using QuadricMeshReduction for automatic static mesh reduction
[2019.03.17-17.41.59:458][  0]LogMeshReduction: No automatic skeletal mesh reduction module available
[2019.03.17-17.41.59:849][  0]LogNetVersion: ScaryMaze 1.0.0, NetCL: 4541578, EngineNetVer: 5, GameNetVer: 0 (Checksum: 3370334168)
[2019.03.17-17.42.03:029][  0]LogPackageLocalizationCache: Processed 11 localized package path(s) for 2 prioritized culture(s) in 0.153305 seconds
[2019.03.17-17.42.03:036][  0]LogUObjectArray: 39775 objects as part of root set at end of initial load.
[2019.03.17-17.42.03:036][  0]LogUObjectAllocator: 6914656 out of 0 bytes used by permanent object pool.
[2019.03.17-17.42.03:036][  0]LogUObjectArray: CloseDisregardForGC: 0/0 objects in disregard for GC pool
[2019.03.17-17.42.26:822][  0]LogTcpMessaging: Initializing TcpMessaging bridge
[2019.03.17-17.42.26:848][  0]LogUdpMessaging: Initializing bridge on interface 0.0.0.0:0 to multicast group 230.0.0.1:6666.
[2019.03.17-17.42.29:937][  0]SourceControl: Source control is disabled
[2019.03.17-17.42.29:937][  0]SourceControl: Source control is disabled
[2019.03.17-17.42.29:972][  0]SourceControl: Source control is disabled
[2019.03.17-17.42.29:982][  0]SourceControl: Source control is disabled
[2019.03.17-17.42.30:796][  0]LogAndroidPermission: UAndroidPermissionCallbackProxy::GetInstance
[2019.03.17-17.42.31:207][  0]LogOcInput: OculusInput pre-init called
[2019.03.17-17.42.31:751][  0]LogEngine: Initializing Engine...
[2019.03.17-17.42.31:775][  0]LogHMD: Failed to initialize OpenVR with code 110
[2019.03.17-17.42.31:780][  0]LogStats: UGameplayTagsManager::ConstructGameplayTagTree: ImportINI prefixes -  0.000 s
[2019.03.17-17.42.31:780][  0]LogStats: UGameplayTagsManager::ConstructGameplayTagTree: Construct from data asset -  0.000 s
[2019.03.17-17.42.31:780][  0]LogStats: UGameplayTagsManager::ConstructGameplayTagTree: ImportINI -  0.000 s
[2019.03.17-17.42.31:780][  0]LogStats: UGameplayTagsManager::ConstructGameplayTagTree: GameplayTagTreeChangedEvent.Broadcast -  0.000 s
[2019.03.17-17.42.32:290][  0]LogInit: Initializing FReadOnlyCVARCache
[2019.03.17-17.42.32:476][  0]LogAIModule: Creating AISystem for world Untitled
[2019.03.17-17.42.32:573][  0]LogInit: XAudio2 using 'Speakers (Realtek High Definition Audio)' : 2 channels at 48 kHz using 16 bits per sample (channel mask 0x3)
[2019.03.17-17.42.32:766][  0]LogInit: FAudioDevice initialized.
[2019.03.17-17.42.32:766][  0]LogNetVersion: Set ProjectVersion to 1.0.0.0. Version Checksum will be recalculated on next use.
[2019.03.17-17.42.32:951][  0]LogDerivedDataCache: Saved boot cache 0.19s 73MB C:/Users/james/AppData/Local/UnrealEngine/4.21/DerivedDataCache/Boot.ddc.
[2019.03.17-17.42.32:960][  0]LogInit: Texture streaming: Enabled
[2019.03.17-17.42.33:057][  0]LogEngineSessionManager: EngineSessionManager initialized
[2019.03.17-17.42.33:133][  0]LogInit: Transaction tracking system initialized
[2019.03.17-17.42.33:451][  0]BlueprintLog: New page: Editor Load
[2019.03.17-17.42.34:368][  0]LocalizationService: Localization service is disabled
[2019.03.17-17.42.36:630][  0]LogFileCache: Scanning file cache for directory 'C:/Users/james/Desktop/Processes for OOS/COP4331 Project/ScaryMaze/Content/' took 0.03s
[2019.03.17-17.42.36:630][  0]LogCook: Display: Max memory allowance for cook 16384mb min free memory 0mb
[2019.03.17-17.42.36:636][  0]LogCook: Display: Mobile HDR setting 1
[2019.03.17-17.42.36:636][  0]LogGameplayTags: Display: UGameplayTagsManager::DoneAddingNativeTags. DelegateIsBound: 0
[2019.03.17-17.42.36:636][  0]LogStats: UGameplayTagsManager::ConstructGameplayTagTree: ImportINI prefixes -  0.000 s
[2019.03.17-17.42.36:636][  0]LogStats: UGameplayTagsManager::ConstructGameplayTagTree: Construct from data asset -  0.000 s
[2019.03.17-17.42.36:636][  0]LogStats: UGameplayTagsManager::ConstructGameplayTagTree: ImportINI -  0.000 s
[2019.03.17-17.42.36:636][  0]LogStats: UGameplayTagsManager::ConstructGameplayTagTree: GameplayTagTreeChangedEvent.Broadcast -  0.000 s
[2019.03.17-17.42.38:561][  0]SourceControl: Source control is disabled
[2019.03.17-17.42.38:561][  0]Cmd: MAP LOAD FILE="../../../../../../Users/james/Desktop/Processes for OOS/COP4331 Project/ScaryMaze/Content/LevelOne.umap" TEMPLATE=0 SHOWPROGRESS=1 FEATURELEVEL=3
[2019.03.17-17.42.38:562][  0]LightingResults: New page: Lighting Build
[2019.03.17-17.42.38:634][  0]MapCheck: New page: Map Check
[2019.03.17-17.42.38:634][  0]LightingResults: New page: Lighting Build
[2019.03.17-17.42.39:157][  0]LogAIModule: Creating AISystem for world LevelOne
[2019.03.17-17.42.39:456][  0]LogEditorServer: Finished looking for orphan Actors (0.075 secs)
[2019.03.17-17.42.39:610][  0]Cmd: MAP CHECKDEP NOCLEARLOG
[2019.03.17-17.42.39:610][  0]MapCheck: Map check complete: 0 Error(s), 0 Warning(s), took 0.237ms to complete.
[2019.03.17-17.42.39:610][  0]LogFileHelpers: Loading map 'LevelOne' took 1.049
[2019.03.17-17.42.40:224][  0]LogSlate: Updating window title bar state: overlay mode, drag disabled, window buttons hidden, title bar hidden
[2019.03.17-17.42.40:237][  0]LogSlate: Updating window title bar state: overlay mode, drag disabled, window buttons hidden, title bar hidden
[2019.03.17-17.42.40:247][  0]LogSlate: Updating window title bar state: overlay mode, drag disabled, window buttons hidden, title bar hidden
[2019.03.17-17.42.40:255][  0]LogSlate: Updating window title bar state: overlay mode, drag disabled, window buttons hidden, title bar hidden
[2019.03.17-17.42.40:330][  0]LogCollectionManager: Loaded 0 collections in 0.003131 seconds
[2019.03.17-17.42.40:428][  0]LogFileCache: Scanning file cache for directory 'C:/Users/james/Desktop/Processes for OOS/COP4331 Project/ScaryMaze/Saved/Collections/' took 0.01s
[2019.03.17-17.42.40:428][  0]LogFileCache: Scanning file cache for directory 'C:/Users/james/Desktop/Processes for OOS/COP4331 Project/ScaryMaze/Content/Developers/james/Collections/' took 0.01s
[2019.03.17-17.42.40:428][  0]LogFileCache: Scanning file cache for directory 'C:/Users/james/Desktop/Processes for OOS/COP4331 Project/ScaryMaze/Content/Collections/' took 0.01s
[2019.03.17-17.42.40:428][  0]LogCollectionManager: Rebuilt the GUID cache for 0 collections in 0.000000 seconds
[2019.03.17-17.42.40:452][  0]LogContentBrowser: Native class hierarchy populated in 0.0120 seconds. Added 2658 classes and 622 folders.
[2019.03.17-17.42.40:572][  0]LogContentBrowser: Native class hierarchy updated for 'WidgetCarousel' in 0.0008 seconds. Added 0 classes and 0 folders.
[2019.03.17-17.42.40:641][  0]LogPakFile: Registered encryption key '00000000000000000000000000000000': 0 pak files mounted, 0 remain pending
[2019.03.17-17.42.40:714][  0]LogPakFile: Registered encryption key '00000000000000000000000000000000': 0 pak files mounted, 0 remain pending
[2019.03.17-17.42.40:759][  0]LogPakFile: Registered encryption key '00000000000000000000000000000000': 0 pak files mounted, 0 remain pending
[2019.03.17-17.42.40:842][  0]LogPakFile: Registered encryption key '00000000000000000000000000000000': 0 pak files mounted, 0 remain pending
[2019.03.17-17.42.40:856][  0]LogPakFile: Registered encryption key '00000000000000000000000000000000': 0 pak files mounted, 0 remain pending
[2019.03.17-17.42.40:896][  0]LogPakFile: Registered encryption key '00000000000000000000000000000000': 0 pak files mounted, 0 remain pending
[2019.03.17-17.42.40:910][  0]LogPakFile: Registered encryption key '00000000000000000000000000000000': 0 pak files mounted, 0 remain pending
[2019.03.17-17.42.40:924][  0]LogPakFile: Registered encryption key '00000000000000000000000000000000': 0 pak files mounted, 0 remain pending
[2019.03.17-17.42.40:933][  0]LogPakFile: Registered encryption key '00000000000000000000000000000000': 0 pak files mounted, 0 remain pending
[2019.03.17-17.42.40:945][  0]LogPakFile: Registered encryption key '00000000000000000000000000000000': 0 pak files mounted, 0 remain pending
[2019.03.17-17.42.40:957][  0]LogPakFile: Registered encryption key '00000000000000000000000000000000': 0 pak files mounted, 0 remain pending
[2019.03.17-17.42.40:965][  0]LogPakFile: Registered encryption key '00000000000000000000000000000000': 0 pak files mounted, 0 remain pending
[2019.03.17-17.42.40:979][  0]LogPakFile: Registered encryption key '00000000000000000000000000000000': 0 pak files mounted, 0 remain pending
[2019.03.17-17.42.41:015][  0]LogPakFile: Registered encryption key '00000000000000000000000000000000': 0 pak files mounted, 0 remain pending
[2019.03.17-17.42.41:033][  0]LogPakFile: Registered encryption key '00000000000000000000000000000000': 0 pak files mounted, 0 remain pending
[2019.03.17-17.42.41:041][  0]LogPakFile: Registered encryption key '00000000000000000000000000000000': 0 pak files mounted, 0 remain pending
[2019.03.17-17.42.41:090][  0]LogPakFile: Registered encryption key '00000000000000000000000000000000': 0 pak files mounted, 0 remain pending
[2019.03.17-17.42.41:114][  0]LogPakFile: Registered encryption key '00000000000000000000000000000000': 0 pak files mounted, 0 remain pending
[2019.03.17-17.42.41:165][  0]LogPakFile: Registered encryption key '00000000000000000000000000000000': 0 pak files mounted, 0 remain pending
[2019.03.17-17.42.41:185][  0]LogPakFile: Registered encryption key '00000000000000000000000000000000': 0 pak files mounted, 0 remain pending
[2019.03.17-17.42.41:245][  0]LogPakFile: Registered encryption key '00000000000000000000000000000000': 0 pak files mounted, 0 remain pending
[2019.03.17-17.42.41:267][  0]LogPakFile: Registered encryption key '00000000000000000000000000000000': 0 pak files mounted, 0 remain pending
[2019.03.17-17.42.41:293][  0]LogPakFile: Registered encryption key '00000000000000000000000000000000': 0 pak files mounted, 0 remain pending
[2019.03.17-17.42.41:331][  0]LogPakFile: Registered encryption key '00000000000000000000000000000000': 0 pak files mounted, 0 remain pending
[2019.03.17-17.42.41:348][  0]LogPakFile: Registered encryption key '00000000000000000000000000000000': 0 pak files mounted, 0 remain pending
[2019.03.17-17.42.41:356][  0]LogPakFile: Registered encryption key '00000000000000000000000000000000': 0 pak files mounted, 0 remain pending
[2019.03.17-17.42.43:201][  0]LogContentBrowser: Native class hierarchy updated for 'AddContentDialog' in 0.0010 seconds. Added 0 classes and 0 folders.
[2019.03.17-17.42.43:245][  0]LogContentBrowser: Native class hierarchy updated for 'SceneOutliner' in 0.0011 seconds. Added 1 classes and 2 folders.
[2019.03.17-17.42.43:576][  0]LogSlate: Took 0.029561 seconds to synchronously load lazily loaded font '../../../Engine/Content/Slate/Fonts/Roboto-Regular.ttf' (155K)
[2019.03.17-17.42.43:606][  0]LogSlate: Took 0.026966 seconds to synchronously load lazily loaded font '../../../Engine/Content/Slate/Fonts/Roboto-Bold.ttf' (160K)
[2019.03.17-17.42.43:656][  0]LogSlate: Took 0.022278 seconds to synchronously load lazily loaded font '../../../Engine/Content/Editor/Slate/Fonts/FontAwesome.ttf' (139K)
[2019.03.17-17.42.44:125][  0]LogRenderer: Reallocating scene render targets to support 732x360 Format 10 NumSamples 1 (Frame:1).
[2019.03.17-17.42.44:731][  0]LogSlate: Took 0.013944 seconds to synchronously load lazily loaded font '../../../Engine/Content/Slate/Fonts/Roboto-Light.ttf' (167K)
[2019.03.17-17.42.44:956][  0]LogContentBrowser: Native class hierarchy updated for 'HierarchicalLODOutliner' in 0.0007 seconds. Added 0 classes and 0 folders.
[2019.03.17-17.42.44:956][  0]LogLoad: (Engine Initialization) Total time: 84.10 seconds
[2019.03.17-17.42.44:956][  0]LogLoad: (Engine Initialization) Total Blueprint compile time: 0.00 seconds
[2019.03.17-17.42.45:055][  0]LogContentStreaming: Texture pool size now 1000 MB
[2019.03.17-17.42.45:653][  2]LogAssetRegistry: Asset discovery search completed in 49.3671 seconds
[2019.03.17-17.42.45:655][  2]LogCollectionManager: Rebuilt the object cache for 0 collections in 0.000001 seconds (found 0 objects)
[2019.03.17-17.42.45:655][  2]LogCollectionManager: Fixed up redirectors for 0 collections in 0.000067 seconds (updated 0 objects)
[2019.03.17-17.42.59:789][849]LogSlate: FSceneViewport::OnFocusLost() reason 0
[2019.03.17-17.42.59:914][855]LogVSAccessor: Warning: Couldn't access Visual Studio
[2019.03.17-17.42.59:932][855]Candidate modules for hot reload:
[2019.03.17-17.42.59:932][855]  ScaryMaze
[2019.03.17-17.42.59:932][855]Launching UnrealBuildTool... [C:/Program Files/Epic Games/UE_4.21/Engine/Binaries/DotNET/UnrealBuildTool.exe  -ModuleWithSuffix=ScaryMaze,5659 Win64 Development -TargetType=Editor -Project="../../../../../../Users/james/Desktop/Processes for OOS/COP4331 Project/ScaryMaze/ScaryMaze.uproject" -canskiplink "C:/Users/james/Desktop/Processes for OOS/COP4331 Project/ScaryMaze/ScaryMaze.uproject" ]
[2019.03.17-17.42.59:938][855]Warning: Starting HotReload took  0.0s.
[2019.03.17-17.43.14:262][711]CompilerResultsLog: New page: Compilation - Mar 17, 2019, 9:43:14 AM
[2019.03.17-17.43.14:268][711]CompilerResultsLog: Using 'git status' to determine working set for adaptive non-unity build (C:\Users\james\Desktop\Processes for OOS\COP4331 Project).
[2019.03.17-17.43.14:268][711]CompilerResultsLog: Creating makefile for hot reloading ScaryMazeEditor (modules to compile have changed)
[2019.03.17-17.43.14:268][711]CompilerResultsLog: Compiling game modules for hot reload
[2019.03.17-17.43.14:268][711]CompilerResultsLog: Using Visual Studio 2017 14.16.27023 toolchain (C:\Program Files (x86)\Microsoft Visual Studio\2017\Community\VC\Tools\MSVC\14.16.27023) and Windows 10.0.17763.0 SDK (C:\Program Files (x86)\Windows Kits\10).
[2019.03.17-17.43.14:269][711]CompilerResultsLog: Building 10 actions with 4 processes...
[2019.03.17-17.43.14:269][711]CompilerResultsLog:   [1/10] Ground.gen.cpp
[2019.03.17-17.43.14:269][711]CompilerResultsLog:    C:\Users\james\Desktop\Processes for OOS\COP4331 Project\ScaryMaze\Source\ScaryMaze/Ground.h(14) : error C2079: 'AGround' uses undefined class 'UNREAL_PRACTICE_API'
[2019.03.17-17.43.14:269][711]CompilerResultsLog:    C:\Users\james\Desktop\Processes for OOS\COP4331 Project\ScaryMaze\Source\ScaryMaze/Ground.h(14) : error C2143: syntax error: missing ';' before ':'
[2019.03.17-17.43.14:269][711]CompilerResultsLog:    C:\Users\james\Desktop\Processes for OOS\COP4331 Project\ScaryMaze\Source\ScaryMaze/Ground.h(14) : error C2059: syntax error: ':'
[2019.03.17-17.43.14:269][711]CompilerResultsLog:    C:\Users\james\Desktop\Processes for OOS\COP4331 Project\ScaryMaze\Source\ScaryMaze/Ground.h(14) : error C2059: syntax error: 'public'
[2019.03.17-17.43.14:269][711]CompilerResultsLog:    C:\Users\james\Desktop\Processes for OOS\COP4331 Project\ScaryMaze\Source\ScaryMaze/Ground.h(15) : error C2143: syntax error: missing ';' before '{'
[2019.03.17-17.43.14:269][711]CompilerResultsLog:    C:\Users\james\Desktop\Processes for OOS\COP4331 Project\ScaryMaze\Source\ScaryMaze/Ground.h(15) : error C2447: '{': missing function header (old-style formal list?)
[2019.03.17-17.43.14:270][711]CompilerResultsLog:    C:\Users\james\Desktop\Processes for OOS\COP4331 Project\ScaryMaze\Intermediate\Build\Win64\UE4Editor\Inc\ScaryMaze\Ground.gen.cpp(22) : error C2825: 'AGround': must be a class or namespace when followed by '::'
[2019.03.17-17.43.14:270][711]CompilerResultsLog:    C:\Users\james\Desktop\Processes for OOS\COP4331 Project\ScaryMaze\Intermediate\Build\Win64\UE4Editor\Inc\ScaryMaze\Ground.gen.cpp(22) : error C2510: 'AGround': left of '::' must be a class/struct/union
[2019.03.17-17.43.14:270][711]CompilerResultsLog:    C:\Users\james\Desktop\Processes for OOS\COP4331 Project\ScaryMaze\Intermediate\Build\Win64\UE4Editor\Inc\ScaryMaze\Ground.gen.cpp(27) : error C2825: 'AGround': must be a class or namespace when followed by '::'
[2019.03.17-17.43.14:270][711]CompilerResultsLog:    C:\Users\james\Desktop\Processes for OOS\COP4331 Project\ScaryMaze\Intermediate\Build\Win64\UE4Editor\Inc\ScaryMaze\Ground.gen.cpp(27) : error C2510: 'AGround': left of '::' must be a class/struct/union
[2019.03.17-17.43.14:270][711]CompilerResultsLog:    C:\Users\james\Desktop\Processes for OOS\COP4331 Project\ScaryMaze\Intermediate\Build\Win64\UE4Editor\Inc\ScaryMaze\Ground.gen.cpp(27) : error C3861: 'StaticClass': identifier not found
[2019.03.17-17.43.14:270][711]CompilerResultsLog:    C:\Users\james\Desktop\Processes for OOS\COP4331 Project\ScaryMaze\Intermediate\Build\Win64\UE4Editor\Inc\ScaryMaze\Ground.gen.cpp(61) : error C2132: syntax error: unexpected identifier
[2019.03.17-17.43.14:270][711]CompilerResultsLog:   C:\Users\james\Desktop\Processes for OOS\COP4331 Project\ScaryMaze\Intermediate\Build\Win64\UE4Editor\Inc\ScaryMaze\Ground.gen.cpp(61): note: offsetof has a builtin meaning; use /Zc:offsetof- to revert to old, non-conforming definition
[2019.03.17-17.43.14:270][711]CompilerResultsLog:    C:\Users\james\Desktop\Processes for OOS\COP4331 Project\ScaryMaze\Intermediate\Build\Win64\UE4Editor\Inc\ScaryMaze\Ground.gen.cpp(66) : error C2923: 'TCppClassTypeTraits': 'AGround' is not a valid template type argument for parameter 'CPPCLASS'
[2019.03.17-17.43.14:270][711]CompilerResultsLog:   C:\Users\james\Desktop\Processes for OOS\COP4331 Project\ScaryMaze\Source\ScaryMaze/Ground.h(14): note: see declaration of 'AGround'
[2019.03.17-17.43.14:271][711]CompilerResultsLog:    C:\Users\james\Desktop\Processes for OOS\COP4331 Project\ScaryMaze\Intermediate\Build\Win64\UE4Editor\Inc\ScaryMaze\Ground.gen.cpp(66) : error C2955: 'TCppClassTypeTraits': use of class template requires template argument list
[2019.03.17-17.43.14:271][711]CompilerResultsLog:   C:\Program Files\Epic Games\UE_4.21\Engine\Source\Runtime\CoreUObject\Public\UObject/Class.h(1951): note: see declaration of 'TCppClassTypeTraits'
[2019.03.17-17.43.14:271][711]CompilerResultsLog:   C:\Users\james\Desktop\Processes for OOS\COP4331 Project\ScaryMaze\Intermediate\Build\Win64\UE4Editor\Inc\ScaryMaze\Ground.gen.cpp(67): warning C4305: 'initializing': truncation from 'TCppClassTypeTraits<CPPCLASS>::<unnamed-enum-IsAbstract>' to 'bool'
[2019.03.17-17.43.14:271][711]CompilerResultsLog:    C:\Users\james\Desktop\Processes for OOS\COP4331 Project\ScaryMaze\Intermediate\Build\Win64\UE4Editor\Inc\ScaryMaze\Ground.gen.cpp(69) : error C2825: 'AGround': must be a class or namespace when followed by '::'
[2019.03.17-17.43.14:271][711]CompilerResultsLog:    C:\Users\james\Desktop\Processes for OOS\COP4331 Project\ScaryMaze\Intermediate\Build\Win64\UE4Editor\Inc\ScaryMaze\Ground.gen.cpp(69) : error C2510: 'AGround': left of '::' must be a class/struct/union
[2019.03.17-17.43.14:271][711]CompilerResultsLog:    C:\Users\james\Desktop\Processes for OOS\COP4331 Project\ScaryMaze\Intermediate\Build\Win64\UE4Editor\Inc\ScaryMaze\Ground.gen.cpp(69) : error C2065: 'StaticClass': undeclared identifier
[2019.03.17-17.43.14:271][711]CompilerResultsLog:    C:\Users\james\Desktop\Processes for OOS\COP4331 Project\ScaryMaze\Intermediate\Build\Win64\UE4Editor\Inc\ScaryMaze\Ground.gen.cpp(88) : error C2923: 'TClassCompiledInDefer': 'AGround' is not a valid template type argument for parameter 'TClass'
[2019.03.17-17.43.14:271][711]CompilerResultsLog:   C:\Users\james\Desktop\Processes for OOS\COP4331 Project\ScaryMaze\Source\ScaryMaze/Ground.h(14): note: see declaration of 'AGround'
[2019.03.17-17.43.14:271][711]CompilerResultsLog:    C:\Users\james\Desktop\Processes for OOS\COP4331 Project\ScaryMaze\Intermediate\Build\Win64\UE4Editor\Inc\ScaryMaze\Ground.gen.cpp(88) : error C2514: 'TClassCompiledInDefer': class has no constructors
[2019.03.17-17.43.14:271][711]CompilerResultsLog:   C:\Program Files\Epic Games\UE_4.21\Engine\Source\Runtime\CoreUObject\Public\UObject/UObjectBase.h(319): note: see declaration of 'TClassCompiledInDefer'
[2019.03.17-17.43.14:271][711]CompilerResultsLog:    C:\Users\james\Desktop\Processes for OOS\COP4331 Project\ScaryMaze\Intermediate\Build\Win64\UE4Editor\Inc\ScaryMaze\Ground.gen.cpp(88) : error C2825: 'AGround': must be a class or namespace when followed by '::'
[2019.03.17-17.43.14:271][711]CompilerResultsLog:    C:\Users\james\Desktop\Processes for OOS\COP4331 Project\ScaryMaze\Intermediate\Build\Win64\UE4Editor\Inc\ScaryMaze\Ground.gen.cpp(88) : error C2510: 'AGround': left of '::' must be a class/struct/union
[2019.03.17-17.43.14:272][711]CompilerResultsLog:    C:\Users\james\Desktop\Processes for OOS\COP4331 Project\ScaryMaze\Intermediate\Build\Win64\UE4Editor\Inc\ScaryMaze\Ground.gen.cpp(88) : error C3861: 'StaticPackage': identifier not found
[2019.03.17-17.43.14:272][711]CompilerResultsLog:    C:\Users\james\Desktop\Processes for OOS\COP4331 Project\ScaryMaze\Intermediate\Build\Win64\UE4Editor\Inc\ScaryMaze\Ground.gen.cpp(88) : error C2065: 'StaticClassFlags': undeclared identifier
[2019.03.17-17.43.14:272][711]CompilerResultsLog:    C:\Users\james\Desktop\Processes for OOS\COP4331 Project\ScaryMaze\Intermediate\Build\Win64\UE4Editor\Inc\ScaryMaze\Ground.gen.cpp(88) : error C3861: 'StaticClassCastFlags': identifier not found
[2019.03.17-17.43.14:272][711]CompilerResultsLog:    C:\Users\james\Desktop\Processes for OOS\COP4331 Project\ScaryMaze\Intermediate\Build\Win64\UE4Editor\Inc\ScaryMaze\Ground.gen.cpp(88) : error C3861: 'StaticConfigName': identifier not found
[2019.03.17-17.43.14:272][711]CompilerResultsLog:    C:\Users\james\Desktop\Processes for OOS\COP4331 Project\ScaryMaze\Intermediate\Build\Win64\UE4Editor\Inc\ScaryMaze\Ground.gen.cpp(88) : error C2440: 'type cast': cannot convert from 'void (__cdecl *)(const FObjectInitializer &)' to 'UClass::ClassConstructorType'
[2019.03.17-17.43.14:272][711]CompilerResultsLog:   C:\Users\james\Desktop\Processes for OOS\COP4331 Project\ScaryMaze\Intermediate\Build\Win64\UE4Editor\Inc\ScaryMaze\Ground.gen.cpp(88): note: None of the functions with this name in scope match the target type
[2019.03.17-17.43.14:272][711]CompilerResultsLog:    C:\Users\james\Desktop\Processes for OOS\COP4331 Project\ScaryMaze\Intermediate\Build\Win64\UE4Editor\Inc\ScaryMaze\Ground.gen.cpp(88) : error C2440: 'type cast': cannot convert from 'UObject *(__cdecl *)(FVTableHelper &)' to 'UClass::ClassVTableHelperCtorCallerType'
[2019.03.17-17.43.14:272][711]CompilerResultsLog:   C:\Users\james\Desktop\Processes for OOS\COP4331 Project\ScaryMaze\Intermediate\Build\Win64\UE4Editor\Inc\ScaryMaze\Ground.gen.cpp(88): note: None of the functions with this name in scope match the target type
[2019.03.17-17.43.14:272][711]CompilerResultsLog:    C:\Users\james\Desktop\Processes for OOS\COP4331 Project\ScaryMaze\Intermediate\Build\Win64\UE4Editor\Inc\ScaryMaze\Ground.gen.cpp(88) : error C2065: 'AddReferencedObjects': undeclared identifier
[2019.03.17-17.43.14:272][711]CompilerResultsLog:    C:\Users\james\Desktop\Processes for OOS\COP4331 Project\ScaryMaze\Intermediate\Build\Win64\UE4Editor\Inc\ScaryMaze\Ground.gen.cpp(88) : error C2065: 'StaticClass': undeclared identifier
[2019.03.17-17.43.14:273][711]CompilerResultsLog:    C:\Users\james\Desktop\Processes for OOS\COP4331 Project\ScaryMaze\Intermediate\Build\Win64\UE4Editor\Inc\ScaryMaze\Ground.gen.cpp(89) : error C2825: 'AGround': must be a class or namespace when followed by '::'
[2019.03.17-17.43.14:273][711]CompilerResultsLog:    C:\Users\james\Desktop\Processes for OOS\COP4331 Project\ScaryMaze\Intermediate\Build\Win64\UE4Editor\Inc\ScaryMaze\Ground.gen.cpp(89) : error C2510: 'AGround': left of '::' must be a class/struct/union
[2019.03.17-17.43.14:273][711]CompilerResultsLog:    C:\Users\james\Desktop\Processes for OOS\COP4331 Project\ScaryMaze\Intermediate\Build\Win64\UE4Editor\Inc\ScaryMaze\Ground.gen.cpp(89) : error C2065: 'StaticClass': undeclared identifier
[2019.03.17-17.43.14:273][711]CompilerResultsLog:    C:\Users\james\Desktop\Processes for OOS\COP4331 Project\ScaryMaze\Intermediate\Build\Win64\UE4Editor\Inc\ScaryMaze\Ground.gen.cpp(90) : error C2825: 'AGround': must be a class or namespace when followed by '::'
[2019.03.17-17.43.14:273][711]CompilerResultsLog:    C:\Users\james\Desktop\Processes for OOS\COP4331 Project\ScaryMaze\Intermediate\Build\Win64\UE4Editor\Inc\ScaryMaze\Ground.gen.cpp(90) : error C2510: 'AGround': left of '::' must be a class/struct/union
[2019.03.17-17.43.14:273][711]CompilerResultsLog:    C:\Users\james\Desktop\Processes for OOS\COP4331 Project\ScaryMaze\Intermediate\Build\Win64\UE4Editor\Inc\ScaryMaze\Ground.gen.cpp(90) : error C4430: missing type specifier - int assumed. Note: C++ does not support default-int
[2019.03.17-17.43.14:273][711]CompilerResultsLog:    C:\Users\james\Desktop\Processes for OOS\COP4331 Project\ScaryMaze\Intermediate\Build\Win64\UE4Editor\Inc\ScaryMaze\Ground.gen.cpp(90) : error C2365: 'AGround': redefinition; previous definition was 'data variable'
[2019.03.17-17.43.14:273][711]CompilerResultsLog:   C:\Users\james\Desktop\Processes for OOS\COP4331 Project\ScaryMaze\Source\ScaryMaze/Ground.h(14): note: see declaration of 'AGround'
[2019.03.17-17.43.14:273][711]CompilerResultsLog:    C:\Users\james\Desktop\Processes for OOS\COP4331 Project\ScaryMaze\Intermediate\Build\Win64\UE4Editor\Inc\ScaryMaze\Ground.gen.cpp(90) : error C2550: 'AGround': constructor initializer lists are only allowed on constructor definitions
[2019.03.17-17.43.14:273][711]CompilerResultsLog:   [2/10] Wall.gen.cpp
[2019.03.17-17.43.14:274][711]CompilerResultsLog:    C:\Users\james\Desktop\Processes for OOS\COP4331 Project\ScaryMaze\Source\ScaryMaze/Wall.h(14) : error C2079: 'AWall' uses undefined class 'UNREAL_PRACTICE_API'
[2019.03.17-17.43.14:274][711]CompilerResultsLog:    C:\Users\james\Desktop\Processes for OOS\COP4331 Project\ScaryMaze\Source\ScaryMaze/Wall.h(14) : error C2143: syntax error: missing ';' before ':'
[2019.03.17-17.43.14:274][711]CompilerResultsLog:    C:\Users\james\Desktop\Processes for OOS\COP4331 Project\ScaryMaze\Source\ScaryMaze/Wall.h(14) : error C2059: syntax error: ':'
[2019.03.17-17.43.14:274][711]CompilerResultsLog:    C:\Users\james\Desktop\Processes for OOS\COP4331 Project\ScaryMaze\Source\ScaryMaze/Wall.h(14) : error C2059: syntax error: 'public'
[2019.03.17-17.43.14:274][711]CompilerResultsLog:    C:\Users\james\Desktop\Processes for OOS\COP4331 Project\ScaryMaze\Source\ScaryMaze/Wall.h(15) : error C2143: syntax error: missing ';' before '{'
[2019.03.17-17.43.14:274][711]CompilerResultsLog:    C:\Users\james\Desktop\Processes for OOS\COP4331 Project\ScaryMaze\Source\ScaryMaze/Wall.h(15) : error C2447: '{': missing function header (old-style formal list?)
[2019.03.17-17.43.14:274][711]CompilerResultsLog:    C:\Users\james\Desktop\Processes for OOS\COP4331 Project\ScaryMaze\Intermediate\Build\Win64\UE4Editor\Inc\ScaryMaze\Wall.gen.cpp(26) : error C2825: 'AWall': must be a class or namespace when followed by '::'
[2019.03.17-17.43.14:274][711]CompilerResultsLog:    C:\Users\james\Desktop\Processes for OOS\COP4331 Project\ScaryMaze\Intermediate\Build\Win64\UE4Editor\Inc\ScaryMaze\Wall.gen.cpp(26) : error C2510: 'AWall': left of '::' must be a class/struct/union
[2019.03.17-17.43.14:274][711]CompilerResultsLog:    C:\Users\james\Desktop\Processes for OOS\COP4331 Project\ScaryMaze\Intermediate\Build\Win64\UE4Editor\Inc\ScaryMaze\Wall.gen.cpp(28) : error C2825: 'AWall': must be a class or namespace when followed by '::'
[2019.03.17-17.43.14:274][711]CompilerResultsLog:    C:\Users\james\Desktop\Processes for OOS\COP4331 Project\ScaryMaze\Intermediate\Build\Win64\UE4Editor\Inc\ScaryMaze\Wall.gen.cpp(28) : error C2510: 'AWall': left of '::' must be a class/struct/union
[2019.03.17-17.43.14:274][711]CompilerResultsLog:    C:\Users\james\Desktop\Processes for OOS\COP4331 Project\ScaryMaze\Intermediate\Build\Win64\UE4Editor\Inc\ScaryMaze\Wall.gen.cpp(28) : error C3861: 'StaticClass': identifier not found
[2019.03.17-17.43.14:274][711]CompilerResultsLog:    C:\Users\james\Desktop\Processes for OOS\COP4331 Project\ScaryMaze\Intermediate\Build\Win64\UE4Editor\Inc\ScaryMaze\Wall.gen.cpp(30) : error C2825: 'AWall': must be a class or namespace when followed by '::'
[2019.03.17-17.43.14:275][711]CompilerResultsLog:    C:\Users\james\Desktop\Processes for OOS\COP4331 Project\ScaryMaze\Intermediate\Build\Win64\UE4Editor\Inc\ScaryMaze\Wall.gen.cpp(30) : error C2510: 'AWall': left of '::' must be a class/struct/union
[2019.03.17-17.43.14:275][711]CompilerResultsLog:    C:\Users\james\Desktop\Processes for OOS\COP4331 Project\ScaryMaze\Intermediate\Build\Win64\UE4Editor\Inc\ScaryMaze\Wall.gen.cpp(30) : error C2065: 'execGetIsBoundary': undeclared identifier
[2019.03.17-17.43.14:275][711]CompilerResultsLog:    C:\Users\james\Desktop\Processes for OOS\COP4331 Project\ScaryMaze\Intermediate\Build\Win64\UE4Editor\Inc\ScaryMaze\Wall.gen.cpp(31) : error C2825: 'AWall': must be a class or namespace when followed by '::'
[2019.03.17-17.43.14:275][711]CompilerResultsLog:    C:\Users\james\Desktop\Processes for OOS\COP4331 Project\ScaryMaze\Intermediate\Build\Win64\UE4Editor\Inc\ScaryMaze\Wall.gen.cpp(31) : error C2510: 'AWall': left of '::' must be a class/struct/union
[2019.03.17-17.43.14:275][711]CompilerResultsLog:    C:\Users\james\Desktop\Processes for OOS\COP4331 Project\ScaryMaze\Intermediate\Build\Win64\UE4Editor\Inc\ScaryMaze\Wall.gen.cpp(31) : error C2065: 'execGetIsVisited': undeclared identifier
[2019.03.17-17.43.14:275][711]CompilerResultsLog:    C:\Users\james\Desktop\Processes for OOS\COP4331 Project\ScaryMaze\Intermediate\Build\Win64\UE4Editor\Inc\ScaryMaze\Wall.gen.cpp(32) : error C2825: 'AWall': must be a class or namespace when followed by '::'
[2019.03.17-17.43.14:275][711]CompilerResultsLog:    C:\Users\james\Desktop\Processes for OOS\COP4331 Project\ScaryMaze\Intermediate\Build\Win64\UE4Editor\Inc\ScaryMaze\Wall.gen.cpp(32) : error C2510: 'AWall': left of '::' must be a class/struct/union
[2019.03.17-17.43.14:275][711]CompilerResultsLog:    C:\Users\james\Desktop\Processes for OOS\COP4331 Project\ScaryMaze\Intermediate\Build\Win64\UE4Editor\Inc\ScaryMaze\Wall.gen.cpp(32) : error C2065: 'execSetIsBoundary': undeclared identifier
[2019.03.17-17.43.14:275][711]CompilerResultsLog:    C:\Users\james\Desktop\Processes for OOS\COP4331 Project\ScaryMaze\Intermediate\Build\Win64\UE4Editor\Inc\ScaryMaze\Wall.gen.cpp(33) : error C2825: 'AWall': must be a class or namespace when followed by '::'
[2019.03.17-17.43.14:275][711]CompilerResultsLog:    C:\Users\james\Desktop\Processes for OOS\COP4331 Project\ScaryMaze\Intermediate\Build\Win64\UE4Editor\Inc\ScaryMaze\Wall.gen.cpp(33) : error C2510: 'AWall': left of '::' must be a class/struct/union
[2019.03.17-17.43.14:275][711]CompilerResultsLog:    C:\Users\james\Desktop\Processes for OOS\COP4331 Project\ScaryMaze\Intermediate\Build\Win64\UE4Editor\Inc\ScaryMaze\Wall.gen.cpp(33) : error C2065: 'execSetIsVisited': undeclared identifier
[2019.03.17-17.43.14:276][711]CompilerResultsLog:    C:\Users\james\Desktop\Processes for OOS\COP4331 Project\ScaryMaze\Intermediate\Build\Win64\UE4Editor\Inc\ScaryMaze\Wall.gen.cpp(187) : error C2825: 'AWall': must be a class or namespace when followed by '::'
[2019.03.17-17.43.14:276][711]CompilerResultsLog:    C:\Users\james\Desktop\Processes for OOS\COP4331 Project\ScaryMaze\Intermediate\Build\Win64\UE4Editor\Inc\ScaryMaze\Wall.gen.cpp(187) : error C2510: 'AWall': left of '::' must be a class/struct/union
[2019.03.17-17.43.14:276][711]CompilerResultsLog:    C:\Users\james\Desktop\Processes for OOS\COP4331 Project\ScaryMaze\Intermediate\Build\Win64\UE4Editor\Inc\ScaryMaze\Wall.gen.cpp(187) : error C3861: 'StaticClass': identifier not found
[2019.03.17-17.43.14:276][711]CompilerResultsLog:    C:\Users\james\Desktop\Processes for OOS\COP4331 Project\ScaryMaze\Intermediate\Build\Win64\UE4Editor\Inc\ScaryMaze\Wall.gen.cpp(228) : error C2132: syntax error: unexpected identifier
[2019.03.17-17.43.14:276][711]CompilerResultsLog:   C:\Users\james\Desktop\Processes for OOS\COP4331 Project\ScaryMaze\Intermediate\Build\Win64\UE4Editor\Inc\ScaryMaze\Wall.gen.cpp(228): note: offsetof has a builtin meaning; use /Zc:offsetof- to revert to old, non-conforming definition
[2019.03.17-17.43.14:276][711]CompilerResultsLog:    C:\Users\james\Desktop\Processes for OOS\COP4331 Project\ScaryMaze\Intermediate\Build\Win64\UE4Editor\Inc\ScaryMaze\Wall.gen.cpp(233) : error C2923: 'TCppClassTypeTraits': 'AWall' is not a valid template type argument for parameter 'CPPCLASS'
[2019.03.17-17.43.14:276][711]CompilerResultsLog:   C:\Users\james\Desktop\Processes for OOS\COP4331 Project\ScaryMaze\Source\ScaryMaze/Wall.h(14): note: see declaration of 'AWall'
[2019.03.17-17.43.14:276][711]CompilerResultsLog:    C:\Users\james\Desktop\Processes for OOS\COP4331 Project\ScaryMaze\Intermediate\Build\Win64\UE4Editor\Inc\ScaryMaze\Wall.gen.cpp(233) : error C2955: 'TCppClassTypeTraits': use of class template requires template argument list
[2019.03.17-17.43.14:276][711]CompilerResultsLog:   C:\Program Files\Epic Games\UE_4.21\Engine\Source\Runtime\CoreUObject\Public\UObject/Class.h(1951): note: see declaration of 'TCppClassTypeTraits'
[2019.03.17-17.43.14:276][711]CompilerResultsLog:   C:\Users\james\Desktop\Processes for OOS\COP4331 Project\ScaryMaze\Intermediate\Build\Win64\UE4Editor\Inc\ScaryMaze\Wall.gen.cpp(234): warning C4305: 'initializing': truncation from 'TCppClassTypeTraits<CPPCLASS>::<unnamed-enum-IsAbstract>' to 'bool'
[2019.03.17-17.43.14:276][711]CompilerResultsLog:    C:\Users\james\Desktop\Processes for OOS\COP4331 Project\ScaryMaze\Intermediate\Build\Win64\UE4Editor\Inc\ScaryMaze\Wall.gen.cpp(236) : error C2825: 'AWall': must be a class or namespace when followed by '::'
[2019.03.17-17.43.14:276][711]CompilerResultsLog:    C:\Users\james\Desktop\Processes for OOS\COP4331 Project\ScaryMaze\Intermediate\Build\Win64\UE4Editor\Inc\ScaryMaze\Wall.gen.cpp(236) : error C2510: 'AWall': left of '::' must be a class/struct/union
[2019.03.17-17.43.14:276][711]CompilerResultsLog:    C:\Users\james\Desktop\Processes for OOS\COP4331 Project\ScaryMaze\Intermediate\Build\Win64\UE4Editor\Inc\ScaryMaze\Wall.gen.cpp(236) : error C2065: 'StaticClass': undeclared identifier
[2019.03.17-17.43.14:277][711]CompilerResultsLog:    C:\Users\james\Desktop\Processes for OOS\COP4331 Project\ScaryMaze\Intermediate\Build\Win64\UE4Editor\Inc\ScaryMaze\Wall.gen.cpp(255) : error C2923: 'TClassCompiledInDefer': 'AWall' is not a valid template type argument for parameter 'TClass'
[2019.03.17-17.43.14:277][711]CompilerResultsLog:   C:\Users\james\Desktop\Processes for OOS\COP4331 Project\ScaryMaze\Source\ScaryMaze/Wall.h(14): note: see declaration of 'AWall'
[2019.03.17-17.43.14:277][711]CompilerResultsLog:    C:\Users\james\Desktop\Processes for OOS\COP4331 Project\ScaryMaze\Intermediate\Build\Win64\UE4Editor\Inc\ScaryMaze\Wall.gen.cpp(255) : error C2514: 'TClassCompiledInDefer': class has no constructors
[2019.03.17-17.43.14:277][711]CompilerResultsLog:   C:\Program Files\Epic Games\UE_4.21\Engine\Source\Runtime\CoreUObject\Public\UObject/UObjectBase.h(319): note: see declaration of 'TClassCompiledInDefer'
[2019.03.17-17.43.14:277][711]CompilerResultsLog:    C:\Users\james\Desktop\Processes for OOS\COP4331 Project\ScaryMaze\Intermediate\Build\Win64\UE4Editor\Inc\ScaryMaze\Wall.gen.cpp(255) : error C2825: 'AWall': must be a class or namespace when followed by '::'
[2019.03.17-17.43.14:277][711]CompilerResultsLog:    C:\Users\james\Desktop\Processes for OOS\COP4331 Project\ScaryMaze\Intermediate\Build\Win64\UE4Editor\Inc\ScaryMaze\Wall.gen.cpp(255) : error C2510: 'AWall': left of '::' must be a class/struct/union
[2019.03.17-17.43.14:277][711]CompilerResultsLog:    C:\Users\james\Desktop\Processes for OOS\COP4331 Project\ScaryMaze\Intermediate\Build\Win64\UE4Editor\Inc\ScaryMaze\Wall.gen.cpp(255) : error C3861: 'StaticPackage': identifier not found
[2019.03.17-17.43.14:277][711]CompilerResultsLog:    C:\Users\james\Desktop\Processes for OOS\COP4331 Project\ScaryMaze\Intermediate\Build\Win64\UE4Editor\Inc\ScaryMaze\Wall.gen.cpp(255) : error C2065: 'StaticClassFlags': undeclared identifier
[2019.03.17-17.43.14:277][711]CompilerResultsLog:    C:\Users\james\Desktop\Processes for OOS\COP4331 Project\ScaryMaze\Intermediate\Build\Win64\UE4Editor\Inc\ScaryMaze\Wall.gen.cpp(255) : error C3861: 'StaticClassCastFlags': identifier not found
[2019.03.17-17.43.14:277][711]CompilerResultsLog:    C:\Users\james\Desktop\Processes for OOS\COP4331 Project\ScaryMaze\Intermediate\Build\Win64\UE4Editor\Inc\ScaryMaze\Wall.gen.cpp(255) : error C3861: 'StaticConfigName': identifier not found
[2019.03.17-17.43.14:277][711]CompilerResultsLog:    C:\Users\james\Desktop\Processes for OOS\COP4331 Project\ScaryMaze\Intermediate\Build\Win64\UE4Editor\Inc\ScaryMaze\Wall.gen.cpp(255) : error C2440: 'type cast': cannot convert from 'void (__cdecl *)(const FObjectInitializer &)' to 'UClass::ClassConstructorType'
[2019.03.17-17.43.14:277][711]CompilerResultsLog:   C:\Users\james\Desktop\Processes for OOS\COP4331 Project\ScaryMaze\Intermediate\Build\Win64\UE4Editor\Inc\ScaryMaze\Wall.gen.cpp(255): note: None of the functions with this name in scope match the target type
[2019.03.17-17.43.14:278][711]CompilerResultsLog:    C:\Users\james\Desktop\Processes for OOS\COP4331 Project\ScaryMaze\Intermediate\Build\Win64\UE4Editor\Inc\ScaryMaze\Wall.gen.cpp(255) : error C2440: 'type cast': cannot convert from 'UObject *(__cdecl *)(FVTableHelper &)' to 'UClass::ClassVTableHelperCtorCallerType'
[2019.03.17-17.43.14:278][711]CompilerResultsLog:   C:\Users\james\Desktop\Processes for OOS\COP4331 Project\ScaryMaze\Intermediate\Build\Win64\UE4Editor\Inc\ScaryMaze\Wall.gen.cpp(255): note: None of the functions with this name in scope match the target type
[2019.03.17-17.43.14:278][711]CompilerResultsLog:    C:\Users\james\Desktop\Processes for OOS\COP4331 Project\ScaryMaze\Intermediate\Build\Win64\UE4Editor\Inc\ScaryMaze\Wall.gen.cpp(255) : error C2065: 'AddReferencedObjects': undeclared identifier
[2019.03.17-17.43.14:278][711]CompilerResultsLog:    C:\Users\james\Desktop\Processes for OOS\COP4331 Project\ScaryMaze\Intermediate\Build\Win64\UE4Editor\Inc\ScaryMaze\Wall.gen.cpp(255) : error C2065: 'StaticClass': undeclared identifier
[2019.03.17-17.43.14:278][711]CompilerResultsLog:    C:\Users\james\Desktop\Processes for OOS\COP4331 Project\ScaryMaze\Intermediate\Build\Win64\UE4Editor\Inc\ScaryMaze\Wall.gen.cpp(256) : error C2825: 'AWall': must be a class or namespace when followed by '::'
[2019.03.17-17.43.14:278][711]CompilerResultsLog:    C:\Users\james\Desktop\Processes for OOS\COP4331 Project\ScaryMaze\Intermediate\Build\Win64\UE4Editor\Inc\ScaryMaze\Wall.gen.cpp(256) : error C2510: 'AWall': left of '::' must be a class/struct/union
[2019.03.17-17.43.14:278][711]CompilerResultsLog:    C:\Users\james\Desktop\Processes for OOS\COP4331 Project\ScaryMaze\Intermediate\Build\Win64\UE4Editor\Inc\ScaryMaze\Wall.gen.cpp(256) : error C2065: 'StaticClass': undeclared identifier
[2019.03.17-17.43.14:278][711]CompilerResultsLog:    C:\Users\james\Desktop\Processes for OOS\COP4331 Project\ScaryMaze\Intermediate\Build\Win64\UE4Editor\Inc\ScaryMaze\Wall.gen.cpp(257) : error C2825: 'AWall': must be a class or namespace when followed by '::'
[2019.03.17-17.43.14:278][711]CompilerResultsLog:    C:\Users\james\Desktop\Processes for OOS\COP4331 Project\ScaryMaze\Intermediate\Build\Win64\UE4Editor\Inc\ScaryMaze\Wall.gen.cpp(257) : error C2510: 'AWall': left of '::' must be a class/struct/union
[2019.03.17-17.43.14:278][711]CompilerResultsLog:    C:\Users\james\Desktop\Processes for OOS\COP4331 Project\ScaryMaze\Intermediate\Build\Win64\UE4Editor\Inc\ScaryMaze\Wall.gen.cpp(257) : error C4430: missing type specifier - int assumed. Note: C++ does not support default-int
[2019.03.17-17.43.14:278][711]CompilerResultsLog:    C:\Users\james\Desktop\Processes for OOS\COP4331 Project\ScaryMaze\Intermediate\Build\Win64\UE4Editor\Inc\ScaryMaze\Wall.gen.cpp(257) : error C2365: 'AWall': redefinition; previous definition was 'data variable'
[2019.03.17-17.43.14:278][711]CompilerResultsLog:   C:\Users\james\Desktop\Processes for OOS\COP4331 Project\ScaryMaze\Source\ScaryMaze/Wall.h(14): note: see declaration of 'AWall'
[2019.03.17-17.43.14:278][711]CompilerResultsLog:    C:\Users\james\Desktop\Processes for OOS\COP4331 Project\ScaryMaze\Intermediate\Build\Win64\UE4Editor\Inc\ScaryMaze\Wall.gen.cpp(257) : error C2550: 'AWall': constructor initializer lists are only allowed on constructor definitions
[2019.03.17-17.43.14:279][711]CompilerResultsLog:   [3/10] Goal.gen.cpp
[2019.03.17-17.43.14:279][711]CompilerResultsLog:    C:\Users\james\Desktop\Processes for OOS\COP4331 Project\ScaryMaze\Source\ScaryMaze/Goal.h(12) : error C2079: 'AGoal' uses undefined class 'UNREAL_PRACTICE_API'
[2019.03.17-17.43.14:279][711]CompilerResultsLog:    C:\Users\james\Desktop\Processes for OOS\COP4331 Project\ScaryMaze\Source\ScaryMaze/Goal.h(12) : error C2143: syntax error: missing ';' before ':'
[2019.03.17-17.43.14:279][711]CompilerResultsLog:    C:\Users\james\Desktop\Processes for OOS\COP4331 Project\ScaryMaze\Source\ScaryMaze/Goal.h(12) : error C2059: syntax error: ':'
[2019.03.17-17.43.14:279][711]CompilerResultsLog:    C:\Users\james\Desktop\Processes for OOS\COP4331 Project\ScaryMaze\Source\ScaryMaze/Goal.h(12) : error C2059: syntax error: 'public'
[2019.03.17-17.43.14:279][711]CompilerResultsLog:    C:\Users\james\Desktop\Processes for OOS\COP4331 Project\ScaryMaze\Source\ScaryMaze/Goal.h(13) : error C2143: syntax error: missing ';' before '{'
[2019.03.17-17.43.14:279][711]CompilerResultsLog:    C:\Users\james\Desktop\Processes for OOS\COP4331 Project\ScaryMaze\Source\ScaryMaze/Goal.h(13) : error C2447: '{': missing function header (old-style formal list?)
[2019.03.17-17.43.14:279][711]CompilerResultsLog:    C:\Users\james\Desktop\Processes for OOS\COP4331 Project\ScaryMaze\Intermediate\Build\Win64\UE4Editor\Inc\ScaryMaze\Goal.gen.cpp(23) : error C2825: 'AGoal': must be a class or namespace when followed by '::'
[2019.03.17-17.43.14:279][711]CompilerResultsLog:    C:\Users\james\Desktop\Processes for OOS\COP4331 Project\ScaryMaze\Intermediate\Build\Win64\UE4Editor\Inc\ScaryMaze\Goal.gen.cpp(23) : error C2510: 'AGoal': left of '::' must be a class/struct/union
[2019.03.17-17.43.14:279][711]CompilerResultsLog:    C:\Users\james\Desktop\Processes for OOS\COP4331 Project\ScaryMaze\Intermediate\Build\Win64\UE4Editor\Inc\ScaryMaze\Goal.gen.cpp(28) : error C2825: 'AGoal': must be a class or namespace when followed by '::'
[2019.03.17-17.43.14:279][711]CompilerResultsLog:    C:\Users\james\Desktop\Processes for OOS\COP4331 Project\ScaryMaze\Intermediate\Build\Win64\UE4Editor\Inc\ScaryMaze\Goal.gen.cpp(28) : error C2510: 'AGoal': left of '::' must be a class/struct/union
[2019.03.17-17.43.14:279][711]CompilerResultsLog:    C:\Users\james\Desktop\Processes for OOS\COP4331 Project\ScaryMaze\Intermediate\Build\Win64\UE4Editor\Inc\ScaryMaze\Goal.gen.cpp(28) : error C3861: 'StaticClass': identifier not found
[2019.03.17-17.43.14:279][711]CompilerResultsLog:    C:\Users\james\Desktop\Processes for OOS\COP4331 Project\ScaryMaze\Intermediate\Build\Win64\UE4Editor\Inc\ScaryMaze\Goal.gen.cpp(66) : error C2132: syntax error: unexpected identifier
[2019.03.17-17.43.14:279][711]CompilerResultsLog:   C:\Users\james\Desktop\Processes for OOS\COP4331 Project\ScaryMaze\Intermediate\Build\Win64\UE4Editor\Inc\ScaryMaze\Goal.gen.cpp(66): note: offsetof has a builtin meaning; use /Zc:offsetof- to revert to old, non-conforming definition
[2019.03.17-17.43.14:279][711]CompilerResultsLog:    C:\Users\james\Desktop\Processes for OOS\COP4331 Project\ScaryMaze\Intermediate\Build\Win64\UE4Editor\Inc\ScaryMaze\Goal.gen.cpp(75) : error C2132: syntax error: unexpected identifier
[2019.03.17-17.43.14:279][711]CompilerResultsLog:   C:\Users\james\Desktop\Processes for OOS\COP4331 Project\ScaryMaze\Intermediate\Build\Win64\UE4Editor\Inc\ScaryMaze\Goal.gen.cpp(75): note: offsetof has a builtin meaning; use /Zc:offsetof- to revert to old, non-conforming definition
[2019.03.17-17.43.14:279][711]CompilerResultsLog:    C:\Users\james\Desktop\Processes for OOS\COP4331 Project\ScaryMaze\Intermediate\Build\Win64\UE4Editor\Inc\ScaryMaze\Goal.gen.cpp(81) : error C2923: 'TCppClassTypeTraits': 'AGoal' is not a valid template type argument for parameter 'CPPCLASS'
[2019.03.17-17.43.14:279][711]CompilerResultsLog:   C:\Users\james\Desktop\Processes for OOS\COP4331 Project\ScaryMaze\Source\ScaryMaze/Goal.h(12): note: see declaration of 'AGoal'
[2019.03.17-17.43.14:280][711]CompilerResultsLog:    C:\Users\james\Desktop\Processes for OOS\COP4331 Project\ScaryMaze\Intermediate\Build\Win64\UE4Editor\Inc\ScaryMaze\Goal.gen.cpp(81) : error C2955: 'TCppClassTypeTraits': use of class template requires template argument list
[2019.03.17-17.43.14:280][711]CompilerResultsLog:   C:\Program Files\Epic Games\UE_4.21\Engine\Source\Runtime\CoreUObject\Public\UObject/Class.h(1951): note: see declaration of 'TCppClassTypeTraits'
[2019.03.17-17.43.14:280][711]CompilerResultsLog:   C:\Users\james\Desktop\Processes for OOS\COP4331 Project\ScaryMaze\Intermediate\Build\Win64\UE4Editor\Inc\ScaryMaze\Goal.gen.cpp(82): warning C4305: 'initializing': truncation from 'TCppClassTypeTraits<CPPCLASS>::<unnamed-enum-IsAbstract>' to 'bool'
[2019.03.17-17.43.14:280][711]CompilerResultsLog:    C:\Users\james\Desktop\Processes for OOS\COP4331 Project\ScaryMaze\Intermediate\Build\Win64\UE4Editor\Inc\ScaryMaze\Goal.gen.cpp(84) : error C2825: 'AGoal': must be a class or namespace when followed by '::'
[2019.03.17-17.43.14:280][711]CompilerResultsLog:    C:\Users\james\Desktop\Processes for OOS\COP4331 Project\ScaryMaze\Intermediate\Build\Win64\UE4Editor\Inc\ScaryMaze\Goal.gen.cpp(84) : error C2510: 'AGoal': left of '::' must be a class/struct/union
[2019.03.17-17.43.14:280][711]CompilerResultsLog:    C:\Users\james\Desktop\Processes for OOS\COP4331 Project\ScaryMaze\Intermediate\Build\Win64\UE4Editor\Inc\ScaryMaze\Goal.gen.cpp(84) : error C2065: 'StaticClass': undeclared identifier
[2019.03.17-17.43.14:280][711]CompilerResultsLog:    C:\Users\james\Desktop\Processes for OOS\COP4331 Project\ScaryMaze\Intermediate\Build\Win64\UE4Editor\Inc\ScaryMaze\Goal.gen.cpp(103) : error C2923: 'TClassCompiledInDefer': 'AGoal' is not a valid template type argument for parameter 'TClass'
[2019.03.17-17.43.14:280][711]CompilerResultsLog:   C:\Users\james\Desktop\Processes for OOS\COP4331 Project\ScaryMaze\Source\ScaryMaze/Goal.h(12): note: see declaration of 'AGoal'
[2019.03.17-17.43.14:280][711]CompilerResultsLog:    C:\Users\james\Desktop\Processes for OOS\COP4331 Project\ScaryMaze\Intermediate\Build\Win64\UE4Editor\Inc\ScaryMaze\Goal.gen.cpp(103) : error C2514: 'TClassCompiledInDefer': class has no constructors
[2019.03.17-17.43.14:280][711]CompilerResultsLog:   C:\Program Files\Epic Games\UE_4.21\Engine\Source\Runtime\CoreUObject\Public\UObject/UObjectBase.h(319): note: see declaration of 'TClassCompiledInDefer'
[2019.03.17-17.43.14:280][711]CompilerResultsLog:    C:\Users\james\Desktop\Processes for OOS\COP4331 Project\ScaryMaze\Intermediate\Build\Win64\UE4Editor\Inc\ScaryMaze\Goal.gen.cpp(103) : error C2825: 'AGoal': must be a class or namespace when followed by '::'
[2019.03.17-17.43.14:280][711]CompilerResultsLog:    C:\Users\james\Desktop\Processes for OOS\COP4331 Project\ScaryMaze\Intermediate\Build\Win64\UE4Editor\Inc\ScaryMaze\Goal.gen.cpp(103) : error C2510: 'AGoal': left of '::' must be a class/struct/union
[2019.03.17-17.43.14:280][711]CompilerResultsLog:    C:\Users\james\Desktop\Processes for OOS\COP4331 Project\ScaryMaze\Intermediate\Build\Win64\UE4Editor\Inc\ScaryMaze\Goal.gen.cpp(103) : error C3861: 'StaticPackage': identifier not found
[2019.03.17-17.43.14:280][711]CompilerResultsLog:    C:\Users\james\Desktop\Processes for OOS\COP4331 Project\ScaryMaze\Intermediate\Build\Win64\UE4Editor\Inc\ScaryMaze\Goal.gen.cpp(103) : error C2065: 'StaticClassFlags': undeclared identifier
[2019.03.17-17.43.14:280][711]CompilerResultsLog:    C:\Users\james\Desktop\Processes for OOS\COP4331 Project\ScaryMaze\Intermediate\Build\Win64\UE4Editor\Inc\ScaryMaze\Goal.gen.cpp(103) : error C3861: 'StaticClassCastFlags': identifier not found
[2019.03.17-17.43.14:280][711]CompilerResultsLog:    C:\Users\james\Desktop\Processes for OOS\COP4331 Project\ScaryMaze\Intermediate\Build\Win64\UE4Editor\Inc\ScaryMaze\Goal.gen.cpp(103) : error C3861: 'StaticConfigName': identifier not found
[2019.03.17-17.43.14:280][711]CompilerResultsLog:    C:\Users\james\Desktop\Processes for OOS\COP4331 Project\ScaryMaze\Intermediate\Build\Win64\UE4Editor\Inc\ScaryMaze\Goal.gen.cpp(103) : error C2440: 'type cast': cannot convert from 'void (__cdecl *)(const FObjectInitializer &)' to 'UClass::ClassConstructorType'
[2019.03.17-17.43.14:281][711]CompilerResultsLog:   C:\Users\james\Desktop\Processes for OOS\COP4331 Project\ScaryMaze\Intermediate\Build\Win64\UE4Editor\Inc\ScaryMaze\Goal.gen.cpp(103): note: None of the functions with this name in scope match the target type
[2019.03.17-17.43.14:281][711]CompilerResultsLog:    C:\Users\james\Desktop\Processes for OOS\COP4331 Project\ScaryMaze\Intermediate\Build\Win64\UE4Editor\Inc\ScaryMaze\Goal.gen.cpp(103) : error C2440: 'type cast': cannot convert from 'UObject *(__cdecl *)(FVTableHelper &)' to 'UClass::ClassVTableHelperCtorCallerType'
[2019.03.17-17.43.14:281][711]CompilerResultsLog:   C:\Users\james\Desktop\Processes for OOS\COP4331 Project\ScaryMaze\Intermediate\Build\Win64\UE4Editor\Inc\ScaryMaze\Goal.gen.cpp(103): note: None of the functions with this name in scope match the target type
[2019.03.17-17.43.14:281][711]CompilerResultsLog:    C:\Users\james\Desktop\Processes for OOS\COP4331 Project\ScaryMaze\Intermediate\Build\Win64\UE4Editor\Inc\ScaryMaze\Goal.gen.cpp(103) : error C2065: 'AddReferencedObjects': undeclared identifier
[2019.03.17-17.43.14:281][711]CompilerResultsLog:    C:\Users\james\Desktop\Processes for OOS\COP4331 Project\ScaryMaze\Intermediate\Build\Win64\UE4Editor\Inc\ScaryMaze\Goal.gen.cpp(103) : error C2065: 'StaticClass': undeclared identifier
[2019.03.17-17.43.14:281][711]CompilerResultsLog:    C:\Users\james\Desktop\Processes for OOS\COP4331 Project\ScaryMaze\Intermediate\Build\Win64\UE4Editor\Inc\ScaryMaze\Goal.gen.cpp(104) : error C2825: 'AGoal': must be a class or namespace when followed by '::'
[2019.03.17-17.43.14:281][711]CompilerResultsLog:    C:\Users\james\Desktop\Processes for OOS\COP4331 Project\ScaryMaze\Intermediate\Build\Win64\UE4Editor\Inc\ScaryMaze\Goal.gen.cpp(104) : error C2510: 'AGoal': left of '::' must be a class/struct/union
[2019.03.17-17.43.14:281][711]CompilerResultsLog:    C:\Users\james\Desktop\Processes for OOS\COP4331 Project\ScaryMaze\Intermediate\Build\Win64\UE4Editor\Inc\ScaryMaze\Goal.gen.cpp(104) : error C2065: 'StaticClass': undeclared identifier
[2019.03.17-17.43.14:281][711]CompilerResultsLog:    C:\Users\james\Desktop\Processes for OOS\COP4331 Project\ScaryMaze\Intermediate\Build\Win64\UE4Editor\Inc\ScaryMaze\Goal.gen.cpp(105) : error C2825: 'AGoal': must be a class or namespace when followed by '::'
[2019.03.17-17.43.14:281][711]CompilerResultsLog:    C:\Users\james\Desktop\Processes for OOS\COP4331 Project\ScaryMaze\Intermediate\Build\Win64\UE4Editor\Inc\ScaryMaze\Goal.gen.cpp(105) : error C2510: 'AGoal': left of '::' must be a class/struct/union
[2019.03.17-17.43.14:281][711]CompilerResultsLog:    C:\Users\james\Desktop\Processes for OOS\COP4331 Project\ScaryMaze\Intermediate\Build\Win64\UE4Editor\Inc\ScaryMaze\Goal.gen.cpp(105) : error C4430: missing type specifier - int assumed. Note: C++ does not support default-int
[2019.03.17-17.43.14:281][711]CompilerResultsLog:    C:\Users\james\Desktop\Processes for OOS\COP4331 Project\ScaryMaze\Intermediate\Build\Win64\UE4Editor\Inc\ScaryMaze\Goal.gen.cpp(105) : error C2365: 'AGoal': redefinition; previous definition was 'data variable'
[2019.03.17-17.43.14:281][711]CompilerResultsLog:   C:\Users\james\Desktop\Processes for OOS\COP4331 Project\ScaryMaze\Source\ScaryMaze/Goal.h(12): note: see declaration of 'AGoal'
[2019.03.17-17.43.14:281][711]CompilerResultsLog:    C:\Users\james\Desktop\Processes for OOS\COP4331 Project\ScaryMaze\Intermediate\Build\Win64\UE4Editor\Inc\ScaryMaze\Goal.gen.cpp(105) : error C2550: 'AGoal': constructor initializer lists are only allowed on constructor definitions
[2019.03.17-17.43.14:281][711]CompilerResultsLog:   [4/10] Maze.gen.cpp
[2019.03.17-17.43.14:281][711]CompilerResultsLog:    c:\users\james\desktop\processes for oos\cop4331 project\scarymaze\source\scarymaze\Wall.h(14) : error C2079: 'AWall' uses undefined class 'UNREAL_PRACTICE_API'
[2019.03.17-17.43.14:281][711]CompilerResultsLog:    c:\users\james\desktop\processes for oos\cop4331 project\scarymaze\source\scarymaze\Wall.h(14) : error C2143: syntax error: missing ';' before ':'
[2019.03.17-17.43.14:281][711]CompilerResultsLog:    c:\users\james\desktop\processes for oos\cop4331 project\scarymaze\source\scarymaze\Wall.h(14) : error C2059: syntax error: ':'
[2019.03.17-17.43.14:281][711]CompilerResultsLog:    c:\users\james\desktop\processes for oos\cop4331 project\scarymaze\source\scarymaze\Wall.h(14) : error C2059: syntax error: 'public'
[2019.03.17-17.43.14:282][711]CompilerResultsLog:    c:\users\james\desktop\processes for oos\cop4331 project\scarymaze\source\scarymaze\Wall.h(15) : error C2143: syntax error: missing ';' before '{'
[2019.03.17-17.43.14:282][711]CompilerResultsLog:    c:\users\james\desktop\processes for oos\cop4331 project\scarymaze\source\scarymaze\Wall.h(15) : error C2447: '{': missing function header (old-style formal list?)
[2019.03.17-17.43.14:282][711]CompilerResultsLog:    c:\users\james\desktop\processes for oos\cop4331 project\scarymaze\source\scarymaze\Goal.h(12) : error C2079: 'AGoal' uses undefined class 'UNREAL_PRACTICE_API'
[2019.03.17-17.43.14:282][711]CompilerResultsLog:    c:\users\james\desktop\processes for oos\cop4331 project\scarymaze\source\scarymaze\Goal.h(12) : error C2143: syntax error: missing ';' before ':'
[2019.03.17-17.43.14:282][711]CompilerResultsLog:    c:\users\james\desktop\processes for oos\cop4331 project\scarymaze\source\scarymaze\Goal.h(12) : error C2059: syntax error: ':'
[2019.03.17-17.43.14:282][711]CompilerResultsLog:    c:\users\james\desktop\processes for oos\cop4331 project\scarymaze\source\scarymaze\Goal.h(12) : error C2059: syntax error: 'public'
[2019.03.17-17.43.14:282][711]CompilerResultsLog:    c:\users\james\desktop\processes for oos\cop4331 project\scarymaze\source\scarymaze\Goal.h(13) : error C2143: syntax error: missing ';' before '{'
[2019.03.17-17.43.14:282][711]CompilerResultsLog:    c:\users\james\desktop\processes for oos\cop4331 project\scarymaze\source\scarymaze\Goal.h(13) : error C2447: '{': missing function header (old-style formal list?)
[2019.03.17-17.43.14:282][711]CompilerResultsLog:    c:\users\james\desktop\processes for oos\cop4331 project\scarymaze\source\scarymaze\Ground.h(14) : error C2079: 'AGround' uses undefined class 'UNREAL_PRACTICE_API'
[2019.03.17-17.43.14:282][711]CompilerResultsLog:    c:\users\james\desktop\processes for oos\cop4331 project\scarymaze\source\scarymaze\Ground.h(14) : error C2143: syntax error: missing ';' before ':'
[2019.03.17-17.43.14:282][711]CompilerResultsLog:    c:\users\james\desktop\processes for oos\cop4331 project\scarymaze\source\scarymaze\Ground.h(14) : error C2059: syntax error: ':'
[2019.03.17-17.43.14:282][711]CompilerResultsLog:    c:\users\james\desktop\processes for oos\cop4331 project\scarymaze\source\scarymaze\Ground.h(14) : error C2059: syntax error: 'public'
[2019.03.17-17.43.14:282][711]CompilerResultsLog:    c:\users\james\desktop\processes for oos\cop4331 project\scarymaze\source\scarymaze\Ground.h(15) : error C2143: syntax error: missing ';' before '{'
[2019.03.17-17.43.14:282][711]CompilerResultsLog:    c:\users\james\desktop\processes for oos\cop4331 project\scarymaze\source\scarymaze\Ground.h(15) : error C2447: '{': missing function header (old-style formal list?)
[2019.03.17-17.43.14:282][711]CompilerResultsLog:    C:\Users\james\Desktop\Processes for OOS\COP4331 Project\ScaryMaze\Source\ScaryMaze/Maze.h(25) : error C2079: 'AMaze' uses undefined class 'UNREAL_PRACTICE_API'
[2019.03.17-17.43.14:282][711]CompilerResultsLog:    C:\Users\james\Desktop\Processes for OOS\COP4331 Project\ScaryMaze\Source\ScaryMaze/Maze.h(25) : error C2143: syntax error: missing ';' before ':'
[2019.03.17-17.43.14:282][711]CompilerResultsLog:    C:\Users\james\Desktop\Processes for OOS\COP4331 Project\ScaryMaze\Source\ScaryMaze/Maze.h(25) : error C2059: syntax error: ':'
[2019.03.17-17.43.14:282][711]CompilerResultsLog:    C:\Users\james\Desktop\Processes for OOS\COP4331 Project\ScaryMaze\Source\ScaryMaze/Maze.h(25) : error C2059: syntax error: 'public'
[2019.03.17-17.43.14:283][711]CompilerResultsLog:    C:\Users\james\Desktop\Processes for OOS\COP4331 Project\ScaryMaze\Source\ScaryMaze/Maze.h(26) : error C2143: syntax error: missing ';' before '{'
[2019.03.17-17.43.14:283][711]CompilerResultsLog:    C:\Users\james\Desktop\Processes for OOS\COP4331 Project\ScaryMaze\Source\ScaryMaze/Maze.h(26) : error C2447: '{': missing function header (old-style formal list?)
[2019.03.17-17.43.14:283][711]CompilerResultsLog:    C:\Users\james\Desktop\Processes for OOS\COP4331 Project\ScaryMaze\Intermediate\Build\Win64\UE4Editor\Inc\ScaryMaze\Maze.gen.cpp(43) : error C2825: 'AMaze': must be a class or namespace when followed by '::'
[2019.03.17-17.43.14:283][711]CompilerResultsLog:    C:\Users\james\Desktop\Processes for OOS\COP4331 Project\ScaryMaze\Intermediate\Build\Win64\UE4Editor\Inc\ScaryMaze\Maze.gen.cpp(43) : error C2510: 'AMaze': left of '::' must be a class/struct/union
[2019.03.17-17.43.14:283][711]CompilerResultsLog:    C:\Users\james\Desktop\Processes for OOS\COP4331 Project\ScaryMaze\Intermediate\Build\Win64\UE4Editor\Inc\ScaryMaze\Maze.gen.cpp(45) : error C2825: 'AMaze': must be a class or namespace when followed by '::'
[2019.03.17-17.43.14:283][711]CompilerResultsLog:    C:\Users\james\Desktop\Processes for OOS\COP4331 Project\ScaryMaze\Intermediate\Build\Win64\UE4Editor\Inc\ScaryMaze\Maze.gen.cpp(45) : error C2510: 'AMaze': left of '::' must be a class/struct/union
[2019.03.17-17.43.14:283][711]CompilerResultsLog:    C:\Users\james\Desktop\Processes for OOS\COP4331 Project\ScaryMaze\Intermediate\Build\Win64\UE4Editor\Inc\ScaryMaze\Maze.gen.cpp(45) : error C3861: 'StaticClass': identifier not found
[2019.03.17-17.43.14:283][711]CompilerResultsLog:    C:\Users\james\Desktop\Processes for OOS\COP4331 Project\ScaryMaze\Intermediate\Build\Win64\UE4Editor\Inc\ScaryMaze\Maze.gen.cpp(47) : error C2825: 'AMaze': must be a class or namespace when followed by '::'
[2019.03.17-17.43.14:283][711]CompilerResultsLog:    C:\Users\james\Desktop\Processes for OOS\COP4331 Project\ScaryMaze\Intermediate\Build\Win64\UE4Editor\Inc\ScaryMaze\Maze.gen.cpp(47) : error C2510: 'AMaze': left of '::' must be a class/struct/union
[2019.03.17-17.43.14:283][711]CompilerResultsLog:    C:\Users\james\Desktop\Processes for OOS\COP4331 Project\ScaryMaze\Intermediate\Build\Win64\UE4Editor\Inc\ScaryMaze\Maze.gen.cpp(47) : error C2065: 'execCreateMaze': undeclared identifier
[2019.03.17-17.43.14:283][711]CompilerResultsLog:    C:\Users\james\Desktop\Processes for OOS\COP4331 Project\ScaryMaze\Intermediate\Build\Win64\UE4Editor\Inc\ScaryMaze\Maze.gen.cpp(48) : error C2825: 'AMaze': must be a class or namespace when followed by '::'
[2019.03.17-17.43.14:283][711]CompilerResultsLog:    C:\Users\james\Desktop\Processes for OOS\COP4331 Project\ScaryMaze\Intermediate\Build\Win64\UE4Editor\Inc\ScaryMaze\Maze.gen.cpp(48) : error C2510: 'AMaze': left of '::' must be a class/struct/union
[2019.03.17-17.43.14:283][711]CompilerResultsLog:    C:\Users\james\Desktop\Processes for OOS\COP4331 Project\ScaryMaze\Intermediate\Build\Win64\UE4Editor\Inc\ScaryMaze\Maze.gen.cpp(48) : error C2065: 'execGenerateGround': undeclared identifier
[2019.03.17-17.43.14:284][711]CompilerResultsLog:    C:\Users\james\Desktop\Processes for OOS\COP4331 Project\ScaryMaze\Intermediate\Build\Win64\UE4Editor\Inc\ScaryMaze\Maze.gen.cpp(49) : error C2825: 'AMaze': must be a class or namespace when followed by '::'
[2019.03.17-17.43.14:284][711]CompilerResultsLog:    C:\Users\james\Desktop\Processes for OOS\COP4331 Project\ScaryMaze\Intermediate\Build\Win64\UE4Editor\Inc\ScaryMaze\Maze.gen.cpp(49) : error C2510: 'AMaze': left of '::' must be a class/struct/union
[2019.03.17-17.43.14:284][711]CompilerResultsLog:    C:\Users\james\Desktop\Processes for OOS\COP4331 Project\ScaryMaze\Intermediate\Build\Win64\UE4Editor\Inc\ScaryMaze\Maze.gen.cpp(49) : error C2065: 'execGetGoalIndex': undeclared identifier
[2019.03.17-17.43.14:284][711]CompilerResultsLog:    C:\Users\james\Desktop\Processes for OOS\COP4331 Project\ScaryMaze\Intermediate\Build\Win64\UE4Editor\Inc\ScaryMaze\Maze.gen.cpp(50) : error C2825: 'AMaze': must be a class or namespace when followed by '::'
[2019.03.17-17.43.14:284][711]CompilerResultsLog:    C:\Users\james\Desktop\Processes for OOS\COP4331 Project\ScaryMaze\Intermediate\Build\Win64\UE4Editor\Inc\ScaryMaze\Maze.gen.cpp(50) : error C2510: 'AMaze': left of '::' must be a class/struct/union
[2019.03.17-17.43.14:284][711]CompilerResultsLog:    C:\Users\james\Desktop\Processes for OOS\COP4331 Project\ScaryMaze\Intermediate\Build\Win64\UE4Editor\Inc\ScaryMaze\Maze.gen.cpp(50) : error C2065: 'execGetMazePath': undeclared identifier
[2019.03.17-17.43.14:284][711]CompilerResultsLog:    C:\Users\james\Desktop\Processes for OOS\COP4331 Project\ScaryMaze\Intermediate\Build\Win64\UE4Editor\Inc\ScaryMaze\Maze.gen.cpp(51) : error C2825: 'AMaze': must be a class or namespace when followed by '::'
[2019.03.17-17.43.14:284][711]CompilerResultsLog:    C:\Users\james\Desktop\Processes for OOS\COP4331 Project\ScaryMaze\Intermediate\Build\Win64\UE4Editor\Inc\ScaryMaze\Maze.gen.cpp(51) : error C2510: 'AMaze': left of '::' must be a class/struct/union
[2019.03.17-17.43.14:284][711]CompilerResultsLog:    C:\Users\james\Desktop\Processes for OOS\COP4331 Project\ScaryMaze\Intermediate\Build\Win64\UE4Editor\Inc\ScaryMaze\Maze.gen.cpp(51) : error C2065: 'execGetMazeWalls': undeclared identifier
[2019.03.17-17.43.14:284][711]CompilerResultsLog:    C:\Users\james\Desktop\Processes for OOS\COP4331 Project\ScaryMaze\Intermediate\Build\Win64\UE4Editor\Inc\ScaryMaze\Maze.gen.cpp(52) : error C2825: 'AMaze': must be a class or namespace when followed by '::'
[2019.03.17-17.43.14:284][711]CompilerResultsLog:    C:\Users\james\Desktop\Processes for OOS\COP4331 Project\ScaryMaze\Intermediate\Build\Win64\UE4Editor\Inc\ScaryMaze\Maze.gen.cpp(52) : error C2510: 'AMaze': left of '::' must be a class/struct/union
[2019.03.17-17.43.14:284][711]CompilerResultsLog:    C:\Users\james\Desktop\Processes for OOS\COP4331 Project\ScaryMaze\Intermediate\Build\Win64\UE4Editor\Inc\ScaryMaze\Maze.gen.cpp(52) : error C2065: 'execGetNextIndex': undeclared identifier
[2019.03.17-17.43.14:284][711]CompilerResultsLog:    C:\Users\james\Desktop\Processes for OOS\COP4331 Project\ScaryMaze\Intermediate\Build\Win64\UE4Editor\Inc\ScaryMaze\Maze.gen.cpp(53) : error C2825: 'AMaze': must be a class or namespace when followed by '::'
[2019.03.17-17.43.14:284][711]CompilerResultsLog:    C:\Users\james\Desktop\Processes for OOS\COP4331 Project\ScaryMaze\Intermediate\Build\Win64\UE4Editor\Inc\ScaryMaze\Maze.gen.cpp(53) : error C2510: 'AMaze': left of '::' must be a class/struct/union
[2019.03.17-17.43.14:284][711]CompilerResultsLog:    C:\Users\james\Desktop\Processes for OOS\COP4331 Project\ScaryMaze\Intermediate\Build\Win64\UE4Editor\Inc\ScaryMaze\Maze.gen.cpp(53) : error C2065: 'execGetStartIndex': undeclared identifier
[2019.03.17-17.43.14:284][711]CompilerResultsLog:    C:\Users\james\Desktop\Processes for OOS\COP4331 Project\ScaryMaze\Intermediate\Build\Win64\UE4Editor\Inc\ScaryMaze\Maze.gen.cpp(54) : error C2825: 'AMaze': must be a class or namespace when followed by '::'
[2019.03.17-17.43.14:284][711]CompilerResultsLog:    C:\Users\james\Desktop\Processes for OOS\COP4331 Project\ScaryMaze\Intermediate\Build\Win64\UE4Editor\Inc\ScaryMaze\Maze.gen.cpp(54) : error C2510: 'AMaze': left of '::' must be a class/struct/union
[2019.03.17-17.43.14:285][711]CompilerResultsLog:    C:\Users\james\Desktop\Processes for OOS\COP4331 Project\ScaryMaze\Intermediate\Build\Win64\UE4Editor\Inc\ScaryMaze\Maze.gen.cpp(54) : error C2065: 'execInitializeMaze': undeclared identifier
[2019.03.17-17.43.14:285][711]CompilerResultsLog:    C:\Users\james\Desktop\Processes for OOS\COP4331 Project\ScaryMaze\Intermediate\Build\Win64\UE4Editor\Inc\ScaryMaze\Maze.gen.cpp(55) : error C2825: 'AMaze': must be a class or namespace when followed by '::'
[2019.03.17-17.43.14:285][711]CompilerResultsLog:    C:\Users\james\Desktop\Processes for OOS\COP4331 Project\ScaryMaze\Intermediate\Build\Win64\UE4Editor\Inc\ScaryMaze\Maze.gen.cpp(55) : error C2510: 'AMaze': left of '::' must be a class/struct/union
[2019.03.17-17.43.14:285][711]CompilerResultsLog:    C:\Users\james\Desktop\Processes for OOS\COP4331 Project\ScaryMaze\Intermediate\Build\Win64\UE4Editor\Inc\ScaryMaze\Maze.gen.cpp(55) : error C2065: 'execIsOnOrOutOfBounds': undeclared identifier
[2019.03.17-17.43.14:285][711]CompilerResultsLog:    C:\Users\james\Desktop\Processes for OOS\COP4331 Project\ScaryMaze\Intermediate\Build\Win64\UE4Editor\Inc\ScaryMaze\Maze.gen.cpp(56) : error C2825: 'AMaze': must be a class or namespace when followed by '::'
[2019.03.17-17.43.14:285][711]CompilerResultsLog:    C:\Users\james\Desktop\Processes for OOS\COP4331 Project\ScaryMaze\Intermediate\Build\Win64\UE4Editor\Inc\ScaryMaze\Maze.gen.cpp(56) : error C2510: 'AMaze': left of '::' must be a class/struct/union
[2019.03.17-17.43.14:285][711]CompilerResultsLog:    C:\Users\james\Desktop\Processes for OOS\COP4331 Project\ScaryMaze\Intermediate\Build\Win64\UE4Editor\Inc\ScaryMaze\Maze.gen.cpp(56) : error C2065: 'execIsValidIndex': undeclared identifier
[2019.03.17-17.43.14:285][711]CompilerResultsLog:    C:\Users\james\Desktop\Processes for OOS\COP4331 Project\ScaryMaze\Intermediate\Build\Win64\UE4Editor\Inc\ScaryMaze\Maze.gen.cpp(57) : error C2825: 'AMaze': must be a class or namespace when followed by '::'
[2019.03.17-17.43.14:285][711]CompilerResultsLog:    C:\Users\james\Desktop\Processes for OOS\COP4331 Project\ScaryMaze\Intermediate\Build\Win64\UE4Editor\Inc\ScaryMaze\Maze.gen.cpp(57) : error C2510: 'AMaze': left of '::' must be a class/struct/union
[2019.03.17-17.43.14:285][711]CompilerResultsLog:    C:\Users\james\Desktop\Processes for OOS\COP4331 Project\ScaryMaze\Intermediate\Build\Win64\UE4Editor\Inc\ScaryMaze\Maze.gen.cpp(57) : error C2065: 'execMazeConstructorLoop': undeclared identifier
[2019.03.17-17.43.14:285][711]CompilerResultsLog:    C:\Users\james\Desktop\Processes for OOS\COP4331 Project\ScaryMaze\Intermediate\Build\Win64\UE4Editor\Inc\ScaryMaze\Maze.gen.cpp(58) : error C2825: 'AMaze': must be a class or namespace when followed by '::'
[2019.03.17-17.43.14:285][711]CompilerResultsLog:    C:\Users\james\Desktop\Processes for OOS\COP4331 Project\ScaryMaze\Intermediate\Build\Win64\UE4Editor\Inc\ScaryMaze\Maze.gen.cpp(58) : error C2510: 'AMaze': left of '::' must be a class/struct/union
[2019.03.17-17.43.14:285][711]CompilerResultsLog:    C:\Users\james\Desktop\Processes for OOS\COP4331 Project\ScaryMaze\Intermediate\Build\Win64\UE4Editor\Inc\ScaryMaze\Maze.gen.cpp(58) : error C2065: 'execRemoveWalls': undeclared identifier
[2019.03.17-17.43.14:285][711]CompilerResultsLog:    C:\Users\james\Desktop\Processes for OOS\COP4331 Project\ScaryMaze\Intermediate\Build\Win64\UE4Editor\Inc\ScaryMaze\Maze.gen.cpp(59) : error C2825: 'AMaze': must be a class or namespace when followed by '::'
[2019.03.17-17.43.14:285][711]CompilerResultsLog:    C:\Users\james\Desktop\Processes for OOS\COP4331 Project\ScaryMaze\Intermediate\Build\Win64\UE4Editor\Inc\ScaryMaze\Maze.gen.cpp(59) : error C2510: 'AMaze': left of '::' must be a class/struct/union
[2019.03.17-17.43.14:285][711]CompilerResultsLog:    C:\Users\james\Desktop\Processes for OOS\COP4331 Project\ScaryMaze\Intermediate\Build\Win64\UE4Editor\Inc\ScaryMaze\Maze.gen.cpp(59) : error C2065: 'execSelectGoal': undeclared identifier
[2019.03.17-17.43.14:286][711]CompilerResultsLog:    C:\Users\james\Desktop\Processes for OOS\COP4331 Project\ScaryMaze\Intermediate\Build\Win64\UE4Editor\Inc\ScaryMaze\Maze.gen.cpp(60) : error C2825: 'AMaze': must be a class or namespace when followed by '::'
[2019.03.17-17.43.14:286][711]CompilerResultsLog:    C:\Users\james\Desktop\Processes for OOS\COP4331 Project\ScaryMaze\Intermediate\Build\Win64\UE4Editor\Inc\ScaryMaze\Maze.gen.cpp(60) : error C2510: 'AMaze': left of '::' must be a class/struct/union
[2019.03.17-17.43.14:286][711]CompilerResultsLog:    C:\Users\james\Desktop\Processes for OOS\COP4331 Project\ScaryMaze\Intermediate\Build\Win64\UE4Editor\Inc\ScaryMaze\Maze.gen.cpp(60) : error C2065: 'execSelectStart': undeclared identifier
[2019.03.17-17.43.14:286][711]CompilerResultsLog:    C:\Users\james\Desktop\Processes for OOS\COP4331 Project\ScaryMaze\Intermediate\Build\Win64\UE4Editor\Inc\ScaryMaze\Maze.gen.cpp(61) : error C2825: 'AMaze': must be a class or namespace when followed by '::'
[2019.03.17-17.43.14:286][711]CompilerResultsLog:    C:\Users\james\Desktop\Processes for OOS\COP4331 Project\ScaryMaze\Intermediate\Build\Win64\UE4Editor\Inc\ScaryMaze\Maze.gen.cpp(61) : error C2510: 'AMaze': left of '::' must be a class/struct/union
[2019.03.17-17.43.14:286][711]CompilerResultsLog:    C:\Users\james\Desktop\Processes for OOS\COP4331 Project\ScaryMaze\Intermediate\Build\Win64\UE4Editor\Inc\ScaryMaze\Maze.gen.cpp(61) : error C2065: 'execSpawnGoal': undeclared identifier
[2019.03.17-17.43.14:286][711]CompilerResultsLog:    C:\Users\james\Desktop\Processes for OOS\COP4331 Project\ScaryMaze\Intermediate\Build\Win64\UE4Editor\Inc\ScaryMaze\Maze.gen.cpp(62) : error C2825: 'AMaze': must be a class or namespace when followed by '::'
[2019.03.17-17.43.14:286][711]CompilerResultsLog:    C:\Users\james\Desktop\Processes for OOS\COP4331 Project\ScaryMaze\Intermediate\Build\Win64\UE4Editor\Inc\ScaryMaze\Maze.gen.cpp(62) : error C2510: 'AMaze': left of '::' must be a class/struct/union
[2019.03.17-17.43.14:286][711]CompilerResultsLog:    C:\Users\james\Desktop\Processes for OOS\COP4331 Project\ScaryMaze\Intermediate\Build\Win64\UE4Editor\Inc\ScaryMaze\Maze.gen.cpp(62) : error C2065: 'execSpawnGround': undeclared identifier
[2019.03.17-17.43.14:286][711]CompilerResultsLog:    C:\Users\james\Desktop\Processes for OOS\COP4331 Project\ScaryMaze\Intermediate\Build\Win64\UE4Editor\Inc\ScaryMaze\Maze.gen.cpp(63) : error C2825: 'AMaze': must be a class or namespace when followed by '::'
[2019.03.17-17.43.14:286][711]CompilerResultsLog:    C:\Users\james\Desktop\Processes for OOS\COP4331 Project\ScaryMaze\Intermediate\Build\Win64\UE4Editor\Inc\ScaryMaze\Maze.gen.cpp(63) : error C2510: 'AMaze': left of '::' must be a class/struct/union
[2019.03.17-17.43.14:286][711]CompilerResultsLog:    C:\Users\james\Desktop\Processes for OOS\COP4331 Project\ScaryMaze\Intermediate\Build\Win64\UE4Editor\Inc\ScaryMaze\Maze.gen.cpp(63) : error C2065: 'execSpawnWall': undeclared identifier
[2019.03.17-17.43.14:286][711]CompilerResultsLog:    C:\Users\james\Desktop\Processes for OOS\COP4331 Project\ScaryMaze\Intermediate\Build\Win64\UE4Editor\Inc\ScaryMaze\Maze.gen.cpp(186) : error C2059: syntax error: '>'
[2019.03.17-17.43.14:286][711]CompilerResultsLog:   C:\Users\james\Desktop\Processes for OOS\COP4331 Project\ScaryMaze\Intermediate\Build\Win64\UE4Editor\Inc\ScaryMaze\Maze.gen.cpp(196): fatal error C1903: unable to recover from previous error(s); stopping compilation
[2019.03.17-17.43.14:286][711]CompilerResultsLog:   [5/10] Ground.cpp
[2019.03.17-17.43.14:287][711]CompilerResultsLog:    c:\users\james\desktop\processes for oos\cop4331 project\scarymaze\source\scarymaze\Ground.h(14) : error C2079: 'AGround' uses undefined class 'UNREAL_PRACTICE_API'
[2019.03.17-17.43.14:287][711]CompilerResultsLog:    c:\users\james\desktop\processes for oos\cop4331 project\scarymaze\source\scarymaze\Ground.h(14) : error C2143: syntax error: missing ';' before ':'
[2019.03.17-17.43.14:287][711]CompilerResultsLog:    c:\users\james\desktop\processes for oos\cop4331 project\scarymaze\source\scarymaze\Ground.h(14) : error C2059: syntax error: ':'
[2019.03.17-17.43.14:287][711]CompilerResultsLog:    c:\users\james\desktop\processes for oos\cop4331 project\scarymaze\source\scarymaze\Ground.h(14) : error C2059: syntax error: 'public'
[2019.03.17-17.43.14:287][711]CompilerResultsLog:    c:\users\james\desktop\processes for oos\cop4331 project\scarymaze\source\scarymaze\Ground.h(15) : error C2143: syntax error: missing ';' before '{'
[2019.03.17-17.43.14:287][711]CompilerResultsLog:    c:\users\james\desktop\processes for oos\cop4331 project\scarymaze\source\scarymaze\Ground.h(15) : error C2447: '{': missing function header (old-style formal list?)
[2019.03.17-17.43.14:287][711]CompilerResultsLog:    C:\Users\james\Desktop\Processes for OOS\COP4331 Project\ScaryMaze\Source\ScaryMaze\Ground.cpp(6) : error C2825: 'AGround': must be a class or namespace when followed by '::'
[2019.03.17-17.43.14:287][711]CompilerResultsLog:    C:\Users\james\Desktop\Processes for OOS\COP4331 Project\ScaryMaze\Source\ScaryMaze\Ground.cpp(6) : error C2510: 'AGround': left of '::' must be a class/struct/union
[2019.03.17-17.43.14:287][711]CompilerResultsLog:    C:\Users\james\Desktop\Processes for OOS\COP4331 Project\ScaryMaze\Source\ScaryMaze\Ground.cpp(7) : error C4430: missing type specifier - int assumed. Note: C++ does not support default-int
[2019.03.17-17.43.14:287][711]CompilerResultsLog:    C:\Users\james\Desktop\Processes for OOS\COP4331 Project\ScaryMaze\Source\ScaryMaze\Ground.cpp(7) : error C2365: 'AGround': redefinition; previous definition was 'data variable'
[2019.03.17-17.43.14:287][711]CompilerResultsLog:   c:\users\james\desktop\processes for oos\cop4331 project\scarymaze\source\scarymaze\Ground.h(14): note: see declaration of 'AGround'
[2019.03.17-17.43.14:287][711]CompilerResultsLog:    C:\Users\james\Desktop\Processes for OOS\COP4331 Project\ScaryMaze\Source\ScaryMaze\Ground.cpp(9) : error C2065: 'PrimaryActorTick': undeclared identifier
[2019.03.17-17.43.14:287][711]CompilerResultsLog:    C:\Users\james\Desktop\Processes for OOS\COP4331 Project\ScaryMaze\Source\ScaryMaze\Ground.cpp(12) : error C2065: 'GroundMesh': undeclared identifier
[2019.03.17-17.43.14:288][711]CompilerResultsLog:    C:\Users\james\Desktop\Processes for OOS\COP4331 Project\ScaryMaze\Source\ScaryMaze\Ground.cpp(12) : error C2065: 'CreateDefaultSubobject': undeclared identifier
[2019.03.17-17.43.14:288][711]CompilerResultsLog:    C:\Users\james\Desktop\Processes for OOS\COP4331 Project\ScaryMaze\Source\ScaryMaze\Ground.cpp(12) : error C2275: 'UStaticMeshComponent': illegal use of this type as an expression
[2019.03.17-17.43.14:288][711]CompilerResultsLog:   C:\Program Files\Epic Games\UE_4.21\Engine\Source\Runtime\Engine\Classes\Components/StaticMeshComponent.h(171): note: see declaration of 'UStaticMeshComponent'
[2019.03.17-17.43.14:288][711]CompilerResultsLog:    C:\Users\james\Desktop\Processes for OOS\COP4331 Project\ScaryMaze\Source\ScaryMaze\Ground.cpp(13) : error C2065: 'RootComponent': undeclared identifier
[2019.03.17-17.43.14:288][711]CompilerResultsLog:    C:\Users\james\Desktop\Processes for OOS\COP4331 Project\ScaryMaze\Source\ScaryMaze\Ground.cpp(13) : error C2065: 'GroundMesh': undeclared identifier
[2019.03.17-17.43.14:288][711]CompilerResultsLog:   [6/10] Goal.cpp
[2019.03.17-17.43.14:288][711]CompilerResultsLog:    c:\users\james\desktop\processes for oos\cop4331 project\scarymaze\source\scarymaze\Goal.h(12) : error C2079: 'AGoal' uses undefined class 'UNREAL_PRACTICE_API'
[2019.03.17-17.43.14:288][711]CompilerResultsLog:    c:\users\james\desktop\processes for oos\cop4331 project\scarymaze\source\scarymaze\Goal.h(12) : error C2143: syntax error: missing ';' before ':'
[2019.03.17-17.43.14:288][711]CompilerResultsLog:    c:\users\james\desktop\processes for oos\cop4331 project\scarymaze\source\scarymaze\Goal.h(12) : error C2059: syntax error: ':'
[2019.03.17-17.43.14:288][711]CompilerResultsLog:    c:\users\james\desktop\processes for oos\cop4331 project\scarymaze\source\scarymaze\Goal.h(12) : error C2059: syntax error: 'public'
[2019.03.17-17.43.14:289][711]CompilerResultsLog:    c:\users\james\desktop\processes for oos\cop4331 project\scarymaze\source\scarymaze\Goal.h(13) : error C2143: syntax error: missing ';' before '{'
[2019.03.17-17.43.14:289][711]CompilerResultsLog:    c:\users\james\desktop\processes for oos\cop4331 project\scarymaze\source\scarymaze\Goal.h(13) : error C2447: '{': missing function header (old-style formal list?)
[2019.03.17-17.43.14:289][711]CompilerResultsLog:    C:\Users\james\Desktop\Processes for OOS\COP4331 Project\ScaryMaze\Source\ScaryMaze\Goal.cpp(6) : error C2825: 'AGoal': must be a class or namespace when followed by '::'
[2019.03.17-17.43.14:289][711]CompilerResultsLog:    C:\Users\james\Desktop\Processes for OOS\COP4331 Project\ScaryMaze\Source\ScaryMaze\Goal.cpp(6) : error C2510: 'AGoal': left of '::' must be a class/struct/union
[2019.03.17-17.43.14:289][711]CompilerResultsLog:    C:\Users\james\Desktop\Processes for OOS\COP4331 Project\ScaryMaze\Source\ScaryMaze\Goal.cpp(7) : error C4430: missing type specifier - int assumed. Note: C++ does not support default-int
[2019.03.17-17.43.14:289][711]CompilerResultsLog:    C:\Users\james\Desktop\Processes for OOS\COP4331 Project\ScaryMaze\Source\ScaryMaze\Goal.cpp(7) : error C2365: 'AGoal': redefinition; previous definition was 'data variable'
[2019.03.17-17.43.14:289][711]CompilerResultsLog:   c:\users\james\desktop\processes for oos\cop4331 project\scarymaze\source\scarymaze\Goal.h(12): note: see declaration of 'AGoal'
[2019.03.17-17.43.14:289][711]CompilerResultsLog:    C:\Users\james\Desktop\Processes for OOS\COP4331 Project\ScaryMaze\Source\ScaryMaze\Goal.cpp(9) : error C2065: 'PrimaryActorTick': undeclared identifier
[2019.03.17-17.43.14:289][711]CompilerResultsLog:    C:\Users\james\Desktop\Processes for OOS\COP4331 Project\ScaryMaze\Source\ScaryMaze\Goal.cpp(12) : error C2065: 'MazeGoal': undeclared identifier
[2019.03.17-17.43.14:289][711]CompilerResultsLog:    C:\Users\james\Desktop\Processes for OOS\COP4331 Project\ScaryMaze\Source\ScaryMaze\Goal.cpp(12) : error C2065: 'CreateDefaultSubobject': undeclared identifier
[2019.03.17-17.43.14:289][711]CompilerResultsLog:    C:\Users\james\Desktop\Processes for OOS\COP4331 Project\ScaryMaze\Source\ScaryMaze\Goal.cpp(12) : error C2275: 'UStaticMeshComponent': illegal use of this type as an expression
[2019.03.17-17.43.14:289][711]CompilerResultsLog:   C:\Program Files\Epic Games\UE_4.21\Engine\Source\Runtime\Engine\Classes\Components/StaticMeshComponent.h(171): note: see declaration of 'UStaticMeshComponent'
[2019.03.17-17.43.14:290][711]CompilerResultsLog:    C:\Users\james\Desktop\Processes for OOS\COP4331 Project\ScaryMaze\Source\ScaryMaze\Goal.cpp(13) : error C2065: 'RootComponent': undeclared identifier
[2019.03.17-17.43.14:290][711]CompilerResultsLog:    C:\Users\james\Desktop\Processes for OOS\COP4331 Project\ScaryMaze\Source\ScaryMaze\Goal.cpp(13) : error C2065: 'MazeGoal': undeclared identifier
[2019.03.17-17.43.14:290][711]CompilerResultsLog:    C:\Users\james\Desktop\Processes for OOS\COP4331 Project\ScaryMaze\Source\ScaryMaze\Goal.cpp(15) : error C2065: 'MazeGoal': undeclared identifier
[2019.03.17-17.43.14:290][711]CompilerResultsLog:    C:\Users\james\Desktop\Processes for OOS\COP4331 Project\ScaryMaze\Source\ScaryMaze\Goal.cpp(18) : error C2065: 'GoalLight': undeclared identifier
[2019.03.17-17.43.14:290][711]CompilerResultsLog:    C:\Users\james\Desktop\Processes for OOS\COP4331 Project\ScaryMaze\Source\ScaryMaze\Goal.cpp(18) : error C2065: 'CreateDefaultSubobject': undeclared identifier
[2019.03.17-17.43.14:290][711]CompilerResultsLog:    C:\Users\james\Desktop\Processes for OOS\COP4331 Project\ScaryMaze\Source\ScaryMaze\Goal.cpp(18) : error C2275: 'UPointLightComponent': illegal use of this type as an expression
[2019.03.17-17.43.14:290][711]CompilerResultsLog:   C:\Program Files\Epic Games\UE_4.21\Engine\Source\Runtime/Engine/Classes/Components/PointLightComponent.h(18): note: see declaration of 'UPointLightComponent'
[2019.03.17-17.43.14:290][711]CompilerResultsLog:    C:\Users\james\Desktop\Processes for OOS\COP4331 Project\ScaryMaze\Source\ScaryMaze\Goal.cpp(19) : error C2065: 'GoalLight': undeclared identifier
[2019.03.17-17.43.14:290][711]CompilerResultsLog:    C:\Users\james\Desktop\Processes for OOS\COP4331 Project\ScaryMaze\Source\ScaryMaze\Goal.cpp(20) : error C2065: 'GoalLight': undeclared identifier
[2019.03.17-17.43.14:290][711]CompilerResultsLog:    C:\Users\james\Desktop\Processes for OOS\COP4331 Project\ScaryMaze\Source\ScaryMaze\Goal.cpp(22) : error C2065: 'GoalLight': undeclared identifier
[2019.03.17-17.43.14:290][711]CompilerResultsLog:    C:\Users\james\Desktop\Processes for OOS\COP4331 Project\ScaryMaze\Source\ScaryMaze\Goal.cpp(22) : error C2065: 'RootComponent': undeclared identifier
[2019.03.17-17.43.14:290][711]CompilerResultsLog:    C:\Users\james\Desktop\Processes for OOS\COP4331 Project\ScaryMaze\Source\ScaryMaze\Goal.cpp(26) : error C2825: 'AGoal': must be a class or namespace when followed by '::'
[2019.03.17-17.43.14:290][711]CompilerResultsLog:    C:\Users\james\Desktop\Processes for OOS\COP4331 Project\ScaryMaze\Source\ScaryMaze\Goal.cpp(26) : error C2510: 'AGoal': left of '::' must be a class/struct/union
[2019.03.17-17.43.14:290][711]CompilerResultsLog:    C:\Users\james\Desktop\Processes for OOS\COP4331 Project\ScaryMaze\Source\ScaryMaze\Goal.cpp(28) : error C2653: 'Super': is not a class or namespace name
[2019.03.17-17.43.14:290][711]CompilerResultsLog:    C:\Users\james\Desktop\Processes for OOS\COP4331 Project\ScaryMaze\Source\ScaryMaze\Goal.cpp(33) : error C2825: 'AGoal': must be a class or namespace when followed by '::'
[2019.03.17-17.43.14:290][711]CompilerResultsLog:    C:\Users\james\Desktop\Processes for OOS\COP4331 Project\ScaryMaze\Source\ScaryMaze\Goal.cpp(33) : error C2510: 'AGoal': left of '::' must be a class/struct/union
[2019.03.17-17.43.14:290][711]CompilerResultsLog:    C:\Users\james\Desktop\Processes for OOS\COP4331 Project\ScaryMaze\Source\ScaryMaze\Goal.cpp(35) : error C2653: 'Super': is not a class or namespace name
[2019.03.17-17.43.14:290][711]CompilerResultsLog:   [7/10] Wall.cpp
[2019.03.17-17.43.14:291][711]CompilerResultsLog:    c:\users\james\desktop\processes for oos\cop4331 project\scarymaze\source\scarymaze\Wall.h(14) : error C2079: 'AWall' uses undefined class 'UNREAL_PRACTICE_API'
[2019.03.17-17.43.14:291][711]CompilerResultsLog:    c:\users\james\desktop\processes for oos\cop4331 project\scarymaze\source\scarymaze\Wall.h(14) : error C2143: syntax error: missing ';' before ':'
[2019.03.17-17.43.14:291][711]CompilerResultsLog:    c:\users\james\desktop\processes for oos\cop4331 project\scarymaze\source\scarymaze\Wall.h(14) : error C2059: syntax error: ':'
[2019.03.17-17.43.14:291][711]CompilerResultsLog:    c:\users\james\desktop\processes for oos\cop4331 project\scarymaze\source\scarymaze\Wall.h(14) : error C2059: syntax error: 'public'
[2019.03.17-17.43.14:291][711]CompilerResultsLog:    c:\users\james\desktop\processes for oos\cop4331 project\scarymaze\source\scarymaze\Wall.h(15) : error C2143: syntax error: missing ';' before '{'
[2019.03.17-17.43.14:291][711]CompilerResultsLog:    c:\users\james\desktop\processes for oos\cop4331 project\scarymaze\source\scarymaze\Wall.h(15) : error C2447: '{': missing function header (old-style formal list?)
[2019.03.17-17.43.14:291][711]CompilerResultsLog:    C:\Users\james\Desktop\Processes for OOS\COP4331 Project\ScaryMaze\Source\ScaryMaze\Wall.cpp(6) : error C2825: 'AWall': must be a class or namespace when followed by '::'
[2019.03.17-17.43.14:291][711]CompilerResultsLog:    C:\Users\james\Desktop\Processes for OOS\COP4331 Project\ScaryMaze\Source\ScaryMaze\Wall.cpp(6) : error C2510: 'AWall': left of '::' must be a class/struct/union
[2019.03.17-17.43.14:291][711]CompilerResultsLog:    C:\Users\james\Desktop\Processes for OOS\COP4331 Project\ScaryMaze\Source\ScaryMaze\Wall.cpp(7) : error C4430: missing type specifier - int assumed. Note: C++ does not support default-int
[2019.03.17-17.43.14:291][711]CompilerResultsLog:    C:\Users\james\Desktop\Processes for OOS\COP4331 Project\ScaryMaze\Source\ScaryMaze\Wall.cpp(7) : error C2365: 'AWall': redefinition; previous definition was 'data variable'
[2019.03.17-17.43.14:291][711]CompilerResultsLog:   c:\users\james\desktop\processes for oos\cop4331 project\scarymaze\source\scarymaze\Wall.h(14): note: see declaration of 'AWall'
[2019.03.17-17.43.14:291][711]CompilerResultsLog:    C:\Users\james\Desktop\Processes for OOS\COP4331 Project\ScaryMaze\Source\ScaryMaze\Wall.cpp(9) : error C2065: 'PrimaryActorTick': undeclared identifier
[2019.03.17-17.43.14:291][711]CompilerResultsLog:    C:\Users\james\Desktop\Processes for OOS\COP4331 Project\ScaryMaze\Source\ScaryMaze\Wall.cpp(12) : error C2065: 'WallMesh': undeclared identifier
[2019.03.17-17.43.14:291][711]CompilerResultsLog:    C:\Users\james\Desktop\Processes for OOS\COP4331 Project\ScaryMaze\Source\ScaryMaze\Wall.cpp(12) : error C2065: 'CreateDefaultSubobject': undeclared identifier
[2019.03.17-17.43.14:291][711]CompilerResultsLog:    C:\Users\james\Desktop\Processes for OOS\COP4331 Project\ScaryMaze\Source\ScaryMaze\Wall.cpp(12) : error C2275: 'UStaticMeshComponent': illegal use of this type as an expression
[2019.03.17-17.43.14:291][711]CompilerResultsLog:   C:\Program Files\Epic Games\UE_4.21\Engine\Source\Runtime\Engine\Classes\Components/StaticMeshComponent.h(171): note: see declaration of 'UStaticMeshComponent'
[2019.03.17-17.43.14:291][711]CompilerResultsLog:    C:\Users\james\Desktop\Processes for OOS\COP4331 Project\ScaryMaze\Source\ScaryMaze\Wall.cpp(13) : error C2065: 'RootComponent': undeclared identifier
[2019.03.17-17.43.14:291][711]CompilerResultsLog:    C:\Users\james\Desktop\Processes for OOS\COP4331 Project\ScaryMaze\Source\ScaryMaze\Wall.cpp(13) : error C2065: 'WallMesh': undeclared identifier
[2019.03.17-17.43.14:292][711]CompilerResultsLog:    C:\Users\james\Desktop\Processes for OOS\COP4331 Project\ScaryMaze\Source\ScaryMaze\Wall.cpp(15) : error C3861: 'SetIsBoundary': identifier not found
[2019.03.17-17.43.14:292][711]CompilerResultsLog:    C:\Users\james\Desktop\Processes for OOS\COP4331 Project\ScaryMaze\Source\ScaryMaze\Wall.cpp(16) : error C3861: 'SetIsVisited': identifier not found
[2019.03.17-17.43.14:292][711]CompilerResultsLog:    C:\Users\james\Desktop\Processes for OOS\COP4331 Project\ScaryMaze\Source\ScaryMaze\Wall.cpp(20) : error C2825: 'AWall': must be a class or namespace when followed by '::'
[2019.03.17-17.43.14:292][711]CompilerResultsLog:    C:\Users\james\Desktop\Processes for OOS\COP4331 Project\ScaryMaze\Source\ScaryMaze\Wall.cpp(20) : error C2510: 'AWall': left of '::' must be a class/struct/union
[2019.03.17-17.43.14:292][711]CompilerResultsLog:    C:\Users\james\Desktop\Processes for OOS\COP4331 Project\ScaryMaze\Source\ScaryMaze\Wall.cpp(22) : error C2355: 'this': can only be referenced inside non-static member functions or non-static data member initializers
[2019.03.17-17.43.14:292][711]CompilerResultsLog:    C:\Users\james\Desktop\Processes for OOS\COP4331 Project\ScaryMaze\Source\ScaryMaze\Wall.cpp(25) : error C2825: 'AWall': must be a class or namespace when followed by '::'
[2019.03.17-17.43.14:292][711]CompilerResultsLog:    C:\Users\james\Desktop\Processes for OOS\COP4331 Project\ScaryMaze\Source\ScaryMaze\Wall.cpp(25) : error C2510: 'AWall': left of '::' must be a class/struct/union
[2019.03.17-17.43.14:292][711]CompilerResultsLog:    C:\Users\james\Desktop\Processes for OOS\COP4331 Project\ScaryMaze\Source\ScaryMaze\Wall.cpp(27) : error C2355: 'this': can only be referenced inside non-static member functions or non-static data member initializers
[2019.03.17-17.43.14:292][711]CompilerResultsLog:    C:\Users\james\Desktop\Processes for OOS\COP4331 Project\ScaryMaze\Source\ScaryMaze\Wall.cpp(30) : error C2825: 'AWall': must be a class or namespace when followed by '::'
[2019.03.17-17.43.14:292][711]CompilerResultsLog:    C:\Users\james\Desktop\Processes for OOS\COP4331 Project\ScaryMaze\Source\ScaryMaze\Wall.cpp(30) : error C2510: 'AWall': left of '::' must be a class/struct/union
[2019.03.17-17.43.14:292][711]CompilerResultsLog:    C:\Users\james\Desktop\Processes for OOS\COP4331 Project\ScaryMaze\Source\ScaryMaze\Wall.cpp(32) : error C2355: 'this': can only be referenced inside non-static member functions or non-static data member initializers
[2019.03.17-17.43.14:292][711]CompilerResultsLog:    C:\Users\james\Desktop\Processes for OOS\COP4331 Project\ScaryMaze\Source\ScaryMaze\Wall.cpp(35) : error C2825: 'AWall': must be a class or namespace when followed by '::'
[2019.03.17-17.43.14:292][711]CompilerResultsLog:    C:\Users\james\Desktop\Processes for OOS\COP4331 Project\ScaryMaze\Source\ScaryMaze\Wall.cpp(35) : error C2510: 'AWall': left of '::' must be a class/struct/union
[2019.03.17-17.43.14:292][711]CompilerResultsLog:    C:\Users\james\Desktop\Processes for OOS\COP4331 Project\ScaryMaze\Source\ScaryMaze\Wall.cpp(37) : error C2355: 'this': can only be referenced inside non-static member functions or non-static data member initializers
[2019.03.17-17.43.14:293][711]CompilerResultsLog:   [8/10] Maze.cpp
[2019.03.17-17.43.14:293][711]CompilerResultsLog:    c:\users\james\desktop\processes for oos\cop4331 project\scarymaze\source\scarymaze\Wall.h(14) : error C2079: 'AWall' uses undefined class 'UNREAL_PRACTICE_API'
[2019.03.17-17.43.14:293][711]CompilerResultsLog:    c:\users\james\desktop\processes for oos\cop4331 project\scarymaze\source\scarymaze\Wall.h(14) : error C2143: syntax error: missing ';' before ':'
[2019.03.17-17.43.14:293][711]CompilerResultsLog:    c:\users\james\desktop\processes for oos\cop4331 project\scarymaze\source\scarymaze\Wall.h(14) : error C2059: syntax error: ':'
[2019.03.17-17.43.14:293][711]CompilerResultsLog:    c:\users\james\desktop\processes for oos\cop4331 project\scarymaze\source\scarymaze\Wall.h(14) : error C2059: syntax error: 'public'
[2019.03.17-17.43.14:293][711]CompilerResultsLog:    c:\users\james\desktop\processes for oos\cop4331 project\scarymaze\source\scarymaze\Wall.h(15) : error C2143: syntax error: missing ';' before '{'
[2019.03.17-17.43.14:293][711]CompilerResultsLog:    c:\users\james\desktop\processes for oos\cop4331 project\scarymaze\source\scarymaze\Wall.h(15) : error C2447: '{': missing function header (old-style formal list?)
[2019.03.17-17.43.14:293][711]CompilerResultsLog:    c:\users\james\desktop\processes for oos\cop4331 project\scarymaze\source\scarymaze\Goal.h(12) : error C2079: 'AGoal' uses undefined class 'UNREAL_PRACTICE_API'
[2019.03.17-17.43.14:293][711]CompilerResultsLog:    c:\users\james\desktop\processes for oos\cop4331 project\scarymaze\source\scarymaze\Goal.h(12) : error C2143: syntax error: missing ';' before ':'
[2019.03.17-17.43.14:293][711]CompilerResultsLog:    c:\users\james\desktop\processes for oos\cop4331 project\scarymaze\source\scarymaze\Goal.h(12) : error C2059: syntax error: ':'
[2019.03.17-17.43.14:293][711]CompilerResultsLog:    c:\users\james\desktop\processes for oos\cop4331 project\scarymaze\source\scarymaze\Goal.h(12) : error C2059: syntax error: 'public'
[2019.03.17-17.43.14:293][711]CompilerResultsLog:    c:\users\james\desktop\processes for oos\cop4331 project\scarymaze\source\scarymaze\Goal.h(13) : error C2143: syntax error: missing ';' before '{'
[2019.03.17-17.43.14:293][711]CompilerResultsLog:    c:\users\james\desktop\processes for oos\cop4331 project\scarymaze\source\scarymaze\Goal.h(13) : error C2447: '{': missing function header (old-style formal list?)
[2019.03.17-17.43.14:293][711]CompilerResultsLog:    c:\users\james\desktop\processes for oos\cop4331 project\scarymaze\source\scarymaze\Ground.h(14) : error C2079: 'AGround' uses undefined class 'UNREAL_PRACTICE_API'
[2019.03.17-17.43.14:293][711]CompilerResultsLog:    c:\users\james\desktop\processes for oos\cop4331 project\scarymaze\source\scarymaze\Ground.h(14) : error C2143: syntax error: missing ';' before ':'
[2019.03.17-17.43.14:293][711]CompilerResultsLog:    c:\users\james\desktop\processes for oos\cop4331 project\scarymaze\source\scarymaze\Ground.h(14) : error C2059: syntax error: ':'
[2019.03.17-17.43.14:293][711]CompilerResultsLog:    c:\users\james\desktop\processes for oos\cop4331 project\scarymaze\source\scarymaze\Ground.h(14) : error C2059: syntax error: 'public'
[2019.03.17-17.43.14:293][711]CompilerResultsLog:    c:\users\james\desktop\processes for oos\cop4331 project\scarymaze\source\scarymaze\Ground.h(15) : error C2143: syntax error: missing ';' before '{'
[2019.03.17-17.43.14:293][711]CompilerResultsLog:    c:\users\james\desktop\processes for oos\cop4331 project\scarymaze\source\scarymaze\Ground.h(15) : error C2447: '{': missing function header (old-style formal list?)
[2019.03.17-17.43.14:294][711]CompilerResultsLog:    c:\users\james\desktop\processes for oos\cop4331 project\scarymaze\source\scarymaze\Maze.h(25) : error C2079: 'AMaze' uses undefined class 'UNREAL_PRACTICE_API'
[2019.03.17-17.43.14:294][711]CompilerResultsLog:    c:\users\james\desktop\processes for oos\cop4331 project\scarymaze\source\scarymaze\Maze.h(25) : error C2143: syntax error: missing ';' before ':'
[2019.03.17-17.43.14:294][711]CompilerResultsLog:    c:\users\james\desktop\processes for oos\cop4331 project\scarymaze\source\scarymaze\Maze.h(25) : error C2059: syntax error: ':'
[2019.03.17-17.43.14:294][711]CompilerResultsLog:    c:\users\james\desktop\processes for oos\cop4331 project\scarymaze\source\scarymaze\Maze.h(25) : error C2059: syntax error: 'public'
[2019.03.17-17.43.14:294][711]CompilerResultsLog:    c:\users\james\desktop\processes for oos\cop4331 project\scarymaze\source\scarymaze\Maze.h(26) : error C2143: syntax error: missing ';' before '{'
[2019.03.17-17.43.14:294][711]CompilerResultsLog:    c:\users\james\desktop\processes for oos\cop4331 project\scarymaze\source\scarymaze\Maze.h(26) : error C2447: '{': missing function header (old-style formal list?)
[2019.03.17-17.43.14:294][711]CompilerResultsLog:    C:\Users\james\Desktop\Processes for OOS\COP4331 Project\ScaryMaze\Source\ScaryMaze\Maze.cpp(33) : error C2825: 'AMaze': must be a class or namespace when followed by '::'
[2019.03.17-17.43.14:294][711]CompilerResultsLog:    C:\Users\james\Desktop\Processes for OOS\COP4331 Project\ScaryMaze\Source\ScaryMaze\Maze.cpp(33) : error C2510: 'AMaze': left of '::' must be a class/struct/union
[2019.03.17-17.43.14:294][711]CompilerResultsLog:    C:\Users\james\Desktop\Processes for OOS\COP4331 Project\ScaryMaze\Source\ScaryMaze\Maze.cpp(34) : error C4430: missing type specifier - int assumed. Note: C++ does not support default-int
[2019.03.17-17.43.14:294][711]CompilerResultsLog:    C:\Users\james\Desktop\Processes for OOS\COP4331 Project\ScaryMaze\Source\ScaryMaze\Maze.cpp(34) : error C2365: 'AMaze': redefinition; previous definition was 'data variable'
[2019.03.17-17.43.14:294][711]CompilerResultsLog:   c:\users\james\desktop\processes for oos\cop4331 project\scarymaze\source\scarymaze\Maze.h(25): note: see declaration of 'AMaze'
[2019.03.17-17.43.14:294][711]CompilerResultsLog:    C:\Users\james\Desktop\Processes for OOS\COP4331 Project\ScaryMaze\Source\ScaryMaze\Maze.cpp(36) : error C2065: 'PrimaryActorTick': undeclared identifier
[2019.03.17-17.43.14:294][711]CompilerResultsLog:    C:\Users\james\Desktop\Processes for OOS\COP4331 Project\ScaryMaze\Source\ScaryMaze\Maze.cpp(40) : error C2825: 'AMaze': must be a class or namespace when followed by '::'
[2019.03.17-17.43.14:294][711]CompilerResultsLog:    C:\Users\james\Desktop\Processes for OOS\COP4331 Project\ScaryMaze\Source\ScaryMaze\Maze.cpp(40) : error C2510: 'AMaze': left of '::' must be a class/struct/union
[2019.03.17-17.43.14:294][711]CompilerResultsLog:    C:\Users\james\Desktop\Processes for OOS\COP4331 Project\ScaryMaze\Source\ScaryMaze\Maze.cpp(42) : error C2653: 'Super': is not a class or namespace name
[2019.03.17-17.43.14:294][711]CompilerResultsLog:    C:\Users\james\Desktop\Processes for OOS\COP4331 Project\ScaryMaze\Source\ScaryMaze\Maze.cpp(45) : error C3861: 'CreateMaze': identifier not found
[2019.03.17-17.43.14:294][711]CompilerResultsLog:    C:\Users\james\Desktop\Processes for OOS\COP4331 Project\ScaryMaze\Source\ScaryMaze\Maze.cpp(46) : error C3861: 'GenerateGround': identifier not found
[2019.03.17-17.43.14:295][711]CompilerResultsLog:    C:\Users\james\Desktop\Processes for OOS\COP4331 Project\ScaryMaze\Source\ScaryMaze\Maze.cpp(50) : error C2825: 'AMaze': must be a class or namespace when followed by '::'
[2019.03.17-17.43.14:295][711]CompilerResultsLog:    C:\Users\james\Desktop\Processes for OOS\COP4331 Project\ScaryMaze\Source\ScaryMaze\Maze.cpp(50) : error C2510: 'AMaze': left of '::' must be a class/struct/union
[2019.03.17-17.43.14:295][711]CompilerResultsLog:    C:\Users\james\Desktop\Processes for OOS\COP4331 Project\ScaryMaze\Source\ScaryMaze\Maze.cpp(55) : error C3861: 'SpawnGround': identifier not found
[2019.03.17-17.43.14:295][711]CompilerResultsLog:    C:\Users\james\Desktop\Processes for OOS\COP4331 Project\ScaryMaze\Source\ScaryMaze\Maze.cpp(60) : error C2825: 'AMaze': must be a class or namespace when followed by '::'
[2019.03.17-17.43.14:295][711]CompilerResultsLog:    C:\Users\james\Desktop\Processes for OOS\COP4331 Project\ScaryMaze\Source\ScaryMaze\Maze.cpp(60) : error C2510: 'AMaze': left of '::' must be a class/struct/union
[2019.03.17-17.43.14:295][711]CompilerResultsLog:    C:\Users\james\Desktop\Processes for OOS\COP4331 Project\ScaryMaze\Source\ScaryMaze\Maze.cpp(68) : error C2065: 'MazeWalls': undeclared identifier
[2019.03.17-17.43.14:295][711]CompilerResultsLog:    C:\Users\james\Desktop\Processes for OOS\COP4331 Project\ScaryMaze\Source\ScaryMaze\Maze.cpp(71) : error C2065: 'MazePath': undeclared identifier
[2019.03.17-17.43.14:295][711]CompilerResultsLog:    C:\Users\james\Desktop\Processes for OOS\COP4331 Project\ScaryMaze\Source\ScaryMaze\Maze.cpp(74) : error C2065: 'MazeWalls': undeclared identifier
[2019.03.17-17.43.14:295][711]CompilerResultsLog:    C:\Users\james\Desktop\Processes for OOS\COP4331 Project\ScaryMaze\Source\ScaryMaze\Maze.cpp(76) : error C2065: 'MazeWalls': undeclared identifier
[2019.03.17-17.43.14:295][711]CompilerResultsLog:    C:\Users\james\Desktop\Processes for OOS\COP4331 Project\ScaryMaze\Source\ScaryMaze\Maze.cpp(83) : error C2825: 'AMaze': must be a class or namespace when followed by '::'
[2019.03.17-17.43.14:295][711]CompilerResultsLog:    C:\Users\james\Desktop\Processes for OOS\COP4331 Project\ScaryMaze\Source\ScaryMaze\Maze.cpp(83) : error C2510: 'AMaze': left of '::' must be a class/struct/union
[2019.03.17-17.43.14:295][711]CompilerResultsLog:    C:\Users\james\Desktop\Processes for OOS\COP4331 Project\ScaryMaze\Source\ScaryMaze\Maze.cpp(91) : error C2065: 'GoalIndex': undeclared identifier
[2019.03.17-17.43.14:295][711]CompilerResultsLog:    C:\Users\james\Desktop\Processes for OOS\COP4331 Project\ScaryMaze\Source\ScaryMaze\Maze.cpp(94) : error C2065: 'MazeWalls': undeclared identifier
[2019.03.17-17.43.14:295][711]CompilerResultsLog:    C:\Users\james\Desktop\Processes for OOS\COP4331 Project\ScaryMaze\Source\ScaryMaze\Maze.cpp(94) : error C2065: 'GoalIndex': undeclared identifier
[2019.03.17-17.43.14:295][711]CompilerResultsLog:    C:\Users\james\Desktop\Processes for OOS\COP4331 Project\ScaryMaze\Source\ScaryMaze\Maze.cpp(108) : error C2065: 'MazeWalls': undeclared identifier
[2019.03.17-17.43.14:295][711]CompilerResultsLog:    C:\Users\james\Desktop\Processes for OOS\COP4331 Project\ScaryMaze\Source\ScaryMaze\Maze.cpp(108) : error C2065: 'GoalIndex': undeclared identifier
[2019.03.17-17.43.14:295][711]CompilerResultsLog:    C:\Users\james\Desktop\Processes for OOS\COP4331 Project\ScaryMaze\Source\ScaryMaze\Maze.cpp(112) : error C3861: 'SpawnGoal': identifier not found
[2019.03.17-17.43.14:295][711]CompilerResultsLog:    C:\Users\james\Desktop\Processes for OOS\COP4331 Project\ScaryMaze\Source\ScaryMaze\Maze.cpp(117) : error C2825: 'AMaze': must be a class or namespace when followed by '::'
[2019.03.17-17.43.14:295][711]CompilerResultsLog:    C:\Users\james\Desktop\Processes for OOS\COP4331 Project\ScaryMaze\Source\ScaryMaze\Maze.cpp(117) : error C2510: 'AMaze': left of '::' must be a class/struct/union
[2019.03.17-17.43.14:295][711]CompilerResultsLog:    C:\Users\james\Desktop\Processes for OOS\COP4331 Project\ScaryMaze\Source\ScaryMaze\Maze.cpp(123) : error C3861: 'InitializeMaze': identifier not found
[2019.03.17-17.43.14:296][711]CompilerResultsLog:    C:\Users\james\Desktop\Processes for OOS\COP4331 Project\ScaryMaze\Source\ScaryMaze\Maze.cpp(124) : error C2065: 'StartIndex': undeclared identifier
[2019.03.17-17.43.14:296][711]CompilerResultsLog:    C:\Users\james\Desktop\Processes for OOS\COP4331 Project\ScaryMaze\Source\ScaryMaze\Maze.cpp(124) : error C3861: 'SelectStart': identifier not found
[2019.03.17-17.43.14:296][711]CompilerResultsLog:    C:\Users\james\Desktop\Processes for OOS\COP4331 Project\ScaryMaze\Source\ScaryMaze\Maze.cpp(125) : error C3861: 'MazeConstructorLoop': identifier not found
[2019.03.17-17.43.14:296][711]CompilerResultsLog:    C:\Users\james\Desktop\Processes for OOS\COP4331 Project\ScaryMaze\Source\ScaryMaze\Maze.cpp(132) : error C2825: 'AMaze': must be a class or namespace when followed by '::'
[2019.03.17-17.43.14:296][711]CompilerResultsLog:    C:\Users\james\Desktop\Processes for OOS\COP4331 Project\ScaryMaze\Source\ScaryMaze\Maze.cpp(132) : error C2510: 'AMaze': left of '::' must be a class/struct/union
[2019.03.17-17.43.14:296][711]CompilerResultsLog:    C:\Users\james\Desktop\Processes for OOS\COP4331 Project\ScaryMaze\Source\ScaryMaze\Maze.cpp(144) : error C2065: 'MazeWalls': undeclared identifier
[2019.03.17-17.43.14:296][711]CompilerResultsLog:    C:\Users\james\Desktop\Processes for OOS\COP4331 Project\ScaryMaze\Source\ScaryMaze\Maze.cpp(144) : error C3861: 'SpawnWall': identifier not found
[2019.03.17-17.43.14:296][711]CompilerResultsLog:    C:\Users\james\Desktop\Processes for OOS\COP4331 Project\ScaryMaze\Source\ScaryMaze\Maze.cpp(148) : error C3861: 'IsOnOrOutOfBounds': identifier not found
[2019.03.17-17.43.14:296][711]CompilerResultsLog:    C:\Users\james\Desktop\Processes for OOS\COP4331 Project\ScaryMaze\Source\ScaryMaze\Maze.cpp(150) : error C2065: 'MazeWalls': undeclared identifier
[2019.03.17-17.43.14:296][711]CompilerResultsLog:    C:\Users\james\Desktop\Processes for OOS\COP4331 Project\ScaryMaze\Source\ScaryMaze\Maze.cpp(165) : error C2825: 'AMaze': must be a class or namespace when followed by '::'
[2019.03.17-17.43.14:296][711]CompilerResultsLog:    C:\Users\james\Desktop\Processes for OOS\COP4331 Project\ScaryMaze\Source\ScaryMaze\Maze.cpp(165) : error C2510: 'AMaze': left of '::' must be a class/struct/union
[2019.03.17-17.43.14:296][711]CompilerResultsLog:    C:\Users\james\Desktop\Processes for OOS\COP4331 Project\ScaryMaze\Source\ScaryMaze\Maze.cpp(168) : error C2065: 'StartIndex': undeclared identifier
[2019.03.17-17.43.14:296][711]CompilerResultsLog:    C:\Users\james\Desktop\Processes for OOS\COP4331 Project\ScaryMaze\Source\ScaryMaze\Maze.cpp(184) : error C2065: 'MazeWalls': undeclared identifier
[2019.03.17-17.43.14:296][711]CompilerResultsLog:    C:\Users\james\Desktop\Processes for OOS\COP4331 Project\ScaryMaze\Source\ScaryMaze\Maze.cpp(188) : error C3861: 'GetNextIndex': identifier not found
[2019.03.17-17.43.14:296][711]CompilerResultsLog:    C:\Users\james\Desktop\Processes for OOS\COP4331 Project\ScaryMaze\Source\ScaryMaze\Maze.cpp(197) : error C2065: 'MazeWalls': undeclared identifier
[2019.03.17-17.43.14:296][711]CompilerResultsLog:    C:\Users\james\Desktop\Processes for OOS\COP4331 Project\ScaryMaze\Source\ScaryMaze\Maze.cpp(210) : error C2825: 'AMaze': must be a class or namespace when followed by '::'
[2019.03.17-17.43.14:296][711]CompilerResultsLog:    C:\Users\james\Desktop\Processes for OOS\COP4331 Project\ScaryMaze\Source\ScaryMaze\Maze.cpp(210) : error C2510: 'AMaze': left of '::' must be a class/struct/union
[2019.03.17-17.43.14:297][711]CompilerResultsLog:    C:\Users\james\Desktop\Processes for OOS\COP4331 Project\ScaryMaze\Source\ScaryMaze\Maze.cpp(239) : error C2825: 'AMaze': must be a class or namespace when followed by '::'
[2019.03.17-17.43.14:297][711]CompilerResultsLog:    C:\Users\james\Desktop\Processes for OOS\COP4331 Project\ScaryMaze\Source\ScaryMaze\Maze.cpp(239) : error C2510: 'AMaze': left of '::' must be a class/struct/union
[2019.03.17-17.43.14:297][711]CompilerResultsLog:    C:\Users\james\Desktop\Processes for OOS\COP4331 Project\ScaryMaze\Source\ScaryMaze\Maze.cpp(246) : error C2825: 'AMaze': must be a class or namespace when followed by '::'
[2019.03.17-17.43.14:297][711]CompilerResultsLog:    C:\Users\james\Desktop\Processes for OOS\COP4331 Project\ScaryMaze\Source\ScaryMaze\Maze.cpp(246) : error C2510: 'AMaze': left of '::' must be a class/struct/union
[2019.03.17-17.43.14:297][711]CompilerResultsLog:    C:\Users\james\Desktop\Processes for OOS\COP4331 Project\ScaryMaze\Source\ScaryMaze\Maze.cpp(258) : error C3861: 'IsValidIndex': identifier not found
[2019.03.17-17.43.14:297][711]CompilerResultsLog:    C:\Users\james\Desktop\Processes for OOS\COP4331 Project\ScaryMaze\Source\ScaryMaze\Maze.cpp(262) : error C3861: 'IsValidIndex': identifier not found
[2019.03.17-17.43.14:297][711]CompilerResultsLog:    C:\Users\james\Desktop\Processes for OOS\COP4331 Project\ScaryMaze\Source\ScaryMaze\Maze.cpp(266) : error C3861: 'IsValidIndex': identifier not found
[2019.03.17-17.43.14:297][711]CompilerResultsLog:    C:\Users\james\Desktop\Processes for OOS\COP4331 Project\ScaryMaze\Source\ScaryMaze\Maze.cpp(270) : error C3861: 'IsValidIndex': identifier not found
[2019.03.17-17.43.14:297][711]CompilerResultsLog:    C:\Users\james\Desktop\Processes for OOS\COP4331 Project\ScaryMaze\Source\ScaryMaze\Maze.cpp(287) : error C2825: 'AMaze': must be a class or namespace when followed by '::'
[2019.03.17-17.43.14:297][711]CompilerResultsLog:    C:\Users\james\Desktop\Processes for OOS\COP4331 Project\ScaryMaze\Source\ScaryMaze\Maze.cpp(287) : error C2510: 'AMaze': left of '::' must be a class/struct/union
[2019.03.17-17.43.14:297][711]CompilerResultsLog:    C:\Users\james\Desktop\Processes for OOS\COP4331 Project\ScaryMaze\Source\ScaryMaze\Maze.cpp(289) : error C2065: 'MazeWalls': undeclared identifier
[2019.03.17-17.43.14:297][711]CompilerResultsLog:    C:\Users\james\Desktop\Processes for OOS\COP4331 Project\ScaryMaze\Source\ScaryMaze\Maze.cpp(300) : error C2143: syntax error: missing ';' before '*'
[2019.03.17-17.43.14:297][711]CompilerResultsLog:    C:\Users\james\Desktop\Processes for OOS\COP4331 Project\ScaryMaze\Source\ScaryMaze\Maze.cpp(300) : error C4430: missing type specifier - int assumed. Note: C++ does not support default-int
[2019.03.17-17.43.14:297][711]CompilerResultsLog:    C:\Users\james\Desktop\Processes for OOS\COP4331 Project\ScaryMaze\Source\ScaryMaze\Maze.cpp(300) : error C2086: 'int AWall': redefinition
[2019.03.17-17.43.14:297][711]CompilerResultsLog:   c:\users\james\desktop\processes for oos\cop4331 project\scarymaze\source\scarymaze\Wall.h(14): note: see declaration of 'AWall'
[2019.03.17-17.43.14:297][711]CompilerResultsLog:    C:\Users\james\Desktop\Processes for OOS\COP4331 Project\ScaryMaze\Source\ScaryMaze\Maze.cpp(300) : error C2825: 'AMaze': must be a class or namespace when followed by '::'
[2019.03.17-17.43.14:297][711]CompilerResultsLog:    C:\Users\james\Desktop\Processes for OOS\COP4331 Project\ScaryMaze\Source\ScaryMaze\Maze.cpp(300) : error C2510: 'AMaze': left of '::' must be a class/struct/union
[2019.03.17-17.43.14:297][711]CompilerResultsLog:    C:\Users\james\Desktop\Processes for OOS\COP4331 Project\ScaryMaze\Source\ScaryMaze\Maze.cpp(301) : error C4430: missing type specifier - int assumed. Note: C++ does not support default-int
[2019.03.17-17.43.14:297][711]CompilerResultsLog:    C:\Users\james\Desktop\Processes for OOS\COP4331 Project\ScaryMaze\Source\ScaryMaze\Maze.cpp(301) : error C2059: syntax error: '{'
[2019.03.17-17.43.14:298][711]CompilerResultsLog:    C:\Users\james\Desktop\Processes for OOS\COP4331 Project\ScaryMaze\Source\ScaryMaze\Maze.cpp(301) : error C2143: syntax error: missing ';' before '{'
[2019.03.17-17.43.14:298][711]CompilerResultsLog:    C:\Users\james\Desktop\Processes for OOS\COP4331 Project\ScaryMaze\Source\ScaryMaze\Maze.cpp(301) : error C2447: '{': missing function header (old-style formal list?)
[2019.03.17-17.43.14:298][711]CompilerResultsLog:    C:\Users\james\Desktop\Processes for OOS\COP4331 Project\ScaryMaze\Source\ScaryMaze\Maze.cpp(320) : error C2143: syntax error: missing ';' before '*'
[2019.03.17-17.43.14:298][711]CompilerResultsLog:    C:\Users\james\Desktop\Processes for OOS\COP4331 Project\ScaryMaze\Source\ScaryMaze\Maze.cpp(320) : error C4430: missing type specifier - int assumed. Note: C++ does not support default-int
[2019.03.17-17.43.14:298][711]CompilerResultsLog:    C:\Users\james\Desktop\Processes for OOS\COP4331 Project\ScaryMaze\Source\ScaryMaze\Maze.cpp(320) : error C2086: 'int AGround': redefinition
[2019.03.17-17.43.14:298][711]CompilerResultsLog:   c:\users\james\desktop\processes for oos\cop4331 project\scarymaze\source\scarymaze\Ground.h(14): note: see declaration of 'AGround'
[2019.03.17-17.43.14:298][711]CompilerResultsLog:    C:\Users\james\Desktop\Processes for OOS\COP4331 Project\ScaryMaze\Source\ScaryMaze\Maze.cpp(320) : error C2825: 'AMaze': must be a class or namespace when followed by '::'
[2019.03.17-17.43.14:298][711]CompilerResultsLog:    C:\Users\james\Desktop\Processes for OOS\COP4331 Project\ScaryMaze\Source\ScaryMaze\Maze.cpp(320) : error C2510: 'AMaze': left of '::' must be a class/struct/union
[2019.03.17-17.43.14:298][711]CompilerResultsLog:    C:\Users\james\Desktop\Processes for OOS\COP4331 Project\ScaryMaze\Source\ScaryMaze\Maze.cpp(321) : error C4430: missing type specifier - int assumed. Note: C++ does not support default-int
[2019.03.17-17.43.14:298][711]CompilerResultsLog:    C:\Users\james\Desktop\Processes for OOS\COP4331 Project\ScaryMaze\Source\ScaryMaze\Maze.cpp(321) : error C2059: syntax error: '{'
[2019.03.17-17.43.14:298][711]CompilerResultsLog:    C:\Users\james\Desktop\Processes for OOS\COP4331 Project\ScaryMaze\Source\ScaryMaze\Maze.cpp(321) : error C2143: syntax error: missing ';' before '{'
[2019.03.17-17.43.14:298][711]CompilerResultsLog:    C:\Users\james\Desktop\Processes for OOS\COP4331 Project\ScaryMaze\Source\ScaryMaze\Maze.cpp(321) : error C2447: '{': missing function header (old-style formal list?)
[2019.03.17-17.43.14:298][711]CompilerResultsLog:    C:\Users\james\Desktop\Processes for OOS\COP4331 Project\ScaryMaze\Source\ScaryMaze\Maze.cpp(340) : error C2143: syntax error: missing ';' before '*'
[2019.03.17-17.43.14:298][711]CompilerResultsLog:    C:\Users\james\Desktop\Processes for OOS\COP4331 Project\ScaryMaze\Source\ScaryMaze\Maze.cpp(340) : error C4430: missing type specifier - int assumed. Note: C++ does not support default-int
[2019.03.17-17.43.14:298][711]CompilerResultsLog:    C:\Users\james\Desktop\Processes for OOS\COP4331 Project\ScaryMaze\Source\ScaryMaze\Maze.cpp(340) : error C2086: 'int AGoal': redefinition
[2019.03.17-17.43.14:298][711]CompilerResultsLog:   c:\users\james\desktop\processes for oos\cop4331 project\scarymaze\source\scarymaze\Goal.h(12): note: see declaration of 'AGoal'
[2019.03.17-17.43.14:298][711]CompilerResultsLog:    C:\Users\james\Desktop\Processes for OOS\COP4331 Project\ScaryMaze\Source\ScaryMaze\Maze.cpp(340) : error C2825: 'AMaze': must be a class or namespace when followed by '::'
[2019.03.17-17.43.14:299][711]CompilerResultsLog:    C:\Users\james\Desktop\Processes for OOS\COP4331 Project\ScaryMaze\Source\ScaryMaze\Maze.cpp(340) : error C2510: 'AMaze': left of '::' must be a class/struct/union
[2019.03.17-17.43.14:299][711]CompilerResultsLog:    C:\Users\james\Desktop\Processes for OOS\COP4331 Project\ScaryMaze\Source\ScaryMaze\Maze.cpp(341) : error C4430: missing type specifier - int assumed. Note: C++ does not support default-int
[2019.03.17-17.43.14:299][711]CompilerResultsLog:    C:\Users\james\Desktop\Processes for OOS\COP4331 Project\ScaryMaze\Source\ScaryMaze\Maze.cpp(341) : error C2059: syntax error: '{'
[2019.03.17-17.43.14:299][711]CompilerResultsLog:    C:\Users\james\Desktop\Processes for OOS\COP4331 Project\ScaryMaze\Source\ScaryMaze\Maze.cpp(341) : error C2143: syntax error: missing ';' before '{'
[2019.03.17-17.43.14:299][711]CompilerResultsLog:    C:\Users\james\Desktop\Processes for OOS\COP4331 Project\ScaryMaze\Source\ScaryMaze\Maze.cpp(341) : fatal error C1003: error count exceeds 100; stopping compilation
[2019.03.17-17.43.14:299][711]CompilerResultsLog: ERROR: UBT ERROR: Failed to produce item: C:\Users\james\Desktop\Processes for OOS\COP4331 Project\ScaryMaze\Binaries\Win64\UE4Editor-ScaryMaze-5659.dll
[2019.03.17-17.43.14:299][711]CompilerResultsLog:        (see ../Programs/UnrealBuildTool/Log.txt for full exception trace)
[2019.03.17-17.43.14:299][711]CompilerResultsLog: Total build time: 13.79 seconds (Parallel executor: 0.00 seconds)
[2019.03.17-17.43.14:299][711]LogMainFrame: MainFrame: Module compiling took 14.385 seconds
[2019.03.17-17.43.14:299][711]Warning: HotReload failed, recompile failed
[2019.03.17-17.43.37:867][120]LogSlate: Window 'Message Log' being destroyed
[2019.03.17-17.43.37:871][120]LogSlate: Window 'Message Log' being destroyed
[2019.03.17-17.43.46:677][648]LogSlate: Took 0.000295 seconds to synchronously load lazily loaded font '../../../Engine/Content/Slate/Fonts/Roboto-Light.ttf' (167K)
[2019.03.17-17.43.46:687][648]LogAssetEditorManager: Opening Asset editor for Class /Script/ScaryMaze.MazeWall
[2019.03.17-17.44.30:282][986]LogVSAccessor: Warning: Couldn't open file 'C:/Users/james/Desktop/Processes for OOS/COP4331 Project/ScaryMaze/Source/ScaryMaze/MazeWall.h'.
[2019.03.17-17.44.30:316][986]LogVSAccessor: Warning: Couldn't open file 'C:/Users/james/Desktop/Processes for OOS/COP4331 Project/ScaryMaze/Source/ScaryMaze/MazeWall.cpp'.
[2019.03.17-17.44.30:317][986]LogVSAccessor: Warning: Couldn't access Visual Studio
[2019.03.17-17.44.30:335][986]LogVSAccessor: Warning: Couldn't access module table
[2019.03.17-17.44.30:335][986]LogVSAccessor: Warning: Couldn't access module table
[2019.03.17-17.44.30:335][986]LogVSAccessor: Warning: Couldn't access module table
[2019.03.17-17.44.30:336][986]LogVSAccessor: Warning: Couldn't access module table
[2019.03.17-17.44.30:336][986]LogVSAccessor: Warning: Couldn't access module table
[2019.03.17-17.44.30:336][986]LogVSAccessor: Warning: Couldn't access module table
[2019.03.17-17.44.30:336][986]LogVSAccessor: Warning: Couldn't access module table
[2019.03.17-17.44.30:337][986]LogVSAccessor: Warning: Couldn't access module table
[2019.03.17-17.44.30:337][986]LogVSAccessor: Warning: Couldn't access module table
[2019.03.17-17.44.30:337][986]LogVSAccessor: Warning: Couldn't access module table
[2019.03.17-17.44.30:337][986]LogVSAccessor: Warning: Couldn't access module table
[2019.03.17-17.44.30:337][986]LogVSAccessor: Warning: Couldn't access module table
[2019.03.17-17.44.30:337][986]LogVSAccessor: Warning: Couldn't access module table
[2019.03.17-17.44.30:337][986]LogVSAccessor: Warning: Couldn't access module table
[2019.03.17-17.44.30:338][986]LogVSAccessor: Warning: Couldn't access module table
[2019.03.17-17.44.30:338][986]LogVSAccessor: Warning: Couldn't access module table
[2019.03.17-17.44.30:338][986]LogVSAccessor: Warning: Couldn't access module table
[2019.03.17-17.44.30:338][986]LogVSAccessor: Warning: Couldn't access module table
[2019.03.17-17.44.30:338][986]LogVSAccessor: Warning: Couldn't access module table
[2019.03.17-17.44.30:339][986]LogVSAccessor: Warning: Couldn't access module table
[2019.03.17-17.44.30:339][986]LogVSAccessor: Warning: Couldn't access module table
[2019.03.17-17.44.30:339][986]LogVSAccessor: Warning: Couldn't access module table
[2019.03.17-17.44.30:339][986]LogVSAccessor: Warning: Couldn't access module table
[2019.03.17-17.44.30:339][986]LogVSAccessor: Warning: Couldn't access module table
[2019.03.17-17.44.30:340][986]LogVSAccessor: Warning: Couldn't access module table
[2019.03.17-17.44.30:340][986]LogVSAccessor: Warning: Couldn't access module table
[2019.03.17-17.44.30:340][986]LogVSAccessor: Warning: Couldn't access module table
[2019.03.17-17.44.30:340][986]LogVSAccessor: Warning: Couldn't access module table
[2019.03.17-17.44.30:341][986]LogVSAccessor: Warning: Couldn't access module table
[2019.03.17-17.44.30:341][986]LogVSAccessor: Warning: Couldn't access module table
[2019.03.17-17.44.30:341][986]LogVSAccessor: Warning: Couldn't access module table
[2019.03.17-17.44.30:341][986]LogVSAccessor: Warning: Couldn't access module table
[2019.03.17-17.44.30:341][986]LogVSAccessor: Warning: Couldn't access module table
[2019.03.17-17.44.30:342][986]LogVSAccessor: Warning: Couldn't access module table
[2019.03.17-17.44.30:342][986]LogVSAccessor: Warning: Couldn't access module table
[2019.03.17-17.44.30:342][986]LogVSAccessor: Warning: Couldn't access module table
[2019.03.17-17.44.30:342][986]LogVSAccessor: Warning: Couldn't access module table
[2019.03.17-17.44.30:342][986]LogVSAccessor: Warning: Couldn't access module table
[2019.03.17-17.44.30:342][986]LogVSAccessor: Warning: Couldn't access module table
[2019.03.17-17.44.30:342][986]LogVSAccessor: Warning: Couldn't access module table
[2019.03.17-17.44.30:342][986]LogVSAccessor: Warning: Couldn't access module table
[2019.03.17-17.44.30:343][986]LogVSAccessor: Warning: Couldn't access module table
[2019.03.17-17.44.30:343][986]LogVSAccessor: Warning: Couldn't access module table
[2019.03.17-17.44.30:343][986]LogVSAccessor: Warning: Couldn't access module table
[2019.03.17-17.44.30:343][986]LogVSAccessor: Warning: Couldn't access module table
[2019.03.17-17.44.30:343][986]LogVSAccessor: Warning: Couldn't access module table
[2019.03.17-17.44.30:343][986]LogVSAccessor: Warning: Couldn't access module table
[2019.03.17-17.44.30:343][986]LogVSAccessor: Warning: Couldn't access module table
[2019.03.17-17.44.30:343][986]LogVSAccessor: Warning: Couldn't access module table
[2019.03.17-17.44.30:344][986]LogVSAccessor: Warning: Couldn't access module table
[2019.03.17-17.44.30:344][986]LogVSAccessor: Warning: Couldn't access module table
[2019.03.17-17.44.30:344][986]LogVSAccessor: Warning: Couldn't access module table
[2019.03.17-17.44.30:344][986]LogVSAccessor: Warning: Couldn't access module table
[2019.03.17-17.44.30:344][986]LogVSAccessor: Warning: Couldn't access module table
[2019.03.17-17.44.30:344][986]LogVSAccessor: Warning: Couldn't access module table
[2019.03.17-17.44.30:344][986]LogVSAccessor: Warning: Couldn't access module table
[2019.03.17-17.44.30:344][986]LogVSAccessor: Warning: Couldn't access module table
[2019.03.17-17.44.30:344][986]LogVSAccessor: Warning: Couldn't access module table
[2019.03.17-17.44.30:345][986]LogVSAccessor: Warning: Couldn't access module table
[2019.03.17-17.44.30:345][986]LogVSAccessor: Warning: Couldn't access module table
[2019.03.17-17.44.30:345][986]LogVSAccessor: Warning: Couldn't access module table
[2019.03.17-17.44.30:345][986]LogVSAccessor: Warning: Couldn't access module table
[2019.03.17-17.44.30:346][986]LogVSAccessor: Warning: Couldn't access module table
[2019.03.17-17.44.30:346][986]LogVSAccessor: Warning: Couldn't access module table
[2019.03.17-17.44.30:346][986]LogVSAccessor: Warning: Couldn't access module table
[2019.03.17-17.44.30:346][986]LogVSAccessor: Warning: Couldn't access module table
[2019.03.17-17.44.30:346][986]LogVSAccessor: Warning: Couldn't access module table
[2019.03.17-17.44.30:346][986]LogVSAccessor: Warning: Couldn't access module table
[2019.03.17-17.44.30:346][986]LogVSAccessor: Warning: Couldn't access module table
[2019.03.17-17.44.30:346][986]LogVSAccessor: Warning: Couldn't access module table
[2019.03.17-17.44.30:346][986]LogVSAccessor: Warning: Couldn't access module table
[2019.03.17-17.44.30:347][986]LogVSAccessor: Warning: Couldn't access module table
[2019.03.17-17.44.30:347][986]LogVSAccessor: Warning: Couldn't access module table
[2019.03.17-17.44.30:347][986]LogVSAccessor: Warning: Couldn't access module table
[2019.03.17-17.44.30:347][986]LogVSAccessor: Warning: Couldn't access module table
[2019.03.17-17.44.30:347][986]LogVSAccessor: Warning: Couldn't access module table
[2019.03.17-17.44.30:348][986]LogVSAccessor: Warning: Couldn't access module table
[2019.03.17-17.44.30:348][986]LogVSAccessor: Warning: Couldn't access module table
[2019.03.17-17.44.30:348][986]LogVSAccessor: Warning: Couldn't access module table
[2019.03.17-17.44.30:348][986]LogVSAccessor: Warning: Couldn't access module table
[2019.03.17-17.44.30:348][986]LogVSAccessor: Warning: Couldn't access module table
[2019.03.17-17.44.30:348][986]LogVSAccessor: Warning: Couldn't access module table
[2019.03.17-17.44.30:348][986]LogVSAccessor: Warning: Couldn't access module table
[2019.03.17-17.44.30:349][986]LogVSAccessor: Warning: Couldn't access module table
[2019.03.17-17.44.30:349][986]LogVSAccessor: Warning: Couldn't access module table
[2019.03.17-17.44.30:349][986]LogVSAccessor: Warning: Couldn't access module table
[2019.03.17-17.44.30:349][986]LogVSAccessor: Warning: Couldn't access module table
[2019.03.17-17.44.30:349][986]LogVSAccessor: Warning: Couldn't access module table
[2019.03.17-17.44.30:349][986]LogVSAccessor: Warning: Couldn't access module table
[2019.03.17-17.44.30:349][986]LogVSAccessor: Warning: Couldn't access module table
[2019.03.17-17.44.30:349][986]LogVSAccessor: Warning: Couldn't access module table
[2019.03.17-17.44.30:349][986]LogVSAccessor: Warning: Couldn't access module table
[2019.03.17-17.44.30:350][986]LogVSAccessor: Warning: Couldn't access module table
[2019.03.17-17.44.30:350][986]LogVSAccessor: Warning: Couldn't access module table
[2019.03.17-17.44.30:350][986]LogVSAccessor: Warning: Couldn't access module table
[2019.03.17-17.44.30:350][986]LogVSAccessor: Warning: Couldn't access module table
[2019.03.17-17.44.30:361][986]LogVSAccessor: Warning: Couldn't access module table
[2019.03.17-17.44.30:365][986]LogVSAccessor: Warning: Couldn't access module table
[2019.03.17-17.44.30:365][986]LogVSAccessor: Warning: Couldn't access module table
[2019.03.17-17.44.30:366][986]LogVSAccessor: Warning: Couldn't access module table
[2019.03.17-17.44.30:366][986]LogVSAccessor: Warning: Couldn't access module table
[2019.03.17-17.44.30:366][986]LogVSAccessor: Warning: Couldn't access module table
[2019.03.17-17.44.30:366][986]LogVSAccessor: Warning: Couldn't access module table
[2019.03.17-17.44.30:366][986]LogVSAccessor: Warning: Couldn't access module table
[2019.03.17-17.44.30:366][986]LogVSAccessor: Warning: Couldn't access module table
[2019.03.17-17.44.30:366][986]LogVSAccessor: Warning: Couldn't access module table
[2019.03.17-17.44.30:366][986]LogVSAccessor: Warning: Couldn't access module table
[2019.03.17-17.44.30:372][986]LogVSAccessor: Warning: Couldn't access module table
[2019.03.17-17.44.30:372][986]LogVSAccessor: Warning: Couldn't access module table
[2019.03.17-17.44.30:372][986]LogVSAccessor: Warning: Couldn't access module table
[2019.03.17-17.44.30:372][986]LogVSAccessor: Warning: Couldn't access module table
[2019.03.17-17.44.30:406][986]LogVSAccessor: Warning: Couldn't access module table
[2019.03.17-17.44.30:407][986]LogVSAccessor: Warning: Couldn't access module table
[2019.03.17-17.44.30:407][986]LogVSAccessor: Warning: Couldn't access module table
[2019.03.17-17.44.30:431][986]LogVSAccessor: Warning: Couldn't access module table
[2019.03.17-17.44.30:492][986]LogVSAccessor: Warning: Couldn't access module table
[2019.03.17-17.44.30:797][986]LogVSAccessor: Warning: Couldn't access module table
[2019.03.17-17.44.31:324][986]LogVSAccessor: Warning: Couldn't access module table
[2019.03.17-17.44.31:647][986]LogVSAccessor: Warning: Couldn't access module table
[2019.03.17-17.44.31:648][986]LogVSAccessor: Warning: Couldn't access module table
[2019.03.17-17.44.31:648][986]LogVSAccessor: Warning: Couldn't access module table
[2019.03.17-17.44.31:649][986]LogVSAccessor: Warning: Couldn't access module table
[2019.03.17-17.44.31:650][986]LogVSAccessor: Warning: Couldn't access module table
[2019.03.17-17.44.31:651][986]LogVSAccessor: Warning: Couldn't access module table
[2019.03.17-17.44.31:651][986]LogVSAccessor: Warning: Couldn't access module table
[2019.03.17-17.44.31:652][986]LogVSAccessor: Warning: Couldn't access module table
[2019.03.17-17.44.31:652][986]LogVSAccessor: Warning: Couldn't access module table
[2019.03.17-17.44.31:654][986]LogVSAccessor: Warning: Couldn't access module table
[2019.03.17-17.44.31:932][986]LogVSAccessor: Warning: Couldn't access module table
[2019.03.17-17.44.31:933][986]LogVSAccessor: Warning: Couldn't access module table
[2019.03.17-17.44.31:940][986]LogVSAccessor: Warning: Couldn't access module table
[2019.03.17-17.44.31:940][986]LogVSAccessor: Warning: Couldn't access module table
[2019.03.17-17.44.32:430][986]LogVSAccessor: Warning: Couldn't access module table
[2019.03.17-17.44.32:450][986]LogVSAccessor: Warning: Couldn't access module table
[2019.03.17-17.44.33:858][986]LogVSAccessor: Warning: Couldn't access module table
[2019.03.17-17.44.35:472][986]LogVSAccessor: Warning: Couldn't access module table
[2019.03.17-17.44.35:472][986]LogVSAccessor: Warning: Couldn't access module table
[2019.03.17-17.44.35:476][986]LogVSAccessor: Warning: Couldn't access module table
[2019.03.17-17.44.35:476][986]LogVSAccessor: Warning: Couldn't access module table
[2019.03.17-17.44.35:476][986]LogVSAccessor: Warning: Couldn't access module table
[2019.03.17-17.44.35:476][986]LogVSAccessor: Warning: Couldn't access module table
[2019.03.17-17.44.35:477][986]LogVSAccessor: Warning: Couldn't access module table
[2019.03.17-17.44.36:390][986]LogVSAccessor: Warning: Couldn't access module table
[2019.03.17-17.44.36:391][986]LogVSAccessor: Warning: Couldn't access module table
[2019.03.17-17.44.36:397][986]LogVSAccessor: Warning: Couldn't access module table
[2019.03.17-17.49.37:902][879]LogSlate: Window 'ScaryMaze - Unreal Editor' being destroyed
[2019.03.17-17.49.38:552][880]Cmd: QUIT_EDITOR
[2019.03.17-17.49.39:062][880]LogWindowsTextInputMethodSystem: Display: IME system now deactivated.
[2019.03.17-17.49.39:176][880]LogExit: Preparing to exit.
[2019.03.17-17.49.41:456][880]LogExit: Editor shut down
[2019.03.17-17.49.41:457][880]LogExit: Transaction tracking system shut down
[2019.03.17-17.49.44:843][880]LogExit: Object subsystem successfully closed.
[2019.03.17-17.49.45:522][880]LogShaderCompilers: Display: Shaders left to compile 0
[2019.03.17-17.49.45:541][880]LogD3D11RHI: Shutdown
[2019.03.17-17.49.45:541][880]LogD3D11RHI: CleanupD3DDevice
[2019.03.17-17.49.45:595][880]LogD3D11RHI: ~FD3D11DynamicRHI
[2019.03.17-17.49.46:791][880]LogModuleManager: Shutting down and abandoning module HierarchicalLODOutliner (624)
[2019.03.17-17.49.46:791][880]LogModuleManager: Shutting down and abandoning module SceneOutliner (622)
[2019.03.17-17.49.46:800][880]LogModuleManager: Shutting down and abandoning module AddContentDialog (620)
[2019.03.17-17.49.46:809][880]LogModuleManager: Shutting down and abandoning module WidgetCarousel (619)
[2019.03.17-17.49.46:809][880]LogModuleManager: Shutting down and abandoning module EditorWidgets (616)
[2019.03.17-17.49.46:809][880]LogModuleManager: Shutting down and abandoning module CollectionManager (614)
[2019.03.17-17.49.46:819][880]LogModuleManager: Shutting down and abandoning module StatsViewer (612)
[2019.03.17-17.49.46:832][880]LogModuleManager: Shutting down and abandoning module FoliageEdit (610)
[2019.03.17-17.49.46:840][880]LogModuleManager: Shutting down and abandoning module LandscapeEditor (608)
[2019.03.17-17.49.46:884][880]LogModuleManager: Shutting down and abandoning module MeshPaintMode (606)
[2019.03.17-17.49.46:888][880]LogModuleManager: Shutting down and abandoning module SceneDepthPickerMode (604)
[2019.03.17-17.49.46:889][880]LogModuleManager: Shutting down and abandoning module ActorPickerMode (602)
[2019.03.17-17.49.46:889][880]LogModuleManager: Shutting down and abandoning module GeometryMode (600)
[2019.03.17-17.49.46:889][880]LogModuleManager: Shutting down and abandoning module TextureAlignMode (598)
[2019.03.17-17.49.46:889][880]LogModuleManager: Shutting down and abandoning module BspMode (596)
[2019.03.17-17.49.46:889][880]LogModuleManager: Shutting down and abandoning module PIEPreviewDeviceProfileSelector (594)
[2019.03.17-17.49.46:898][880]LogModuleManager: Shutting down and abandoning module SequenceRecorderSections (592)
[2019.03.17-17.49.46:908][880]LogModuleManager: Shutting down and abandoning module AutomationWorker (590)
[2019.03.17-17.49.46:908][880]LogModuleManager: Shutting down and abandoning module AudioCaptureEditor (588)
[2019.03.17-17.49.46:908][880]LogModuleManager: Shutting down and abandoning module MatineeToLevelSequence (586)
[2019.03.17-17.49.46:922][880]LogModuleManager: Shutting down and abandoning module LevelSequenceEditor (584)
[2019.03.17-17.49.46:943][880]LogModuleManager: Shutting down and abandoning module PlacementMode (583)
[2019.03.17-17.49.46:943][880]LogModuleManager: Shutting down and abandoning module MaterialEditor (582)
[2019.03.17-17.49.46:969][880]LogModuleManager: Shutting down and abandoning module WmfMediaFactory (578)
[2019.03.17-17.49.46:969][880]LogModuleManager: Shutting down and abandoning module WmfMediaEditor (576)
[2019.03.17-17.49.46:969][880]LogModuleManager: Shutting down and abandoning module WebMMediaFactory (574)
[2019.03.17-17.49.46:969][880]LogModuleManager: Shutting down and abandoning module WebMMediaEditor (572)
[2019.03.17-17.49.46:969][880]LogModuleManager: Shutting down and abandoning module WebMMedia (570)
[2019.03.17-17.49.46:972][880]LogModuleManager: Shutting down and abandoning module MediaPlayerEditor (568)
[2019.03.17-17.49.46:988][880]LogModuleManager: Shutting down and abandoning module MediaCompositingEditor (566)
[2019.03.17-17.49.47:015][880]LogModuleManager: Shutting down and abandoning module SequenceRecorder (565)
[2019.03.17-17.49.47:015][880]LogModuleManager: Shutting down and abandoning module OpenExrWrapper (562)
[2019.03.17-17.49.47:015][880]LogModuleManager: Shutting down and abandoning module ImgMediaFactory (560)
[2019.03.17-17.49.47:015][880]LogModuleManager: Shutting down and abandoning module ImgMediaEditor (558)
[2019.03.17-17.49.47:015][880]LogModuleManager: Shutting down and abandoning module AvfMediaFactory (556)
[2019.03.17-17.49.47:015][880]LogModuleManager: Shutting down and abandoning module AvfMediaEditor (554)
[2019.03.17-17.49.47:015][880]LogModuleManager: Shutting down and abandoning module AndroidMediaFactory (552)
[2019.03.17-17.49.47:015][880]LogModuleManager: Shutting down and abandoning module AndroidMediaEditor (550)
[2019.03.17-17.49.47:015][880]LogModuleManager: Shutting down and abandoning module MagicLeapCameraPreviewFactory (548)
[2019.03.17-17.49.47:015][880]LogModuleManager: Shutting down and abandoning module MagicLeapMediaFactory (546)
[2019.03.17-17.49.47:016][880]LogModuleManager: Shutting down and abandoning module MagicLeapMediaEditor (544)
[2019.03.17-17.49.47:016][880]LogModuleManager: Shutting down and abandoning module CharacterAI (542)
[2019.03.17-17.49.47:016][880]LogModuleManager: Shutting down and abandoning module SmartSnapping (540)
[2019.03.17-17.49.47:016][880]LogModuleManager: Shutting down and abandoning module SessionServices (538)
[2019.03.17-17.49.47:016][880]LogModuleManager: Shutting down and abandoning module ViewportSnapping (536)
[2019.03.17-17.49.47:016][880]LogModuleManager: Shutting down and abandoning module ViewportInteraction (534)
[2019.03.17-17.49.47:016][880]LogModuleManager: Shutting down and abandoning module ClothPainter (532)
[2019.03.17-17.49.47:031][880]LogModuleManager: Shutting down and abandoning module SkeletalMeshEditor (531)
[2019.03.17-17.49.47:054][880]LogModuleManager: Shutting down and abandoning module LogVisualizer (528)
[2019.03.17-17.49.47:076][880]LogModuleManager: Shutting down and abandoning module IntroTutorials (526)
[2019.03.17-17.49.47:107][880]LogModuleManager: Shutting down and abandoning module GameProjectGeneration (525)
[2019.03.17-17.49.47:111][880]LogModuleManager: Shutting down and abandoning module LuminPlatformEditor (522)
[2019.03.17-17.49.47:111][880]LogModuleManager: Shutting down and abandoning module IOSPlatformEditor (520)
[2019.03.17-17.49.47:111][880]LogModuleManager: Shutting down and abandoning module HTML5PlatformEditor (518)
[2019.03.17-17.49.47:111][880]LogModuleManager: Shutting down and abandoning module AndroidPlatformEditor (516)
[2019.03.17-17.49.47:111][880]LogModuleManager: Shutting down and abandoning module AndroidDeviceDetection (515)
[2019.03.17-17.49.48:037][880]LogModuleManager: Shutting down and abandoning module WindowsPlatformEditor (512)
[2019.03.17-17.49.48:037][880]LogModuleManager: Shutting down and abandoning module LuminRuntimeSettings (510)
[2019.03.17-17.49.48:037][880]LogModuleManager: Shutting down and abandoning module IOSRuntimeSettings (508)
[2019.03.17-17.49.48:037][880]LogModuleManager: Shutting down and abandoning module AndroidRuntimeSettings (506)
[2019.03.17-17.49.48:037][880]LogModuleManager: Shutting down and abandoning module TimeManagementEditor (504)
[2019.03.17-17.49.48:037][880]LogModuleManager: Shutting down and abandoning module InputBindingEditor (502)
[2019.03.17-17.49.48:080][880]LogModuleManager: Shutting down and abandoning module MergeActors (500)
[2019.03.17-17.49.48:095][880]LogModuleManager: Shutting down and abandoning module LocalizationDashboard (498)
[2019.03.17-17.49.48:108][880]LogModuleManager: Shutting down and abandoning module LocalizationService (497)
[2019.03.17-17.49.48:114][880]LogModuleManager: Shutting down and abandoning module HardwareTargeting (494)
[2019.03.17-17.49.48:114][880]LogModuleManager: Shutting down and abandoning module DeviceProfileEditor (492)
[2019.03.17-17.49.48:122][880]LogModuleManager: Shutting down and abandoning module UndoHistory (490)
[2019.03.17-17.49.48:136][880]LogModuleManager: Shutting down and abandoning module XmlParser (488)
[2019.03.17-17.49.48:136][880]LogModuleManager: Shutting down and abandoning module Blutility (486)
[2019.03.17-17.49.48:157][880]LogModuleManager: Shutting down and abandoning module ProjectSettingsViewer (484)
[2019.03.17-17.49.48:157][880]LogModuleManager: Shutting down and abandoning module ProjectTargetPlatformEditor (483)
[2019.03.17-17.49.48:157][880]LogModuleManager: Shutting down and abandoning module EditorSettingsViewer (480)
[2019.03.17-17.49.48:158][880]LogModuleManager: Shutting down and abandoning module SettingsEditor (478)
[2019.03.17-17.49.48:165][880]LogModuleManager: Shutting down and abandoning module ProjectLauncher (476)
[2019.03.17-17.49.48:187][880]LogModuleManager: Shutting down and abandoning module SessionFrontend (474)
[2019.03.17-17.49.48:191][880]LogModuleManager: Shutting down and abandoning module ProfilerClient (472)
[2019.03.17-17.49.48:198][880]LogModuleManager: Shutting down and abandoning module DeviceManager (470)
[2019.03.17-17.49.48:210][880]LogModuleManager: Shutting down and abandoning module TargetDeviceServices (469)
[2019.03.17-17.49.48:289][880]LogModuleManager: Shutting down and abandoning module AutomationController (466)
[2019.03.17-17.49.48:334][880]LogModuleManager: Shutting down and abandoning module AutomationWindow (464)
[2019.03.17-17.49.48:354][880]LogModuleManager: Shutting down and abandoning module Layers (462)
[2019.03.17-17.49.48:379][880]LogModuleManager: Shutting down and abandoning module ComponentVisualizers (460)
[2019.03.17-17.49.48:379][880]LogModuleManager: Shutting down and abandoning module DetailCustomizations (458)
[2019.03.17-17.49.48:390][880]LogModuleManager: Shutting down and abandoning module PackagesDialog (456)
[2019.03.17-17.49.48:403][880]LogModuleManager: Shutting down and abandoning module Persona (454)
[2019.03.17-17.49.48:431][880]LogModuleManager: Shutting down and abandoning module AdvancedPreviewScene (453)
[2019.03.17-17.49.48:431][880]LogModuleManager: Shutting down and abandoning module AnimGraph (451)
[2019.03.17-17.49.48:431][880]LogModuleManager: Shutting down and abandoning module Kismet (448)
[2019.03.17-17.49.48:539][880]LogModuleManager: Shutting down and abandoning module GraphEditor (446)
[2019.03.17-17.49.48:603][880]LogModuleManager: Shutting down and abandoning module ClassViewer (444)
[2019.03.17-17.49.48:603][880]LogModuleManager: Shutting down and abandoning module Toolbox (442)
[2019.03.17-17.49.48:603][880]LogModuleManager: Shutting down and abandoning module DesktopPlatform (441)
[2019.03.17-17.49.48:648][880]LogModuleManager: Shutting down and abandoning module ModuleUI (438)
[2019.03.17-17.49.48:672][880]LogModuleManager: Shutting down and abandoning module MovieSceneTools (436)
[2019.03.17-17.49.48:672][880]LogModuleManager: Shutting down and abandoning module OutputLog (434)
[2019.03.17-17.49.48:672][880]LogModuleManager: Shutting down and abandoning module GammaUI (432)
[2019.03.17-17.49.48:680][880]LogModuleManager: Shutting down and abandoning module Documentation (430)
[2019.03.17-17.49.48:680][880]LogModuleManager: Shutting down and abandoning module MovieSceneTracks (428)
[2019.03.17-17.49.48:680][880]LogModuleManager: Shutting down and abandoning module MovieScene (426)
[2019.03.17-17.49.48:696][880]LogModuleManager: Shutting down and abandoning module StreamingPauseRendering (424)
[2019.03.17-17.49.48:704][880]LogModuleManager: Shutting down and abandoning module LauncherPlatform (422)
[2019.03.17-17.49.48:704][880]LogModuleManager: Shutting down and abandoning module AnalyticsET (420)
[2019.03.17-17.49.48:704][880]LogModuleManager: Shutting down and abandoning module PortalServices (418)
[2019.03.17-17.49.48:704][880]LogModuleManager: Shutting down and abandoning module PortalRpc (416)
[2019.03.17-17.49.48:704][880]LogModuleManager: Shutting down and abandoning module MessagingRpc (414)
[2019.03.17-17.49.48:704][880]LogModuleManager: Shutting down and abandoning module AIModule (412)
[2019.03.17-17.49.48:746][880]LogModuleManager: Shutting down and abandoning module GameplayDebugger (411)
[2019.03.17-17.49.48:755][880]LogModuleManager: Shutting down and abandoning module AITestSuite (409)
[2019.03.17-17.49.48:765][880]LogModuleManager: Shutting down and abandoning module NavigationSystem (407)
[2019.03.17-17.49.48:765][880]LogModuleManager: Shutting down and abandoning module ImageWriteQueue (404)
[2019.03.17-17.49.48:769][880]LogModuleManager: Shutting down and abandoning module ProfilerService (402)
[2019.03.17-17.49.48:950][880]LogModuleManager: Shutting down and abandoning module TaskGraph (400)
[2019.03.17-17.49.48:973][880]LogModuleManager: Shutting down and abandoning module SteamVRController (398)
[2019.03.17-17.49.48:973][880]LogModuleManager: Shutting down and abandoning module ProceduralMeshComponentEditor (396)
[2019.03.17-17.49.48:973][880]LogModuleManager: Shutting down and abandoning module ProceduralMeshComponent (394)
[2019.03.17-17.49.48:984][880]LogModuleManager: Shutting down and abandoning module OculusInput (392)
[2019.03.17-17.49.48:984][880]LogModuleManager: Shutting down and abandoning module MobilePatchingUtils (390)
[2019.03.17-17.49.48:984][880]LogModuleManager: Shutting down and abandoning module EditableMesh (388)
[2019.03.17-17.49.49:009][880]LogModuleManager: Shutting down and abandoning module CustomMeshComponent (386)
[2019.03.17-17.49.49:009][880]LogModuleManager: Shutting down and abandoning module CableComponent (384)
[2019.03.17-17.49.49:020][880]LogModuleManager: Shutting down and abandoning module AudioCapture (382)
[2019.03.17-17.49.49:020][880]LogModuleManager: Shutting down and abandoning module ArchVisCharacter (380)
[2019.03.17-17.49.49:020][880]LogModuleManager: Shutting down and abandoning module AndroidPermission (378)
[2019.03.17-17.49.49:020][880]LogModuleManager: Shutting down and abandoning module NUTUnrealEngine4 (376)
[2019.03.17-17.49.49:047][880]LogModuleManager: Shutting down and abandoning module NetcodeUnitTest (374)
[2019.03.17-17.49.49:059][880]LogModuleManager: Shutting down and abandoning module MediaCompositing (372)
[2019.03.17-17.49.49:059][880]LogModuleManager: Shutting down and abandoning module LinearTimecode (370)
[2019.03.17-17.49.49:059][880]LogModuleManager: Shutting down and abandoning module ImgMedia (368)
[2019.03.17-17.49.49:064][880]LogModuleManager: Shutting down and abandoning module HTML5Networking (366)
[2019.03.17-17.49.49:064][880]LogModuleManager: Shutting down and abandoning module GeometryCacheTracks (364)
[2019.03.17-17.49.49:064][880]LogModuleManager: Shutting down and abandoning module GeometryCacheSequencer (362)
[2019.03.17-17.49.49:064][880]LogModuleManager: Shutting down and abandoning module BackChannel (360)
[2019.03.17-17.49.49:073][880]LogModuleManager: Shutting down and abandoning module AppleVision (358)
[2019.03.17-17.49.49:073][880]LogModuleManager: Shutting down and abandoning module AppleImageUtilsBlueprintSupport (356)
[2019.03.17-17.49.49:073][880]LogModuleManager: Shutting down and abandoning module AppleImageUtils (354)
[2019.03.17-17.49.49:073][880]LogModuleManager: Shutting down and abandoning module AlembicImporter (352)
[2019.03.17-17.49.49:073][880]LogModuleManager: Shutting down and abandoning module AlembicLibrary (351)
[2019.03.17-17.49.49:073][880]LogModuleManager: Shutting down and abandoning module GeometryCache (350)
[2019.03.17-17.49.49:073][880]LogModuleManager: Shutting down and abandoning module GeometryCacheEd (349)
[2019.03.17-17.49.49:073][880]LogModuleManager: Shutting down and abandoning module VariantManagerContent (344)
[2019.03.17-17.49.49:073][880]LogModuleManager: Shutting down and abandoning module DatasmithContentEditor (342)
[2019.03.17-17.49.49:121][880]LogModuleManager: Shutting down and abandoning module SpeedTreeImporter (340)
[2019.03.17-17.49.49:121][880]LogModuleManager: Shutting down and abandoning module PluginBrowser (338)
[2019.03.17-17.49.49:206][880]LogModuleManager: Shutting down and abandoning module MobileLauncherProfileWizard (336)
[2019.03.17-17.49.49:224][880]LogModuleManager: Shutting down and abandoning module PolygonModeling (334)
[2019.03.17-17.49.49:224][880]LogModuleManager: Shutting down and abandoning module MeshEditor (332)
[2019.03.17-17.49.49:257][880]LogModuleManager: Shutting down and abandoning module CryptoKeysOpenSSL (330)
[2019.03.17-17.49.49:280][880]LogModuleManager: Shutting down and abandoning module CryptoKeys (328)
[2019.03.17-17.49.49:280][880]LogModuleManager: Shutting down and abandoning module VisualStudioSourceCodeAccess (326)
[2019.03.17-17.49.49:280][880]LogModuleManager: Shutting down and abandoning module VisualStudioCodeSourceCodeAccess (324)
[2019.03.17-17.49.49:280][880]LogModuleManager: Shutting down and abandoning module UObjectPlugin (322)
[2019.03.17-17.49.49:280][880]LogModuleManager: Shutting down and abandoning module SubversionSourceControl (320)
[2019.03.17-17.49.49:287][880]LogModuleManager: Shutting down and abandoning module PerforceSourceControl (318)
[2019.03.17-17.49.49:301][880]LogModuleManager: Shutting down and abandoning module GitSourceControl (316)
[2019.03.17-17.49.49:314][880]LogModuleManager: Shutting down and abandoning module SourceControl (315)
[2019.03.17-17.49.49:314][880]LogModuleManager: Shutting down and abandoning module CLionSourceCodeAccess (312)
[2019.03.17-17.49.49:320][880]LogModuleManager: Shutting down and abandoning module ActorLayerUtilitiesEditor (310)
[2019.03.17-17.49.49:321][880]LogModuleManager: Shutting down and abandoning module ActorLayerUtilities (308)
[2019.03.17-17.49.49:321][880]LogModuleManager: Shutting down and abandoning module LightPropagationVolumeEditor (306)
[2019.03.17-17.49.49:321][880]LogModuleManager: Shutting down and abandoning module PaperTiledImporter (304)
[2019.03.17-17.49.49:321][880]LogModuleManager: Shutting down and abandoning module PaperSpriteSheetImporter (302)
[2019.03.17-17.49.49:339][880]LogModuleManager: Shutting down and abandoning module Paper2DEditor (300)
[2019.03.17-17.49.49:354][880]LogModuleManager: Shutting down and abandoning module MeshPaint (299)
[2019.03.17-17.49.49:371][880]LogModuleManager: Shutting down and abandoning module ScaryMaze (296)
[2019.03.17-17.49.49:371][880]LogModuleManager: Shutting down and abandoning module RuntimePhysXCooking (294)
[2019.03.17-17.49.49:371][880]LogModuleManager: Shutting down and abandoning module PhysXVehiclesEditor (292)
[2019.03.17-17.49.49:371][880]LogModuleManager: Shutting down and abandoning module PhysXVehicles (290)
[2019.03.17-17.49.49:371][880]LogModuleManager: Shutting down and abandoning module OculusEditor (288)
[2019.03.17-17.49.49:384][880]LogModuleManager: Shutting down and abandoning module LocationServicesBPLibrary (286)
[2019.03.17-17.49.49:384][880]LogModuleManager: Shutting down and abandoning module ActorSequence (284)
[2019.03.17-17.49.49:384][880]LogModuleManager: Shutting down and abandoning module UdpMessaging (282)
[2019.03.17-17.49.49:485][880]LogModuleManager: Shutting down and abandoning module TcpMessaging (280)
[2019.03.17-17.49.49:594][880]LogModuleManager: Shutting down and abandoning module MagicLeapAudio (278)
[2019.03.17-17.49.49:594][880]LogModuleManager: Shutting down and abandoning module GameplayTagsEditor (276)
[2019.03.17-17.49.49:610][880]LogModuleManager: Shutting down and abandoning module FacialAnimationEditor (274)
[2019.03.17-17.49.49:610][880]LogModuleManager: Shutting down and abandoning module FacialAnimation (272)
[2019.03.17-17.49.49:610][880]LogModuleManager: Shutting down and abandoning module DataValidation (270)
[2019.03.17-17.49.49:610][880]LogModuleManager: Shutting down and abandoning module AssetManagerEditor (268)
[2019.03.17-17.49.49:628][880]LogModuleManager: Shutting down and abandoning module LevelEditor (267)
[2019.03.17-17.49.49:632][880]LogModuleManager: Shutting down and abandoning module PixelInspectorModule (266)
[2019.03.17-17.49.49:663][880]LogModuleManager: Shutting down and abandoning module CommonMenuExtensions (264)
[2019.03.17-17.49.49:663][880]LogModuleManager: Shutting down and abandoning module MainFrame (262)
[2019.03.17-17.49.49:663][880]LogModuleManager: Shutting down and abandoning module HotReload (261)
[2019.03.17-17.49.49:674][880]LogModuleManager: Shutting down and abandoning module ContentBrowser (257)
[2019.03.17-17.49.49:674][880]LogModuleManager: Shutting down and abandoning module TreeMap (255)
[2019.03.17-17.49.49:685][880]LogModuleManager: Shutting down and abandoning module LightPropagationVolumeRuntime (252)
[2019.03.17-17.49.49:685][880]LogModuleManager: Shutting down and abandoning module AISupportModule (250)
[2019.03.17-17.49.49:685][880]LogModuleManager: Shutting down and abandoning module Paper2D (248)
[2019.03.17-17.49.49:699][880]LogModuleManager: Shutting down and abandoning module WindowsMoviePlayer (246)
[2019.03.17-17.49.49:710][880]LogModuleManager: Shutting down and abandoning module WebMMoviePlayer (244)
[2019.03.17-17.49.49:710][880]LogModuleManager: Shutting down and abandoning module WmfMedia (242)
[2019.03.17-17.49.49:721][880]LogModuleManager: Shutting down and abandoning module Media (241)
[2019.03.17-17.49.49:727][880]LogModuleManager: Shutting down and abandoning module PacketHandler (238)
[2019.03.17-17.49.49:728][880]LogModuleManager: Shutting down and abandoning module ClothingSystemEditor (236)
[2019.03.17-17.49.49:728][880]LogModuleManager: Shutting down and abandoning module ClothingSystemRuntime (234)
[2019.03.17-17.49.49:742][880]LogModuleManager: Shutting down and abandoning module MediaAssets (232)
[2019.03.17-17.49.49:742][880]LogModuleManager: Shutting down and abandoning module Overlay (230)
[2019.03.17-17.49.49:742][880]LogModuleManager: Shutting down and abandoning module OverlayEditor (229)
[2019.03.17-17.49.49:742][880]LogModuleManager: Shutting down and abandoning module VREditor (226)
[2019.03.17-17.49.49:761][880]LogModuleManager: Shutting down and abandoning module StringTableEditor (224)
[2019.03.17-17.49.49:783][880]LogModuleManager: Shutting down and abandoning module GameplayTasksEditor (222)
[2019.03.17-17.49.49:783][880]LogModuleManager: Shutting down and abandoning module BehaviorTreeEditor (220)
[2019.03.17-17.49.49:815][880]LogModuleManager: Shutting down and abandoning module FunctionalTesting (218)
[2019.03.17-17.49.49:826][880]LogModuleManager: Shutting down and abandoning module CollisionAnalyzer (216)
[2019.03.17-17.49.49:836][880]LogModuleManager: Shutting down and abandoning module WorkspaceMenuStructure (215)
[2019.03.17-17.49.49:836][880]LogModuleManager: Shutting down and abandoning module UMG (212)
[2019.03.17-17.49.49:846][880]LogModuleManager: Shutting down and abandoning module UMGEditor (211)
[2019.03.17-17.49.49:864][880]LogModuleManager: Shutting down and abandoning module Sequencer (210)
[2019.03.17-17.49.49:949][880]LogModuleManager: Shutting down and abandoning module MessageLog (207)
[2019.03.17-17.49.49:949][880]LogModuleManager: Shutting down and abandoning module SlateReflector (202)
[2019.03.17-17.49.49:991][880]LogModuleManager: Shutting down and abandoning module Slate (200)
[2019.03.17-17.49.49:991][880]LogModuleManager: Shutting down and abandoning module EditorStyle (198)
[2019.03.17-17.49.49:993][880]LogModuleManager: Shutting down and abandoning module MRMesh (196)
[2019.03.17-17.49.50:007][880]LogModuleManager: Shutting down and abandoning module SourceCodeAccess (194)
[2019.03.17-17.49.50:007][880]LogModuleManager: Shutting down and abandoning module HeadMountedDisplay (192)
[2019.03.17-17.49.50:007][880]LogModuleManager: Shutting down and abandoning module XAudio2 (190)
[2019.03.17-17.49.50:007][880]LogModuleManager: Shutting down and abandoning module Networking (188)
[2019.03.17-17.49.50:007][880]LogModuleManager: Shutting down and abandoning module Core (186)
[2019.03.17-17.49.50:007][880]LogModuleManager: Shutting down and abandoning module LevelSequence (184)
[2019.03.17-17.49.50:007][880]LogModuleManager: Shutting down and abandoning module KismetCompiler (182)
[2019.03.17-17.49.50:007][880]LogModuleManager: Shutting down and abandoning module MeshUtilities (180)
[2019.03.17-17.49.50:029][880]LogModuleManager: Shutting down and abandoning module MeshMergeUtilities (179)
[2019.03.17-17.49.50:043][880]LogModuleManager: Shutting down and abandoning module MeshReductionInterface (178)
[2019.03.17-17.49.50:043][880]LogModuleManager: Shutting down and abandoning module SimplygonSwarm (177)
[2019.03.17-17.49.50:067][880]LogModuleManager: Shutting down and abandoning module ProxyLODMeshReduction (175)
[2019.03.17-17.49.50:110][880]LogModuleManager: Shutting down and abandoning module SimplygonMeshReduction (173)
[2019.03.17-17.49.50:110][880]LogModuleManager: Shutting down and abandoning module QuadricMeshReduction (171)
[2019.03.17-17.49.50:114][880]LogModuleManager: Shutting down and abandoning module MaterialBaking (167)
[2019.03.17-17.49.50:138][880]LogModuleManager: Shutting down and abandoning module DirectoryWatcher (163)
[2019.03.17-17.49.50:138][880]LogModuleManager: Shutting down and abandoning module DerivedDataCache (160)
[2019.03.17-17.49.50:232][880]LogDerivedDataCache: Shutdown
[2019.03.17-17.49.50:232][880]LogModuleManager: Shutting down and abandoning module XGEController (158)
[2019.03.17-17.49.50:245][880]LogModuleManager: Shutting down and abandoning module TargetPlatform (156)
[2019.03.17-17.49.50:245][880]LogModuleManager: Shutting down and abandoning module VulkanShaderFormat (155)
[2019.03.17-17.49.50:254][880]LogModuleManager: Shutting down and abandoning module ShaderFormatVectorVM (153)
[2019.03.17-17.49.50:262][880]LogModuleManager: Shutting down and abandoning module ShaderFormatOpenGL (151)
[2019.03.17-17.49.50:272][880]LogModuleManager: Shutting down and abandoning module ShaderFormatD3D (149)
[2019.03.17-17.49.50:272][880]LogModuleManager: Shutting down and abandoning module MetalShaderFormat (147)
[2019.03.17-17.49.50:292][880]LogModuleManager: Shutting down and abandoning module TextureFormatUncompressed (145)
[2019.03.17-17.49.50:292][880]LogModuleManager: Shutting down and abandoning module TextureFormatPVR (143)
[2019.03.17-17.49.50:292][880]LogModuleManager: Shutting down and abandoning module TextureFormatDXT (141)
[2019.03.17-17.49.50:307][880]LogModuleManager: Shutting down and abandoning module TextureFormatIntelISPCTexComp (139)
[2019.03.17-17.49.50:318][880]LogModuleManager: Shutting down and abandoning module TextureFormatASTC (137)
[2019.03.17-17.49.50:319][880]LogModuleManager: Shutting down and abandoning module ImageWrapper (136)
[2019.03.17-17.49.50:319][880]LogModuleManager: Shutting down and abandoning module TextureFormatAndroid (133)
[2019.03.17-17.49.50:319][880]LogModuleManager: Shutting down and abandoning module AudioFormatOpus (131)
[2019.03.17-17.49.50:319][880]LogModuleManager: Shutting down and abandoning module AudioFormatOgg (129)
[2019.03.17-17.49.50:319][880]LogModuleManager: Shutting down and abandoning module AudioFormatADPCM (127)
[2019.03.17-17.49.50:319][880]LogModuleManager: Shutting down and abandoning module LuminTargetPlatform (125)
[2019.03.17-17.49.50:328][880]LogModuleManager: Shutting down and abandoning module LinuxTargetPlatform (123)
[2019.03.17-17.49.50:328][880]LogModuleManager: Shutting down and abandoning module LinuxServerTargetPlatform (121)
[2019.03.17-17.49.50:328][880]LogModuleManager: Shutting down and abandoning module LinuxNoEditorTargetPlatform (119)
[2019.03.17-17.49.50:328][880]LogModuleManager: Shutting down and abandoning module LinuxClientTargetPlatform (117)
[2019.03.17-17.49.50:328][880]LogModuleManager: Shutting down and abandoning module TVOSTargetPlatform (115)
[2019.03.17-17.49.50:330][880]LogModuleManager: Shutting down and abandoning module Messaging (113)
[2019.03.17-17.49.50:330][880]LogModuleManager: Shutting down and abandoning module IOSTargetPlatform (111)
[2019.03.17-17.49.50:331][880]LogModuleManager: Shutting down and abandoning module HTML5TargetPlatform (109)
[2019.03.17-17.49.50:331][880]LogModuleManager: Shutting down and abandoning module AndroidTargetPlatform (107)
[2019.03.17-17.49.50:336][880]LogModuleManager: Shutting down and abandoning module WindowsTargetPlatform (105)
[2019.03.17-17.49.50:336][880]LogModuleManager: Shutting down and abandoning module WindowsServerTargetPlatform (103)
[2019.03.17-17.49.50:336][880]LogModuleManager: Shutting down and abandoning module WindowsNoEditorTargetPlatform (101)
[2019.03.17-17.49.50:336][880]LogModuleManager: Shutting down and abandoning module WindowsClientTargetPlatform (99)
[2019.03.17-17.49.50:336][880]LogModuleManager: Shutting down and abandoning module MacTargetPlatform (97)
[2019.03.17-17.49.50:336][880]LogModuleManager: Shutting down and abandoning module MacServerTargetPlatform (95)
[2019.03.17-17.49.50:336][880]LogModuleManager: Shutting down and abandoning module MacNoEditorTargetPlatform (93)
[2019.03.17-17.49.50:336][880]LogModuleManager: Shutting down and abandoning module MacClientTargetPlatform (91)
[2019.03.17-17.49.50:336][880]LogModuleManager: Shutting down and abandoning module AllDesktopTargetPlatform (89)
[2019.03.17-17.49.50:336][880]LogModuleManager: Shutting down and abandoning module InputCore (86)
[2019.03.17-17.49.50:336][880]LogModuleManager: Shutting down and abandoning module Settings (84)
[2019.03.17-17.49.50:336][880]LogModuleManager: Shutting down and abandoning module PhysXCooking (82)
[2019.03.17-17.49.50:336][880]LogModuleManager: Shutting down and abandoning module SteamVR (80)
[2019.03.17-17.49.50:346][880]LogHMD: Freeing OpenVRDLLHandle.
[2019.03.17-17.49.50:346][880]LogModuleManager: Shutting down and abandoning module OculusHMD (78)
[2019.03.17-17.49.50:352][880]LogModuleManager: Shutting down and abandoning module ExampleDeviceProfileSelector (76)
[2019.03.17-17.49.50:352][880]LogModuleManager: Shutting down and abandoning module LauncherChunkInstaller (74)
[2019.03.17-17.49.50:352][880]LogModuleManager: Shutting down and abandoning module OnlineBlueprintSupport (72)
[2019.03.17-17.49.50:352][880]LogModuleManager: Shutting down and abandoning module OnlineSubsystem (68)
[2019.03.17-17.49.50:408][880]LogModuleManager: Shutting down and abandoning module XMPP (63)
[2019.03.17-17.49.50:429][880]LogModuleManager: Shutting down and abandoning module WebSockets (62)
[2019.03.17-17.49.50:497][880]LogModuleManager: Shutting down and abandoning module HTTP (59)
[2019.03.17-17.49.50:497][880]LogHttp: Display: Http module shutting down, but needs to wait on 1 outstanding Http requests:
[2019.03.17-17.49.50:497][880]LogHttp: Display: 	verb=[POST] url=[https://datarouter.ol.epicgames.com/datarouter/api/v1/public/data?SessionID=%7B155D2D08-41C2-41A1-346E-0DB608A3BF4C%7D&AppID=UEEditor.Rocket.Release&AppVersion=4.21.2-4753647%2B%2B%2BUE4%2BRelease-4.21&UserID=ef1351464ecd6da1ec8cad9f92cf0fc4%7C29239fdcda3245059010fcf3993924f0%7Cfffb1d74-d26c-4892-9d78-db39a79cbb39&AppEnvironment=datacollector-binary&UploadType=eteventstream] status=Processing
[2019.03.17-17.49.50:526][880]LogModuleManager: Shutting down and abandoning module SSL (58)
[2019.03.17-17.49.50:529][880]LogModuleManager: Shutting down and abandoning module MagicLeapIdentity (54)
[2019.03.17-17.49.50:529][880]LogModuleManager: Shutting down and abandoning module MagicLeapHelperVulkan (52)
[2019.03.17-17.49.50:529][880]LogModuleManager: Shutting down and abandoning module MagicLeapHelperOpenGL (50)
[2019.03.17-17.49.50:529][880]LogModuleManager: Shutting down and abandoning module MagicLeapSecureStorage (48)
[2019.03.17-17.49.50:529][880]LogModuleManager: Shutting down and abandoning module MagicLeapHandTracking (46)
[2019.03.17-17.49.50:529][880]LogModuleManager: Shutting down and abandoning module MagicLeapEyeTracker (44)
[2019.03.17-17.49.50:529][880]LogModuleManager: Shutting down and abandoning module MagicLeapController (42)
[2019.03.17-17.49.50:529][880]LogSlate: Slate User Destroyed.  User Index 0, Is Virtual User: 0
[2019.03.17-17.49.50:530][880]LogModuleManager: Shutting down and abandoning module MagicLeap (40)
[2019.03.17-17.49.50:572][880]LogModuleManager: Shutting down and abandoning module DatasmithContent (38)
[2019.03.17-17.49.50:573][880]LogModuleManager: Shutting down and abandoning module AnimationModifiers (36)
[2019.03.17-17.49.50:598][880]LogModuleManager: Shutting down and abandoning module PropertyEditor (35)
[2019.03.17-17.49.50:599][880]LogModuleManager: Shutting down and abandoning module AudioEditor (32)
[2019.03.17-17.49.50:651][880]LogModuleManager: Shutting down and abandoning module TextureCompressor (30)
[2019.03.17-17.49.50:671][880]LogModuleManager: Shutting down and abandoning module ShaderCore (28)
[2019.03.17-17.49.50:671][880]LogModuleManager: Shutting down and abandoning module Landscape (26)
[2019.03.17-17.49.50:671][880]LogModuleManager: Shutting down and abandoning module SlateRHIRenderer (24)
[2019.03.17-17.49.50:720][880]LogModuleManager: Shutting down and abandoning module OpenGLDrv (22)
[2019.03.17-17.49.50:739][880]LogModuleManager: Shutting down and abandoning module D3D11RHI (20)
[2019.03.17-17.49.50:739][880]LogModuleManager: Shutting down and abandoning module AnimGraphRuntime (18)
[2019.03.17-17.49.50:752][880]LogModuleManager: Shutting down and abandoning module Renderer (16)
[2019.03.17-17.49.50:752][880]LogModuleManager: Shutting down and abandoning module Engine (14)
[2019.03.17-17.49.50:752][880]LogModuleManager: Shutting down and abandoning module CoreUObject (12)
[2019.03.17-17.49.50:752][880]LogModuleManager: Shutting down and abandoning module NetworkFile (10)
[2019.03.17-17.49.50:777][880]LogModuleManager: Shutting down and abandoning module CookedIterativeFile (8)
[2019.03.17-17.49.50:778][880]LogModuleManager: Shutting down and abandoning module StreamingFile (6)
[2019.03.17-17.49.50:791][880]LogModuleManager: Shutting down and abandoning module SandboxFile (4)
[2019.03.17-17.49.50:791][880]LogModuleManager: Shutting down and abandoning module PakFile (2)
[2019.03.17-17.49.50:838][880]LogExit: Exiting.
[2019.03.17-17.49.50:841][880]Log file closed, 03/17/19 13:49:50
